[0.051s] Invoking command in '/home/tayya/four_wheel_ws/build/robot_bringup': CMAKE_PREFIX_PATH=${CMAKE_PREFIX_PATH}:/opt/ros/humble /usr/bin/cmake --build /home/tayya/four_wheel_ws/build/robot_bringup -- -j8 -l8
[0.184s] Invoked command in '/home/tayya/four_wheel_ws/build/robot_bringup' returned '0': CMAKE_PREFIX_PATH=${CMAKE_PREFIX_PATH}:/opt/ros/humble /usr/bin/cmake --build /home/tayya/four_wheel_ws/build/robot_bringup -- -j8 -l8
[0.190s] Invoking command in '/home/tayya/four_wheel_ws/build/robot_bringup': CMAKE_PREFIX_PATH=${CMAKE_PREFIX_PATH}:/opt/ros/humble /usr/bin/cmake --install /home/tayya/four_wheel_ws/build/robot_bringup
[0.211s] -- Install configuration: ""
[0.213s] -- Up-to-date: /home/tayya/four_wheel_ws/install/robot_bringup/share/robot_bringup//launch
[0.214s] -- Up-to-date: /home/tayya/four_wheel_ws/install/robot_bringup/share/robot_bringup//launch/robot_gazebo.launch.py
[0.214s] -- Installing: /home/tayya/four_wheel_ws/install/robot_bringup/share/robot_bringup//launch/robot_joy_control.launch.py
[0.215s] -- Up-to-date: /home/tayya/four_wheel_ws/install/robot_bringup/share/robot_bringup//launch/joy_tr.launch.py
[0.216s] -- Up-to-date: /home/tayya/four_wheel_ws/install/robot_bringup/share/robot_bringup//rviz
[0.216s] -- Up-to-date: /home/tayya/four_wheel_ws/install/robot_bringup/share/robot_bringup//rviz/gzb_rviiz.rviz
[0.217s] -- Up-to-date: /home/tayya/four_wheel_ws/install/robot_bringup/share/robot_bringup//world
[0.217s] -- Up-to-date: /home/tayya/four_wheel_ws/install/robot_bringup/share/robot_bringup//world/world_farm.world
[0.217s] -- Up-to-date: /home/tayya/four_wheel_ws/install/robot_bringup/share/robot_bringup//map
[0.218s] -- Up-to-date: /home/tayya/four_wheel_ws/install/robot_bringup/share/robot_bringup//map/farm_map.pgm
[0.218s] -- Up-to-date: /home/tayya/four_wheel_ws/install/robot_bringup/share/robot_bringup//map/farm_map.yaml
[0.218s] -- Up-to-date: /home/tayya/four_wheel_ws/install/robot_bringup/share/ament_index/resource_index/package_run_dependencies/robot_bringup
[0.219s] -- Up-to-date: /home/tayya/four_wheel_ws/install/robot_bringup/share/ament_index/resource_index/parent_prefix_path/robot_bringup
[0.220s] -- Up-to-date: /home/tayya/four_wheel_ws/install/robot_bringup/share/robot_bringup/environment/ament_prefix_path.sh
[0.220s] -- Up-to-date: /home/tayya/four_wheel_ws/install/robot_bringup/share/robot_bringup/environment/ament_prefix_path.dsv
[0.221s] -- Up-to-date: /home/tayya/four_wheel_ws/install/robot_bringup/share/robot_bringup/environment/path.sh
[0.221s] -- Up-to-date: /home/tayya/four_wheel_ws/install/robot_bringup/share/robot_bringup/environment/path.dsv
[0.223s] -- Up-to-date: /home/tayya/four_wheel_ws/install/robot_bringup/share/robot_bringup/local_setup.bash
[0.223s] -- Up-to-date: /home/tayya/four_wheel_ws/install/robot_bringup/share/robot_bringup/local_setup.sh
[0.224s] -- Up-to-date: /home/tayya/four_wheel_ws/install/robot_bringup/share/robot_bringup/local_setup.zsh
[0.224s] -- Up-to-date: /home/tayya/four_wheel_ws/install/robot_bringup/share/robot_bringup/local_setup.dsv
[0.224s] -- Installing: /home/tayya/four_wheel_ws/install/robot_bringup/share/robot_bringup/package.dsv
[0.226s] -- Up-to-date: /home/tayya/four_wheel_ws/install/robot_bringup/share/ament_index/resource_index/packages/robot_bringup
[0.227s] -- Up-to-date: /home/tayya/four_wheel_ws/install/robot_bringup/share/robot_bringup/cmake/robot_bringupConfig.cmake
[0.227s] -- Up-to-date: /home/tayya/four_wheel_ws/install/robot_bringup/share/robot_bringup/cmake/robot_bringupConfig-version.cmake
[0.227s] -- Up-to-date: /home/tayya/four_wheel_ws/install/robot_bringup/share/robot_bringup/package.xml
[0.282s] Invoked command in '/home/tayya/four_wheel_ws/build/robot_bringup' returned '0': CMAKE_PREFIX_PATH=${CMAKE_PREFIX_PATH}:/opt/ros/humble /usr/bin/cmake --install /home/tayya/four_wheel_ws/build/robot_bringup
