[0.026s] Invoking command in '/home/tayya/four_wheel_ws/build/four_wheel_vehicle': CMAKE_PREFIX_PATH=${CMAKE_PREFIX_PATH}:/opt/ros/humble /usr/bin/cmake --build /home/tayya/four_wheel_ws/build/four_wheel_vehicle -- -j8 -l8
[0.069s] -- Found ament_cmake: 1.3.11 (/opt/ros/humble/share/ament_cmake/cmake)
[0.492s] -- Configuring done
[0.497s] -- Generating done
[0.501s] -- Build files have been written to: /home/tayya/four_wheel_ws/build/four_wheel_vehicle
[0.544s] Invoked command in '/home/tayya/four_wheel_ws/build/four_wheel_vehicle' returned '0': CMAKE_PREFIX_PATH=${CMAKE_PREFIX_PATH}:/opt/ros/humble /usr/bin/cmake --build /home/tayya/four_wheel_ws/build/four_wheel_vehicle -- -j8 -l8
[0.566s] Invoking command in '/home/tayya/four_wheel_ws/build/four_wheel_vehicle': CMAKE_PREFIX_PATH=${CMAKE_PREFIX_PATH}:/opt/ros/humble /usr/bin/cmake --install /home/tayya/four_wheel_ws/build/four_wheel_vehicle
[0.581s] -- Install configuration: ""
[0.581s] -- Installing: /home/tayya/four_wheel_ws/install/four_wheel_vehicle/share/four_wheel_vehicle//urdf
[0.581s] -- Installing: /home/tayya/four_wheel_ws/install/four_wheel_vehicle/share/four_wheel_vehicle//urdf/base.xacro
[0.582s] -- Installing: /home/tayya/four_wheel_ws/install/four_wheel_vehicle/share/four_wheel_vehicle//urdf/vehicle.urdf.xacro
[0.582s] -- Installing: /home/tayya/four_wheel_ws/install/four_wheel_vehicle/share/four_wheel_vehicle//urdf/common_properties.xacro
[0.583s] -- Installing: /home/tayya/four_wheel_ws/install/four_wheel_vehicle/share/four_wheel_vehicle//launch
[0.583s] -- Installing: /home/tayya/four_wheel_ws/install/four_wheel_vehicle/share/four_wheel_vehicle//launch/display_vehicle.py
[0.584s] -- Up-to-date: /home/tayya/four_wheel_ws/install/four_wheel_vehicle/share/ament_index/resource_index/package_run_dependencies/four_wheel_vehicle
[0.584s] -- Up-to-date: /home/tayya/four_wheel_ws/install/four_wheel_vehicle/share/ament_index/resource_index/parent_prefix_path/four_wheel_vehicle
[0.584s] -- Up-to-date: /home/tayya/four_wheel_ws/install/four_wheel_vehicle/share/four_wheel_vehicle/environment/ament_prefix_path.sh
[0.585s] -- Installing: /home/tayya/four_wheel_ws/install/four_wheel_vehicle/share/four_wheel_vehicle/environment/ament_prefix_path.dsv
[0.585s] -- Up-to-date: /home/tayya/four_wheel_ws/install/four_wheel_vehicle/share/four_wheel_vehicle/environment/path.sh
[0.585s] -- Installing: /home/tayya/four_wheel_ws/install/four_wheel_vehicle/share/four_wheel_vehicle/environment/path.dsv
[0.586s] -- Up-to-date: /home/tayya/four_wheel_ws/install/four_wheel_vehicle/share/four_wheel_vehicle/local_setup.bash
[0.586s] -- Up-to-date: /home/tayya/four_wheel_ws/install/four_wheel_vehicle/share/four_wheel_vehicle/local_setup.sh
[0.586s] -- Up-to-date: /home/tayya/four_wheel_ws/install/four_wheel_vehicle/share/four_wheel_vehicle/local_setup.zsh
[0.587s] -- Installing: /home/tayya/four_wheel_ws/install/four_wheel_vehicle/share/four_wheel_vehicle/local_setup.dsv
[0.587s] -- Installing: /home/tayya/four_wheel_ws/install/four_wheel_vehicle/share/four_wheel_vehicle/package.dsv
[0.587s] -- Up-to-date: /home/tayya/four_wheel_ws/install/four_wheel_vehicle/share/ament_index/resource_index/packages/four_wheel_vehicle
[0.587s] -- Up-to-date: /home/tayya/four_wheel_ws/install/four_wheel_vehicle/share/four_wheel_vehicle/cmake/four_wheel_vehicleConfig.cmake
[0.588s] -- Up-to-date: /home/tayya/four_wheel_ws/install/four_wheel_vehicle/share/four_wheel_vehicle/cmake/four_wheel_vehicleConfig-version.cmake
[0.588s] -- Up-to-date: /home/tayya/four_wheel_ws/install/four_wheel_vehicle/share/four_wheel_vehicle/package.xml
[0.591s] Invoked command in '/home/tayya/four_wheel_ws/build/four_wheel_vehicle' returned '0': CMAKE_PREFIX_PATH=${CMAKE_PREFIX_PATH}:/opt/ros/humble /usr/bin/cmake --install /home/tayya/four_wheel_ws/build/four_wheel_vehicle
