[0.024s] Invoking command in '/home/tayya/four_wheel_ws/build/robot_bringup': CMAKE_PREFIX_PATH=${CMAKE_PREFIX_PATH}:/opt/ros/humble /usr/bin/cmake --build /home/tayya/four_wheel_ws/build/robot_bringup -- -j8 -l8
[0.041s] -- Found ament_cmake: 1.3.11 (/opt/ros/humble/share/ament_cmake/cmake)
[0.254s] -- Configuring done
[0.257s] -- Generating done
[0.258s] -- Build files have been written to: /home/tayya/four_wheel_ws/build/robot_bringup
[0.280s] Invoked command in '/home/tayya/four_wheel_ws/build/robot_bringup' returned '0': CMAKE_PREFIX_PATH=${CMAKE_PREFIX_PATH}:/opt/ros/humble /usr/bin/cmake --build /home/tayya/four_wheel_ws/build/robot_bringup -- -j8 -l8
[0.282s] Invoking command in '/home/tayya/four_wheel_ws/build/robot_bringup': CMAKE_PREFIX_PATH=${CMAKE_PREFIX_PATH}:/opt/ros/humble /usr/bin/cmake --install /home/tayya/four_wheel_ws/build/robot_bringup
[0.288s] -- Install configuration: ""
[0.288s] -- Up-to-date: /home/tayya/four_wheel_ws/install/robot_bringup/share/robot_bringup//launch
[0.288s] -- Up-to-date: /home/tayya/four_wheel_ws/install/robot_bringup/share/robot_bringup//launch/robot_gazebo.launch.py
[0.289s] -- Up-to-date: /home/tayya/four_wheel_ws/install/robot_bringup/share/robot_bringup//launch/robot_joy_control.launch.py
[0.289s] -- Up-to-date: /home/tayya/four_wheel_ws/install/robot_bringup/share/robot_bringup//launch/joy_tr.launch.py
[0.289s] -- Up-to-date: /home/tayya/four_wheel_ws/install/robot_bringup/share/robot_bringup//rviz
[0.289s] -- Up-to-date: /home/tayya/four_wheel_ws/install/robot_bringup/share/robot_bringup//rviz/gzb_rviiz.rviz
[0.289s] -- Up-to-date: /home/tayya/four_wheel_ws/install/robot_bringup/share/robot_bringup//world
[0.289s] -- Up-to-date: /home/tayya/four_wheel_ws/install/robot_bringup/share/robot_bringup//world/world_farm.world
[0.289s] -- Up-to-date: /home/tayya/four_wheel_ws/install/robot_bringup/share/ament_index/resource_index/package_run_dependencies/robot_bringup
[0.289s] -- Up-to-date: /home/tayya/four_wheel_ws/install/robot_bringup/share/ament_index/resource_index/parent_prefix_path/robot_bringup
[0.290s] -- Up-to-date: /home/tayya/four_wheel_ws/install/robot_bringup/share/robot_bringup/environment/ament_prefix_path.sh
[0.290s] -- Installing: /home/tayya/four_wheel_ws/install/robot_bringup/share/robot_bringup/environment/ament_prefix_path.dsv
[0.290s] -- Up-to-date: /home/tayya/four_wheel_ws/install/robot_bringup/share/robot_bringup/environment/path.sh
[0.290s] -- Installing: /home/tayya/four_wheel_ws/install/robot_bringup/share/robot_bringup/environment/path.dsv
[0.290s] -- Up-to-date: /home/tayya/four_wheel_ws/install/robot_bringup/share/robot_bringup/local_setup.bash
[0.290s] -- Up-to-date: /home/tayya/four_wheel_ws/install/robot_bringup/share/robot_bringup/local_setup.sh
[0.290s] -- Up-to-date: /home/tayya/four_wheel_ws/install/robot_bringup/share/robot_bringup/local_setup.zsh
[0.290s] -- Installing: /home/tayya/four_wheel_ws/install/robot_bringup/share/robot_bringup/local_setup.dsv
[0.290s] -- Installing: /home/tayya/four_wheel_ws/install/robot_bringup/share/robot_bringup/package.dsv
[0.290s] -- Up-to-date: /home/tayya/four_wheel_ws/install/robot_bringup/share/ament_index/resource_index/packages/robot_bringup
[0.291s] -- Up-to-date: /home/tayya/four_wheel_ws/install/robot_bringup/share/robot_bringup/cmake/robot_bringupConfig.cmake
[0.291s] -- Up-to-date: /home/tayya/four_wheel_ws/install/robot_bringup/share/robot_bringup/cmake/robot_bringupConfig-version.cmake
[0.291s] -- Up-to-date: /home/tayya/four_wheel_ws/install/robot_bringup/share/robot_bringup/package.xml
[0.293s] Invoked command in '/home/tayya/four_wheel_ws/build/robot_bringup' returned '0': CMAKE_PREFIX_PATH=${CMAKE_PREFIX_PATH}:/opt/ros/humble /usr/bin/cmake --install /home/tayya/four_wheel_ws/build/robot_bringup
