running egg_info
creating ../build/zinger_swerve_controller/zinger_swerve_controller.egg-info
writing ../build/zinger_swerve_controller/zinger_swerve_controller.egg-info/PKG-INFO
writing dependency_links to ../build/zinger_swerve_controller/zinger_swerve_controller.egg-info/dependency_links.txt
writing entry points to ../build/zinger_swerve_controller/zinger_swerve_controller.egg-info/entry_points.txt
writing requirements to ../build/zinger_swerve_controller/zinger_swerve_controller.egg-info/requires.txt
writing top-level names to ../build/zinger_swerve_controller/zinger_swerve_controller.egg-info/top_level.txt
writing manifest file '../build/zinger_swerve_controller/zinger_swerve_controller.egg-info/SOURCES.txt'
reading manifest file '../build/zinger_swerve_controller/zinger_swerve_controller.egg-info/SOURCES.txt'
adding license file 'LICENSE'
writing manifest file '../build/zinger_swerve_controller/zinger_swerve_controller.egg-info/SOURCES.txt'
running build
running build_py
creating /home/tayya/four_wheel_ws/build/zinger_swerve_controller/build
creating /home/tayya/four_wheel_ws/build/zinger_swerve_controller/build/lib
creating /home/tayya/four_wheel_ws/build/zinger_swerve_controller/build/lib/zinger_swerve_controller
copying zinger_swerve_controller/control_profile.py -> /home/tayya/four_wheel_ws/build/zinger_swerve_controller/build/lib/zinger_swerve_controller
copying zinger_swerve_controller/steering_controller.py -> /home/tayya/four_wheel_ws/build/zinger_swerve_controller/build/lib/zinger_swerve_controller
copying zinger_swerve_controller/states.py -> /home/tayya/four_wheel_ws/build/zinger_swerve_controller/build/lib/zinger_swerve_controller
copying zinger_swerve_controller/__init__.py -> /home/tayya/four_wheel_ws/build/zinger_swerve_controller/build/lib/zinger_swerve_controller
copying zinger_swerve_controller/control.py -> /home/tayya/four_wheel_ws/build/zinger_swerve_controller/build/lib/zinger_swerve_controller
copying zinger_swerve_controller/drive_module.py -> /home/tayya/four_wheel_ws/build/zinger_swerve_controller/build/lib/zinger_swerve_controller
copying zinger_swerve_controller/profile.py -> /home/tayya/four_wheel_ws/build/zinger_swerve_controller/build/lib/zinger_swerve_controller
copying zinger_swerve_controller/swerve_controller.py -> /home/tayya/four_wheel_ws/build/zinger_swerve_controller/build/lib/zinger_swerve_controller
copying zinger_swerve_controller/geometry.py -> /home/tayya/four_wheel_ws/build/zinger_swerve_controller/build/lib/zinger_swerve_controller
copying zinger_swerve_controller/errors.py -> /home/tayya/four_wheel_ws/build/zinger_swerve_controller/build/lib/zinger_swerve_controller
copying zinger_swerve_controller/control_model.py -> /home/tayya/four_wheel_ws/build/zinger_swerve_controller/build/lib/zinger_swerve_controller
running install
running install_lib
creating /home/tayya/four_wheel_ws/install/zinger_swerve_controller/lib/python3.10/site-packages/zinger_swerve_controller
copying /home/tayya/four_wheel_ws/build/zinger_swerve_controller/build/lib/zinger_swerve_controller/control_profile.py -> /home/tayya/four_wheel_ws/install/zinger_swerve_controller/lib/python3.10/site-packages/zinger_swerve_controller
copying /home/tayya/four_wheel_ws/build/zinger_swerve_controller/build/lib/zinger_swerve_controller/steering_controller.py -> /home/tayya/four_wheel_ws/install/zinger_swerve_controller/lib/python3.10/site-packages/zinger_swerve_controller
copying /home/tayya/four_wheel_ws/build/zinger_swerve_controller/build/lib/zinger_swerve_controller/states.py -> /home/tayya/four_wheel_ws/install/zinger_swerve_controller/lib/python3.10/site-packages/zinger_swerve_controller
copying /home/tayya/four_wheel_ws/build/zinger_swerve_controller/build/lib/zinger_swerve_controller/__init__.py -> /home/tayya/four_wheel_ws/install/zinger_swerve_controller/lib/python3.10/site-packages/zinger_swerve_controller
copying /home/tayya/four_wheel_ws/build/zinger_swerve_controller/build/lib/zinger_swerve_controller/control.py -> /home/tayya/four_wheel_ws/install/zinger_swerve_controller/lib/python3.10/site-packages/zinger_swerve_controller
copying /home/tayya/four_wheel_ws/build/zinger_swerve_controller/build/lib/zinger_swerve_controller/drive_module.py -> /home/tayya/four_wheel_ws/install/zinger_swerve_controller/lib/python3.10/site-packages/zinger_swerve_controller
copying /home/tayya/four_wheel_ws/build/zinger_swerve_controller/build/lib/zinger_swerve_controller/profile.py -> /home/tayya/four_wheel_ws/install/zinger_swerve_controller/lib/python3.10/site-packages/zinger_swerve_controller
copying /home/tayya/four_wheel_ws/build/zinger_swerve_controller/build/lib/zinger_swerve_controller/swerve_controller.py -> /home/tayya/four_wheel_ws/install/zinger_swerve_controller/lib/python3.10/site-packages/zinger_swerve_controller
copying /home/tayya/four_wheel_ws/build/zinger_swerve_controller/build/lib/zinger_swerve_controller/geometry.py -> /home/tayya/four_wheel_ws/install/zinger_swerve_controller/lib/python3.10/site-packages/zinger_swerve_controller
copying /home/tayya/four_wheel_ws/build/zinger_swerve_controller/build/lib/zinger_swerve_controller/errors.py -> /home/tayya/four_wheel_ws/install/zinger_swerve_controller/lib/python3.10/site-packages/zinger_swerve_controller
copying /home/tayya/four_wheel_ws/build/zinger_swerve_controller/build/lib/zinger_swerve_controller/control_model.py -> /home/tayya/four_wheel_ws/install/zinger_swerve_controller/lib/python3.10/site-packages/zinger_swerve_controller
byte-compiling /home/tayya/four_wheel_ws/install/zinger_swerve_controller/lib/python3.10/site-packages/zinger_swerve_controller/control_profile.py to control_profile.cpython-310.pyc
byte-compiling /home/tayya/four_wheel_ws/install/zinger_swerve_controller/lib/python3.10/site-packages/zinger_swerve_controller/steering_controller.py to steering_controller.cpython-310.pyc
byte-compiling /home/tayya/four_wheel_ws/install/zinger_swerve_controller/lib/python3.10/site-packages/zinger_swerve_controller/states.py to states.cpython-310.pyc
byte-compiling /home/tayya/four_wheel_ws/install/zinger_swerve_controller/lib/python3.10/site-packages/zinger_swerve_controller/__init__.py to __init__.cpython-310.pyc
byte-compiling /home/tayya/four_wheel_ws/install/zinger_swerve_controller/lib/python3.10/site-packages/zinger_swerve_controller/control.py to control.cpython-310.pyc
byte-compiling /home/tayya/four_wheel_ws/install/zinger_swerve_controller/lib/python3.10/site-packages/zinger_swerve_controller/drive_module.py to drive_module.cpython-310.pyc
byte-compiling /home/tayya/four_wheel_ws/install/zinger_swerve_controller/lib/python3.10/site-packages/zinger_swerve_controller/profile.py to profile.cpython-310.pyc
byte-compiling /home/tayya/four_wheel_ws/install/zinger_swerve_controller/lib/python3.10/site-packages/zinger_swerve_controller/swerve_controller.py to swerve_controller.cpython-310.pyc
byte-compiling /home/tayya/four_wheel_ws/install/zinger_swerve_controller/lib/python3.10/site-packages/zinger_swerve_controller/geometry.py to geometry.cpython-310.pyc
byte-compiling /home/tayya/four_wheel_ws/install/zinger_swerve_controller/lib/python3.10/site-packages/zinger_swerve_controller/errors.py to errors.cpython-310.pyc
byte-compiling /home/tayya/four_wheel_ws/install/zinger_swerve_controller/lib/python3.10/site-packages/zinger_swerve_controller/control_model.py to control_model.cpython-310.pyc
running install_data
creating /home/tayya/four_wheel_ws/install/zinger_swerve_controller/share/ament_index
creating /home/tayya/four_wheel_ws/install/zinger_swerve_controller/share/ament_index/resource_index
creating /home/tayya/four_wheel_ws/install/zinger_swerve_controller/share/ament_index/resource_index/packages
copying resource/zinger_swerve_controller -> /home/tayya/four_wheel_ws/install/zinger_swerve_controller/share/ament_index/resource_index/packages
copying package.xml -> /home/tayya/four_wheel_ws/install/zinger_swerve_controller/share/zinger_swerve_controller
creating /home/tayya/four_wheel_ws/install/zinger_swerve_controller/share/zinger_swerve_controller/launch
copying launch/swerve_controller.launch.py -> /home/tayya/four_wheel_ws/install/zinger_swerve_controller/share/zinger_swerve_controller/launch
creating /home/tayya/four_wheel_ws/install/zinger_swerve_controller/share/zinger_swerve_controller/config
copying config/swerve.yaml -> /home/tayya/four_wheel_ws/install/zinger_swerve_controller/share/zinger_swerve_controller/config
running install_egg_info
Copying ../build/zinger_swerve_controller/zinger_swerve_controller.egg-info to /home/tayya/four_wheel_ws/install/zinger_swerve_controller/lib/python3.10/site-packages/zinger_swerve_controller-0.1.0-py3.10.egg-info
running install_scripts
Installing swerve_controller script to /home/tayya/four_wheel_ws/install/zinger_swerve_controller/lib/zinger_swerve_controller
writing list of installed files to '/home/tayya/four_wheel_ws/build/zinger_swerve_controller/install.log'
