[0.665s] Invoking command in '/home/tayya/four_wheel_ws/zinger_swerve_controller': PYTHONPATH=/home/tayya/four_wheel_ws/build/zinger_swerve_controller/prefix_override:/usr/lib/python3/dist-packages/colcon_core/task/python/colcon_distutils_commands:/home/tayya/four_wheel_ws/install/zinger_swerve_controller/lib/python3.10/site-packages:${PYTHONPATH} /usr/bin/python3 -W ignore:setup.py install is deprecated -W ignore:easy_install command is deprecated setup.py egg_info --egg-base ../build/zinger_swerve_controller build --build-base /home/tayya/four_wheel_ws/build/zinger_swerve_controller/build install --record /home/tayya/four_wheel_ws/build/zinger_swerve_controller/install.log --single-version-externally-managed install_data
[0.879s] running egg_info
[0.880s] creating ../build/zinger_swerve_controller/zinger_swerve_controller.egg-info
[0.880s] writing ../build/zinger_swerve_controller/zinger_swerve_controller.egg-info/PKG-INFO
[0.880s] writing dependency_links to ../build/zinger_swerve_controller/zinger_swerve_controller.egg-info/dependency_links.txt
[0.880s] writing entry points to ../build/zinger_swerve_controller/zinger_swerve_controller.egg-info/entry_points.txt
[0.880s] writing requirements to ../build/zinger_swerve_controller/zinger_swerve_controller.egg-info/requires.txt
[0.880s] writing top-level names to ../build/zinger_swerve_controller/zinger_swerve_controller.egg-info/top_level.txt
[0.880s] writing manifest file '../build/zinger_swerve_controller/zinger_swerve_controller.egg-info/SOURCES.txt'
[0.882s] reading manifest file '../build/zinger_swerve_controller/zinger_swerve_controller.egg-info/SOURCES.txt'
[0.882s] adding license file 'LICENSE'
[0.882s] writing manifest file '../build/zinger_swerve_controller/zinger_swerve_controller.egg-info/SOURCES.txt'
[0.882s] running build
[0.883s] running build_py
[0.883s] creating /home/tayya/four_wheel_ws/build/zinger_swerve_controller/build
[0.883s] creating /home/tayya/four_wheel_ws/build/zinger_swerve_controller/build/lib
[0.883s] creating /home/tayya/four_wheel_ws/build/zinger_swerve_controller/build/lib/zinger_swerve_controller
[0.883s] copying zinger_swerve_controller/control_profile.py -> /home/tayya/four_wheel_ws/build/zinger_swerve_controller/build/lib/zinger_swerve_controller
[0.883s] copying zinger_swerve_controller/steering_controller.py -> /home/tayya/four_wheel_ws/build/zinger_swerve_controller/build/lib/zinger_swerve_controller
[0.883s] copying zinger_swerve_controller/states.py -> /home/tayya/four_wheel_ws/build/zinger_swerve_controller/build/lib/zinger_swerve_controller
[0.883s] copying zinger_swerve_controller/__init__.py -> /home/tayya/four_wheel_ws/build/zinger_swerve_controller/build/lib/zinger_swerve_controller
[0.883s] copying zinger_swerve_controller/control.py -> /home/tayya/four_wheel_ws/build/zinger_swerve_controller/build/lib/zinger_swerve_controller
[0.883s] copying zinger_swerve_controller/drive_module.py -> /home/tayya/four_wheel_ws/build/zinger_swerve_controller/build/lib/zinger_swerve_controller
[0.883s] copying zinger_swerve_controller/profile.py -> /home/tayya/four_wheel_ws/build/zinger_swerve_controller/build/lib/zinger_swerve_controller
[0.884s] copying zinger_swerve_controller/swerve_controller.py -> /home/tayya/four_wheel_ws/build/zinger_swerve_controller/build/lib/zinger_swerve_controller
[0.884s] copying zinger_swerve_controller/geometry.py -> /home/tayya/four_wheel_ws/build/zinger_swerve_controller/build/lib/zinger_swerve_controller
[0.884s] copying zinger_swerve_controller/errors.py -> /home/tayya/four_wheel_ws/build/zinger_swerve_controller/build/lib/zinger_swerve_controller
[0.884s] copying zinger_swerve_controller/control_model.py -> /home/tayya/four_wheel_ws/build/zinger_swerve_controller/build/lib/zinger_swerve_controller
[0.884s] running install
[0.885s] running install_lib
[0.886s] creating /home/tayya/four_wheel_ws/install/zinger_swerve_controller/lib/python3.10/site-packages/zinger_swerve_controller
[0.886s] copying /home/tayya/four_wheel_ws/build/zinger_swerve_controller/build/lib/zinger_swerve_controller/control_profile.py -> /home/tayya/four_wheel_ws/install/zinger_swerve_controller/lib/python3.10/site-packages/zinger_swerve_controller
[0.886s] copying /home/tayya/four_wheel_ws/build/zinger_swerve_controller/build/lib/zinger_swerve_controller/steering_controller.py -> /home/tayya/four_wheel_ws/install/zinger_swerve_controller/lib/python3.10/site-packages/zinger_swerve_controller
[0.886s] copying /home/tayya/four_wheel_ws/build/zinger_swerve_controller/build/lib/zinger_swerve_controller/states.py -> /home/tayya/four_wheel_ws/install/zinger_swerve_controller/lib/python3.10/site-packages/zinger_swerve_controller
[0.886s] copying /home/tayya/four_wheel_ws/build/zinger_swerve_controller/build/lib/zinger_swerve_controller/__init__.py -> /home/tayya/four_wheel_ws/install/zinger_swerve_controller/lib/python3.10/site-packages/zinger_swerve_controller
[0.887s] copying /home/tayya/four_wheel_ws/build/zinger_swerve_controller/build/lib/zinger_swerve_controller/control.py -> /home/tayya/four_wheel_ws/install/zinger_swerve_controller/lib/python3.10/site-packages/zinger_swerve_controller
[0.887s] copying /home/tayya/four_wheel_ws/build/zinger_swerve_controller/build/lib/zinger_swerve_controller/drive_module.py -> /home/tayya/four_wheel_ws/install/zinger_swerve_controller/lib/python3.10/site-packages/zinger_swerve_controller
[0.887s] copying /home/tayya/four_wheel_ws/build/zinger_swerve_controller/build/lib/zinger_swerve_controller/profile.py -> /home/tayya/four_wheel_ws/install/zinger_swerve_controller/lib/python3.10/site-packages/zinger_swerve_controller
[0.887s] copying /home/tayya/four_wheel_ws/build/zinger_swerve_controller/build/lib/zinger_swerve_controller/swerve_controller.py -> /home/tayya/four_wheel_ws/install/zinger_swerve_controller/lib/python3.10/site-packages/zinger_swerve_controller
[0.887s] copying /home/tayya/four_wheel_ws/build/zinger_swerve_controller/build/lib/zinger_swerve_controller/geometry.py -> /home/tayya/four_wheel_ws/install/zinger_swerve_controller/lib/python3.10/site-packages/zinger_swerve_controller
[0.887s] copying /home/tayya/four_wheel_ws/build/zinger_swerve_controller/build/lib/zinger_swerve_controller/errors.py -> /home/tayya/four_wheel_ws/install/zinger_swerve_controller/lib/python3.10/site-packages/zinger_swerve_controller
[0.887s] copying /home/tayya/four_wheel_ws/build/zinger_swerve_controller/build/lib/zinger_swerve_controller/control_model.py -> /home/tayya/four_wheel_ws/install/zinger_swerve_controller/lib/python3.10/site-packages/zinger_swerve_controller
[0.887s] byte-compiling /home/tayya/four_wheel_ws/install/zinger_swerve_controller/lib/python3.10/site-packages/zinger_swerve_controller/control_profile.py to control_profile.cpython-310.pyc
[0.888s] byte-compiling /home/tayya/four_wheel_ws/install/zinger_swerve_controller/lib/python3.10/site-packages/zinger_swerve_controller/steering_controller.py to steering_controller.cpython-310.pyc
[0.890s] byte-compiling /home/tayya/four_wheel_ws/install/zinger_swerve_controller/lib/python3.10/site-packages/zinger_swerve_controller/states.py to states.cpython-310.pyc
[0.890s] byte-compiling /home/tayya/four_wheel_ws/install/zinger_swerve_controller/lib/python3.10/site-packages/zinger_swerve_controller/__init__.py to __init__.cpython-310.pyc
[0.891s] byte-compiling /home/tayya/four_wheel_ws/install/zinger_swerve_controller/lib/python3.10/site-packages/zinger_swerve_controller/control.py to control.cpython-310.pyc
[0.891s] byte-compiling /home/tayya/four_wheel_ws/install/zinger_swerve_controller/lib/python3.10/site-packages/zinger_swerve_controller/drive_module.py to drive_module.cpython-310.pyc
[0.891s] byte-compiling /home/tayya/four_wheel_ws/install/zinger_swerve_controller/lib/python3.10/site-packages/zinger_swerve_controller/profile.py to profile.cpython-310.pyc
[0.893s] byte-compiling /home/tayya/four_wheel_ws/install/zinger_swerve_controller/lib/python3.10/site-packages/zinger_swerve_controller/swerve_controller.py to swerve_controller.cpython-310.pyc
[0.895s] byte-compiling /home/tayya/four_wheel_ws/install/zinger_swerve_controller/lib/python3.10/site-packages/zinger_swerve_controller/geometry.py to geometry.cpython-310.pyc
[0.896s] byte-compiling /home/tayya/four_wheel_ws/install/zinger_swerve_controller/lib/python3.10/site-packages/zinger_swerve_controller/errors.py to errors.cpython-310.pyc
[0.896s] byte-compiling /home/tayya/four_wheel_ws/install/zinger_swerve_controller/lib/python3.10/site-packages/zinger_swerve_controller/control_model.py to control_model.cpython-310.pyc
[0.897s] running install_data
[0.897s] creating /home/tayya/four_wheel_ws/install/zinger_swerve_controller/share/ament_index
[0.897s] creating /home/tayya/four_wheel_ws/install/zinger_swerve_controller/share/ament_index/resource_index
[0.897s] creating /home/tayya/four_wheel_ws/install/zinger_swerve_controller/share/ament_index/resource_index/packages
[0.897s] copying resource/zinger_swerve_controller -> /home/tayya/four_wheel_ws/install/zinger_swerve_controller/share/ament_index/resource_index/packages
[0.897s] copying package.xml -> /home/tayya/four_wheel_ws/install/zinger_swerve_controller/share/zinger_swerve_controller
[0.898s] creating /home/tayya/four_wheel_ws/install/zinger_swerve_controller/share/zinger_swerve_controller/launch
[0.898s] copying launch/swerve_controller.launch.py -> /home/tayya/four_wheel_ws/install/zinger_swerve_controller/share/zinger_swerve_controller/launch
[0.898s] creating /home/tayya/four_wheel_ws/install/zinger_swerve_controller/share/zinger_swerve_controller/config
[0.898s] copying config/swerve.yaml -> /home/tayya/four_wheel_ws/install/zinger_swerve_controller/share/zinger_swerve_controller/config
[0.898s] running install_egg_info
[0.899s] Copying ../build/zinger_swerve_controller/zinger_swerve_controller.egg-info to /home/tayya/four_wheel_ws/install/zinger_swerve_controller/lib/python3.10/site-packages/zinger_swerve_controller-0.1.0-py3.10.egg-info
[0.900s] running install_scripts
[0.916s] Installing swerve_controller script to /home/tayya/four_wheel_ws/install/zinger_swerve_controller/lib/zinger_swerve_controller
[0.916s] writing list of installed files to '/home/tayya/four_wheel_ws/build/zinger_swerve_controller/install.log'
[0.939s] Invoked command in '/home/tayya/four_wheel_ws/zinger_swerve_controller' returned '0': PYTHONPATH=/home/tayya/four_wheel_ws/build/zinger_swerve_controller/prefix_override:/usr/lib/python3/dist-packages/colcon_core/task/python/colcon_distutils_commands:/home/tayya/four_wheel_ws/install/zinger_swerve_controller/lib/python3.10/site-packages:${PYTHONPATH} /usr/bin/python3 -W ignore:setup.py install is deprecated -W ignore:easy_install command is deprecated setup.py egg_info --egg-base ../build/zinger_swerve_controller build --build-base /home/tayya/four_wheel_ws/build/zinger_swerve_controller/build install --record /home/tayya/four_wheel_ws/build/zinger_swerve_controller/install.log --single-version-externally-managed install_data
