[0.077s] Invoking command in '/home/tayya/four_wheel_ws/build/four_wheel_vehicle': CMAKE_PREFIX_PATH=${CMAKE_PREFIX_PATH}:/opt/ros/humble /usr/bin/cmake --build /home/tayya/four_wheel_ws/build/four_wheel_vehicle -- -j8 -l8
[0.246s] Invoked command in '/home/tayya/four_wheel_ws/build/four_wheel_vehicle' returned '0': CMAKE_PREFIX_PATH=${CMAKE_PREFIX_PATH}:/opt/ros/humble /usr/bin/cmake --build /home/tayya/four_wheel_ws/build/four_wheel_vehicle -- -j8 -l8
[0.281s] Invoking command in '/home/tayya/four_wheel_ws/build/four_wheel_vehicle': CMAKE_PREFIX_PATH=${CMAKE_PREFIX_PATH}:/opt/ros/humble /usr/bin/cmake --install /home/tayya/four_wheel_ws/build/four_wheel_vehicle
[0.305s] -- Install configuration: ""
[0.307s] -- Up-to-date: /home/tayya/four_wheel_ws/install/four_wheel_vehicle/share/four_wheel_vehicle//urdf
[0.308s] -- Up-to-date: /home/tayya/four_wheel_ws/install/four_wheel_vehicle/share/four_wheel_vehicle//urdf/camera.xacro
[0.309s] -- Up-to-date: /home/tayya/four_wheel_ws/install/four_wheel_vehicle/share/four_wheel_vehicle//urdf/base.xacro
[0.309s] -- Up-to-date: /home/tayya/four_wheel_ws/install/four_wheel_vehicle/share/four_wheel_vehicle//urdf/vehicle.urdf.xacro
[0.309s] -- Installing: /home/tayya/four_wheel_ws/install/four_wheel_vehicle/share/four_wheel_vehicle//urdf/base_gazcbo.xacro
[0.310s] -- Up-to-date: /home/tayya/four_wheel_ws/install/four_wheel_vehicle/share/four_wheel_vehicle//urdf/common_properties.xacro
[0.310s] -- Up-to-date: /home/tayya/four_wheel_ws/install/four_wheel_vehicle/share/four_wheel_vehicle//launch
[0.310s] -- Up-to-date: /home/tayya/four_wheel_ws/install/four_wheel_vehicle/share/four_wheel_vehicle//launch/display_vehicle.launch.py
[0.311s] -- Up-to-date: /home/tayya/four_wheel_ws/install/four_wheel_vehicle/share/four_wheel_vehicle//rviz
[0.311s] -- Up-to-date: /home/tayya/four_wheel_ws/install/four_wheel_vehicle/share/four_wheel_vehicle//rviz/rviz_fwv.rviz
[0.312s] -- Up-to-date: /home/tayya/four_wheel_ws/install/four_wheel_vehicle/share/ament_index/resource_index/package_run_dependencies/four_wheel_vehicle
[0.312s] -- Up-to-date: /home/tayya/four_wheel_ws/install/four_wheel_vehicle/share/ament_index/resource_index/parent_prefix_path/four_wheel_vehicle
[0.312s] -- Up-to-date: /home/tayya/four_wheel_ws/install/four_wheel_vehicle/share/four_wheel_vehicle/environment/ament_prefix_path.sh
[0.312s] -- Up-to-date: /home/tayya/four_wheel_ws/install/four_wheel_vehicle/share/four_wheel_vehicle/environment/ament_prefix_path.dsv
[0.313s] -- Up-to-date: /home/tayya/four_wheel_ws/install/four_wheel_vehicle/share/four_wheel_vehicle/environment/path.sh
[0.313s] -- Up-to-date: /home/tayya/four_wheel_ws/install/four_wheel_vehicle/share/four_wheel_vehicle/environment/path.dsv
[0.313s] -- Up-to-date: /home/tayya/four_wheel_ws/install/four_wheel_vehicle/share/four_wheel_vehicle/local_setup.bash
[0.314s] -- Up-to-date: /home/tayya/four_wheel_ws/install/four_wheel_vehicle/share/four_wheel_vehicle/local_setup.sh
[0.314s] -- Up-to-date: /home/tayya/four_wheel_ws/install/four_wheel_vehicle/share/four_wheel_vehicle/local_setup.zsh
[0.315s] -- Up-to-date: /home/tayya/four_wheel_ws/install/four_wheel_vehicle/share/four_wheel_vehicle/local_setup.dsv
[0.320s] -- Installing: /home/tayya/four_wheel_ws/install/four_wheel_vehicle/share/four_wheel_vehicle/package.dsv
[0.320s] -- Up-to-date: /home/tayya/four_wheel_ws/install/four_wheel_vehicle/share/ament_index/resource_index/packages/four_wheel_vehicle
[0.320s] -- Up-to-date: /home/tayya/four_wheel_ws/install/four_wheel_vehicle/share/four_wheel_vehicle/cmake/four_wheel_vehicleConfig.cmake
[0.321s] -- Up-to-date: /home/tayya/four_wheel_ws/install/four_wheel_vehicle/share/four_wheel_vehicle/cmake/four_wheel_vehicleConfig-version.cmake
[0.321s] -- Up-to-date: /home/tayya/four_wheel_ws/install/four_wheel_vehicle/share/four_wheel_vehicle/package.xml
[0.331s] Invoked command in '/home/tayya/four_wheel_ws/build/four_wheel_vehicle' returned '0': CMAKE_PREFIX_PATH=${CMAKE_PREFIX_PATH}:/opt/ros/humble /usr/bin/cmake --install /home/tayya/four_wheel_ws/build/four_wheel_vehicle
