[0.074s] Invoking command in '/home/tayya/four_wheel_ws/build/four_wheel_vehicle': CMAKE_PREFIX_PATH=${CMAKE_PREFIX_PATH}:/opt/ros/humble /usr/bin/cmake --build /home/tayya/four_wheel_ws/build/four_wheel_vehicle -- -j8 -l8
[0.295s] Invoked command in '/home/tayya/four_wheel_ws/build/four_wheel_vehicle' returned '0': CMAKE_PREFIX_PATH=${CMAKE_PREFIX_PATH}:/opt/ros/humble /usr/bin/cmake --build /home/tayya/four_wheel_ws/build/four_wheel_vehicle -- -j8 -l8
[0.330s] Invoking command in '/home/tayya/four_wheel_ws/build/four_wheel_vehicle': CMAKE_PREFIX_PATH=${CMAKE_PREFIX_PATH}:/opt/ros/humble /usr/bin/cmake --install /home/tayya/four_wheel_ws/build/four_wheel_vehicle
[0.363s] -- Install configuration: ""
[0.363s] -- Up-to-date: /home/tayya/four_wheel_ws/install/four_wheel_vehicle/share/four_wheel_vehicle//urdf
[0.375s] -- Up-to-date: /home/tayya/four_wheel_ws/install/four_wheel_vehicle/share/four_wheel_vehicle//urdf/camera.xacro
[0.377s] -- Up-to-date: /home/tayya/four_wheel_ws/install/four_wheel_vehicle/share/four_wheel_vehicle//urdf/base.xacro
[0.378s] -- Up-to-date: /home/tayya/four_wheel_ws/install/four_wheel_vehicle/share/four_wheel_vehicle//urdf/vehicle.urdf.xacro
[0.380s] -- Up-to-date: /home/tayya/four_wheel_ws/install/four_wheel_vehicle/share/four_wheel_vehicle//urdf/lidar.xacro
[0.382s] -- Up-to-date: /home/tayya/four_wheel_ws/install/four_wheel_vehicle/share/four_wheel_vehicle//urdf/base_gazcbo.xacro
[0.384s] -- Up-to-date: /home/tayya/four_wheel_ws/install/four_wheel_vehicle/share/four_wheel_vehicle//urdf/common_properties.xacro
[0.384s] -- Up-to-date: /home/tayya/four_wheel_ws/install/four_wheel_vehicle/share/four_wheel_vehicle//launch
[0.386s] -- Up-to-date: /home/tayya/four_wheel_ws/install/four_wheel_vehicle/share/four_wheel_vehicle//launch/display_vehicle.launch.py
[0.386s] -- Up-to-date: /home/tayya/four_wheel_ws/install/four_wheel_vehicle/share/four_wheel_vehicle//rviz
[0.390s] -- Up-to-date: /home/tayya/four_wheel_ws/install/four_wheel_vehicle/share/four_wheel_vehicle//rviz/rviz_fwv.rviz
[0.390s] -- Up-to-date: /home/tayya/four_wheel_ws/install/four_wheel_vehicle/share/ament_index/resource_index/package_run_dependencies/four_wheel_vehicle
[0.391s] -- Up-to-date: /home/tayya/four_wheel_ws/install/four_wheel_vehicle/share/ament_index/resource_index/parent_prefix_path/four_wheel_vehicle
[0.391s] -- Up-to-date: /home/tayya/four_wheel_ws/install/four_wheel_vehicle/share/four_wheel_vehicle/environment/ament_prefix_path.sh
[0.391s] -- Up-to-date: /home/tayya/four_wheel_ws/install/four_wheel_vehicle/share/four_wheel_vehicle/environment/ament_prefix_path.dsv
[0.392s] -- Up-to-date: /home/tayya/four_wheel_ws/install/four_wheel_vehicle/share/four_wheel_vehicle/environment/path.sh
[0.392s] -- Up-to-date: /home/tayya/four_wheel_ws/install/four_wheel_vehicle/share/four_wheel_vehicle/environment/path.dsv
[0.392s] -- Up-to-date: /home/tayya/four_wheel_ws/install/four_wheel_vehicle/share/four_wheel_vehicle/local_setup.bash
[0.392s] -- Up-to-date: /home/tayya/four_wheel_ws/install/four_wheel_vehicle/share/four_wheel_vehicle/local_setup.sh
[0.393s] -- Up-to-date: /home/tayya/four_wheel_ws/install/four_wheel_vehicle/share/four_wheel_vehicle/local_setup.zsh
[0.393s] -- Up-to-date: /home/tayya/four_wheel_ws/install/four_wheel_vehicle/share/four_wheel_vehicle/local_setup.dsv
[0.393s] -- Installing: /home/tayya/four_wheel_ws/install/four_wheel_vehicle/share/four_wheel_vehicle/package.dsv
[0.398s] -- Up-to-date: /home/tayya/four_wheel_ws/install/four_wheel_vehicle/share/ament_index/resource_index/packages/four_wheel_vehicle
[0.399s] -- Up-to-date: /home/tayya/four_wheel_ws/install/four_wheel_vehicle/share/four_wheel_vehicle/cmake/four_wheel_vehicleConfig.cmake
[0.399s] -- Up-to-date: /home/tayya/four_wheel_ws/install/four_wheel_vehicle/share/four_wheel_vehicle/cmake/four_wheel_vehicleConfig-version.cmake
[0.399s] -- Up-to-date: /home/tayya/four_wheel_ws/install/four_wheel_vehicle/share/four_wheel_vehicle/package.xml
[0.400s] Invoked command in '/home/tayya/four_wheel_ws/build/four_wheel_vehicle' returned '0': CMAKE_PREFIX_PATH=${CMAKE_PREFIX_PATH}:/opt/ros/humble /usr/bin/cmake --install /home/tayya/four_wheel_ws/build/four_wheel_vehicle
