[0.757s] Invoking command in '/home/tayya/four_wheel_ws/src/zinger_swerve_controller': PYTHONPATH=/home/tayya/four_wheel_ws/build/zinger_swerve_controller/prefix_override:/usr/lib/python3/dist-packages/colcon_core/task/python/colcon_distutils_commands:/home/tayya/four_wheel_ws/install/zinger_swerve_controller/lib/python3.10/site-packages:${PYTHONPATH} /usr/bin/python3 -W ignore:setup.py install is deprecated -W ignore:easy_install command is deprecated setup.py egg_info --egg-base ../../build/zinger_swerve_controller build --build-base /home/tayya/four_wheel_ws/build/zinger_swerve_controller/build install --record /home/tayya/four_wheel_ws/build/zinger_swerve_controller/install.log --single-version-externally-managed install_data
[1.029s] running egg_info
[1.030s] writing ../../build/zinger_swerve_controller/zinger_swerve_controller.egg-info/PKG-INFO
[1.030s] writing dependency_links to ../../build/zinger_swerve_controller/zinger_swerve_controller.egg-info/dependency_links.txt
[1.030s] writing entry points to ../../build/zinger_swerve_controller/zinger_swerve_controller.egg-info/entry_points.txt
[1.031s] writing requirements to ../../build/zinger_swerve_controller/zinger_swerve_controller.egg-info/requires.txt
[1.031s] writing top-level names to ../../build/zinger_swerve_controller/zinger_swerve_controller.egg-info/top_level.txt
[1.033s] reading manifest file '../../build/zinger_swerve_controller/zinger_swerve_controller.egg-info/SOURCES.txt'
[1.034s] adding license file 'LICENSE'
[1.035s] writing manifest file '../../build/zinger_swerve_controller/zinger_swerve_controller.egg-info/SOURCES.txt'
[1.035s] running build
[1.035s] running build_py
[1.036s] running install
[1.036s] running install_lib
[1.038s] running install_data
[1.038s] copying launch/swerve_controller.launch.py -> /home/tayya/four_wheel_ws/install/zinger_swerve_controller/share/zinger_swerve_controller/launch
[1.038s] running install_egg_info
[1.040s] removing '/home/tayya/four_wheel_ws/install/zinger_swerve_controller/lib/python3.10/site-packages/zinger_swerve_controller-0.1.0-py3.10.egg-info' (and everything under it)
[1.041s] Copying ../../build/zinger_swerve_controller/zinger_swerve_controller.egg-info to /home/tayya/four_wheel_ws/install/zinger_swerve_controller/lib/python3.10/site-packages/zinger_swerve_controller-0.1.0-py3.10.egg-info
[1.041s] running install_scripts
[1.063s] Installing swerve_controller script to /home/tayya/four_wheel_ws/install/zinger_swerve_controller/lib/zinger_swerve_controller
[1.063s] writing list of installed files to '/home/tayya/four_wheel_ws/build/zinger_swerve_controller/install.log'
[1.092s] Invoked command in '/home/tayya/four_wheel_ws/src/zinger_swerve_controller' returned '0': PYTHONPATH=/home/tayya/four_wheel_ws/build/zinger_swerve_controller/prefix_override:/usr/lib/python3/dist-packages/colcon_core/task/python/colcon_distutils_commands:/home/tayya/four_wheel_ws/install/zinger_swerve_controller/lib/python3.10/site-packages:${PYTHONPATH} /usr/bin/python3 -W ignore:setup.py install is deprecated -W ignore:easy_install command is deprecated setup.py egg_info --egg-base ../../build/zinger_swerve_controller build --build-base /home/tayya/four_wheel_ws/build/zinger_swerve_controller/build install --record /home/tayya/four_wheel_ws/build/zinger_swerve_controller/install.log --single-version-externally-managed install_data
