[0.438s] DEBUG:colcon:Command line arguments: ['/usr/bin/colcon', 'build']
[0.438s] DEBUG:colcon:Parsed command line arguments: Namespace(log_base=None, log_level=None, verb_name='build', build_base='build', install_base='install', merge_install=False, symlink_install=False, test_result_base=None, continue_on_error=False, executor='parallel', parallel_workers=8, event_handlers=None, ignore_user_meta=False, metas=['./colcon.meta'], base_paths=['.'], packages_ignore=None, packages_ignore_regex=None, paths=None, packages_up_to=None, packages_up_to_regex=None, packages_above=None, packages_above_and_dependencies=None, packages_above_depth=None, packages_select_by_dep=None, packages_skip_by_dep=None, packages_skip_up_to=None, packages_select_build_failed=False, packages_skip_build_finished=False, packages_select_test_failures=False, packages_skip_test_passed=False, packages_select=None, packages_skip=None, packages_select_regex=None, packages_skip_regex=None, packages_start=None, packages_end=None, allow_overriding=[], cmake_args=None, cmake_target=None, cmake_target_skip_unavailable=False, cmake_clean_cache=False, cmake_clean_first=False, cmake_force_configure=False, ament_cmake_args=None, catkin_cmake_args=None, catkin_skip_building_tests=False, mixin_files=None, mixin=None, verb_parser=<colcon_mixin.mixin.mixin_argument.MixinArgumentDecorator object at 0x788e854360b0>, verb_extension=<colcon_core.verb.build.BuildVerb object at 0x788e85435b70>, main=<bound method BuildVerb.main of <colcon_core.verb.build.BuildVerb object at 0x788e85435b70>>, mixin_verb=('build',))
[1.122s] Level 1:colcon.colcon_core.package_discovery:discover_packages(colcon_meta) check parameters
[1.123s] Level 1:colcon.colcon_core.package_discovery:discover_packages(recursive) check parameters
[1.123s] Level 1:colcon.colcon_core.package_discovery:discover_packages(ignore) check parameters
[1.123s] Level 1:colcon.colcon_core.package_discovery:discover_packages(path) check parameters
[1.123s] Level 1:colcon.colcon_core.package_discovery:discover_packages(colcon_meta) discover
[1.124s] Level 1:colcon.colcon_core.package_discovery:discover_packages(recursive) discover
[1.124s] INFO:colcon.colcon_core.package_discovery:Crawling recursively for packages in '/home/tayya/four_wheel_ws'
[1.124s] Level 1:colcon.colcon_core.package_identification:_identify(.) by extensions ['ignore', 'ignore_ament_install']
[1.125s] Level 1:colcon.colcon_core.package_identification:_identify(.) by extension 'ignore'
[1.125s] Level 1:colcon.colcon_core.package_identification:_identify(.) by extension 'ignore_ament_install'
[1.125s] Level 1:colcon.colcon_core.package_identification:_identify(.) by extensions ['colcon_pkg']
[1.125s] Level 1:colcon.colcon_core.package_identification:_identify(.) by extension 'colcon_pkg'
[1.126s] Level 1:colcon.colcon_core.package_identification:_identify(.) by extensions ['colcon_meta']
[1.126s] Level 1:colcon.colcon_core.package_identification:_identify(.) by extension 'colcon_meta'
[1.126s] Level 1:colcon.colcon_core.package_identification:_identify(.) by extensions ['ros']
[1.126s] Level 1:colcon.colcon_core.package_identification:_identify(.) by extension 'ros'
[1.172s] Level 1:colcon.colcon_core.package_identification:_identify(.) by extensions ['cmake', 'python']
[1.172s] Level 1:colcon.colcon_core.package_identification:_identify(.) by extension 'cmake'
[1.172s] Level 1:colcon.colcon_core.package_identification:_identify(.) by extension 'python'
[1.173s] Level 1:colcon.colcon_core.package_identification:_identify(.) by extensions ['python_setup_py']
[1.173s] Level 1:colcon.colcon_core.package_identification:_identify(.) by extension 'python_setup_py'
[1.173s] Level 1:colcon.colcon_core.package_identification:_identify(build) by extensions ['ignore', 'ignore_ament_install']
[1.174s] Level 1:colcon.colcon_core.package_identification:_identify(build) by extension 'ignore'
[1.174s] Level 1:colcon.colcon_core.package_identification:_identify(build) ignored
[1.174s] Level 1:colcon.colcon_core.package_identification:_identify(install) by extensions ['ignore', 'ignore_ament_install']
[1.175s] Level 1:colcon.colcon_core.package_identification:_identify(install) by extension 'ignore'
[1.175s] Level 1:colcon.colcon_core.package_identification:_identify(install) ignored
[1.175s] Level 1:colcon.colcon_core.package_identification:_identify(log) by extensions ['ignore', 'ignore_ament_install']
[1.176s] Level 1:colcon.colcon_core.package_identification:_identify(log) by extension 'ignore'
[1.176s] Level 1:colcon.colcon_core.package_identification:_identify(log) ignored
[1.177s] Level 1:colcon.colcon_core.package_identification:_identify(src) by extensions ['ignore', 'ignore_ament_install']
[1.177s] Level 1:colcon.colcon_core.package_identification:_identify(src) by extension 'ignore'
[1.177s] Level 1:colcon.colcon_core.package_identification:_identify(src) by extension 'ignore_ament_install'
[1.178s] Level 1:colcon.colcon_core.package_identification:_identify(src) by extensions ['colcon_pkg']
[1.178s] Level 1:colcon.colcon_core.package_identification:_identify(src) by extension 'colcon_pkg'
[1.178s] Level 1:colcon.colcon_core.package_identification:_identify(src) by extensions ['colcon_meta']
[1.178s] Level 1:colcon.colcon_core.package_identification:_identify(src) by extension 'colcon_meta'
[1.178s] Level 1:colcon.colcon_core.package_identification:_identify(src) by extensions ['ros']
[1.178s] Level 1:colcon.colcon_core.package_identification:_identify(src) by extension 'ros'
[1.179s] Level 1:colcon.colcon_core.package_identification:_identify(src) by extensions ['cmake', 'python']
[1.179s] Level 1:colcon.colcon_core.package_identification:_identify(src) by extension 'cmake'
[1.179s] Level 1:colcon.colcon_core.package_identification:_identify(src) by extension 'python'
[1.179s] Level 1:colcon.colcon_core.package_identification:_identify(src) by extensions ['python_setup_py']
[1.180s] Level 1:colcon.colcon_core.package_identification:_identify(src) by extension 'python_setup_py'
[1.180s] Level 1:colcon.colcon_core.package_identification:_identify(src/four_wheel_vehicle) by extensions ['ignore', 'ignore_ament_install']
[1.180s] Level 1:colcon.colcon_core.package_identification:_identify(src/four_wheel_vehicle) by extension 'ignore'
[1.181s] Level 1:colcon.colcon_core.package_identification:_identify(src/four_wheel_vehicle) by extension 'ignore_ament_install'
[1.181s] Level 1:colcon.colcon_core.package_identification:_identify(src/four_wheel_vehicle) by extensions ['colcon_pkg']
[1.181s] Level 1:colcon.colcon_core.package_identification:_identify(src/four_wheel_vehicle) by extension 'colcon_pkg'
[1.181s] Level 1:colcon.colcon_core.package_identification:_identify(src/four_wheel_vehicle) by extensions ['colcon_meta']
[1.181s] Level 1:colcon.colcon_core.package_identification:_identify(src/four_wheel_vehicle) by extension 'colcon_meta'
[1.182s] Level 1:colcon.colcon_core.package_identification:_identify(src/four_wheel_vehicle) by extensions ['ros']
[1.182s] Level 1:colcon.colcon_core.package_identification:_identify(src/four_wheel_vehicle) by extension 'ros'
[1.193s] DEBUG:colcon.colcon_core.package_identification:Package 'src/four_wheel_vehicle' with type 'ros.ament_cmake' and name 'four_wheel_vehicle'
[1.194s] Level 1:colcon.colcon_core.package_discovery:discover_packages(recursive) using defaults
[1.194s] Level 1:colcon.colcon_core.package_discovery:discover_packages(ignore) discover
[1.194s] Level 1:colcon.colcon_core.package_discovery:discover_packages(ignore) using defaults
[1.194s] Level 1:colcon.colcon_core.package_discovery:discover_packages(path) discover
[1.194s] Level 1:colcon.colcon_core.package_discovery:discover_packages(path) using defaults
[1.321s] Level 1:colcon.colcon_core.package_discovery:discover_packages(prefix_path) check parameters
[1.322s] Level 1:colcon.colcon_core.package_discovery:discover_packages(prefix_path) discover
[1.332s] DEBUG:colcon.colcon_installed_package_information.package_discovery:Found 1 installed packages in /home/tayya/robot_ws/install
[1.338s] DEBUG:colcon.colcon_installed_package_information.package_discovery:Found 282 installed packages in /opt/ros/humble
[1.346s] Level 1:colcon.colcon_core.package_discovery:discover_packages(prefix_path) using defaults
[1.526s] Level 5:colcon.colcon_core.verb:set package 'four_wheel_vehicle' build argument 'cmake_args' from command line to 'None'
[1.527s] Level 5:colcon.colcon_core.verb:set package 'four_wheel_vehicle' build argument 'cmake_target' from command line to 'None'
[1.527s] Level 5:colcon.colcon_core.verb:set package 'four_wheel_vehicle' build argument 'cmake_target_skip_unavailable' from command line to 'False'
[1.527s] Level 5:colcon.colcon_core.verb:set package 'four_wheel_vehicle' build argument 'cmake_clean_cache' from command line to 'False'
[1.527s] Level 5:colcon.colcon_core.verb:set package 'four_wheel_vehicle' build argument 'cmake_clean_first' from command line to 'False'
[1.527s] Level 5:colcon.colcon_core.verb:set package 'four_wheel_vehicle' build argument 'cmake_force_configure' from command line to 'False'
[1.527s] Level 5:colcon.colcon_core.verb:set package 'four_wheel_vehicle' build argument 'ament_cmake_args' from command line to 'None'
[1.527s] Level 5:colcon.colcon_core.verb:set package 'four_wheel_vehicle' build argument 'catkin_cmake_args' from command line to 'None'
[1.527s] Level 5:colcon.colcon_core.verb:set package 'four_wheel_vehicle' build argument 'catkin_skip_building_tests' from command line to 'False'
[1.528s] DEBUG:colcon.colcon_core.verb:Building package 'four_wheel_vehicle' with the following arguments: {'ament_cmake_args': None, 'build_base': '/home/tayya/four_wheel_ws/build/four_wheel_vehicle', 'catkin_cmake_args': None, 'catkin_skip_building_tests': False, 'cmake_args': None, 'cmake_clean_cache': False, 'cmake_clean_first': False, 'cmake_force_configure': False, 'cmake_target': None, 'cmake_target_skip_unavailable': False, 'install_base': '/home/tayya/four_wheel_ws/install/four_wheel_vehicle', 'merge_install': False, 'path': '/home/tayya/four_wheel_ws/src/four_wheel_vehicle', 'symlink_install': False, 'test_result_base': None}
[1.528s] INFO:colcon.colcon_core.executor:Executing jobs using 'parallel' executor
[1.531s] DEBUG:colcon.colcon_parallel_executor.executor.parallel:run_until_complete
[1.532s] INFO:colcon.colcon_ros.task.ament_cmake.build:Building ROS package in '/home/tayya/four_wheel_ws/src/four_wheel_vehicle' with build type 'ament_cmake'
[1.533s] INFO:colcon.colcon_cmake.task.cmake.build:Building CMake package in '/home/tayya/four_wheel_ws/src/four_wheel_vehicle'
[1.552s] INFO:colcon.colcon_core.plugin_system:Skipping extension 'colcon_core.shell.bat': Not used on non-Windows systems
[1.552s] INFO:colcon.colcon_core.shell:Skip shell extension 'powershell' for command environment: Not usable outside of PowerShell
[1.553s] DEBUG:colcon.colcon_core.shell:Skip shell extension 'dsv' for command environment
[1.573s] DEBUG:colcon.colcon_core.event_handler.log_command:Invoking command in '/home/tayya/four_wheel_ws/build/four_wheel_vehicle': CMAKE_PREFIX_PATH=${CMAKE_PREFIX_PATH}:/opt/ros/humble /usr/bin/cmake /home/tayya/four_wheel_ws/src/four_wheel_vehicle -DCMAKE_INSTALL_PREFIX=/home/tayya/four_wheel_ws/install/four_wheel_vehicle
[3.451s] DEBUG:colcon.colcon_core.event_handler.log_command:Invoked command in '/home/tayya/four_wheel_ws/build/four_wheel_vehicle' returned '0': CMAKE_PREFIX_PATH=${CMAKE_PREFIX_PATH}:/opt/ros/humble /usr/bin/cmake /home/tayya/four_wheel_ws/src/four_wheel_vehicle -DCMAKE_INSTALL_PREFIX=/home/tayya/four_wheel_ws/install/four_wheel_vehicle
[3.457s] DEBUG:colcon.colcon_core.event_handler.log_command:Invoking command in '/home/tayya/four_wheel_ws/build/four_wheel_vehicle': CMAKE_PREFIX_PATH=${CMAKE_PREFIX_PATH}:/opt/ros/humble /usr/bin/cmake --build /home/tayya/four_wheel_ws/build/four_wheel_vehicle -- -j8 -l8
[3.558s] DEBUG:colcon.colcon_core.event_handler.log_command:Invoked command in '/home/tayya/four_wheel_ws/build/four_wheel_vehicle' returned '0': CMAKE_PREFIX_PATH=${CMAKE_PREFIX_PATH}:/opt/ros/humble /usr/bin/cmake --build /home/tayya/four_wheel_ws/build/four_wheel_vehicle -- -j8 -l8
[3.587s] DEBUG:colcon.colcon_core.event_handler.log_command:Invoking command in '/home/tayya/four_wheel_ws/build/four_wheel_vehicle': CMAKE_PREFIX_PATH=${CMAKE_PREFIX_PATH}:/opt/ros/humble /usr/bin/cmake --install /home/tayya/four_wheel_ws/build/four_wheel_vehicle
[3.610s] Level 1:colcon.colcon_core.environment:create_environment_scripts_only(four_wheel_vehicle)
[3.612s] DEBUG:colcon.colcon_core.event_handler.log_command:Invoked command in '/home/tayya/four_wheel_ws/build/four_wheel_vehicle' returned '0': CMAKE_PREFIX_PATH=${CMAKE_PREFIX_PATH}:/opt/ros/humble /usr/bin/cmake --install /home/tayya/four_wheel_ws/build/four_wheel_vehicle
[3.629s] Level 1:colcon.colcon_core.environment:checking '/home/tayya/four_wheel_ws/install/four_wheel_vehicle' for CMake module files
[3.630s] Level 1:colcon.colcon_core.environment:checking '/home/tayya/four_wheel_ws/install/four_wheel_vehicle' for CMake config files
[3.631s] Level 1:colcon.colcon_core.shell:create_environment_hook('four_wheel_vehicle', 'cmake_prefix_path')
[3.631s] INFO:colcon.colcon_core.shell:Creating environment hook '/home/tayya/four_wheel_ws/install/four_wheel_vehicle/share/four_wheel_vehicle/hook/cmake_prefix_path.ps1'
[3.633s] INFO:colcon.colcon_core.shell:Creating environment descriptor '/home/tayya/four_wheel_ws/install/four_wheel_vehicle/share/four_wheel_vehicle/hook/cmake_prefix_path.dsv'
[3.635s] INFO:colcon.colcon_core.shell:Creating environment hook '/home/tayya/four_wheel_ws/install/four_wheel_vehicle/share/four_wheel_vehicle/hook/cmake_prefix_path.sh'
[3.637s] Level 1:colcon.colcon_core.environment:checking '/home/tayya/four_wheel_ws/install/four_wheel_vehicle/bin'
[3.637s] Level 1:colcon.colcon_core.environment:checking '/home/tayya/four_wheel_ws/install/four_wheel_vehicle/lib/pkgconfig/four_wheel_vehicle.pc'
[3.638s] Level 1:colcon.colcon_core.environment:checking '/home/tayya/four_wheel_ws/install/four_wheel_vehicle/lib/python3.10/site-packages'
[3.638s] Level 1:colcon.colcon_core.environment:checking '/home/tayya/four_wheel_ws/install/four_wheel_vehicle/bin'
[3.639s] INFO:colcon.colcon_core.shell:Creating package script '/home/tayya/four_wheel_ws/install/four_wheel_vehicle/share/four_wheel_vehicle/package.ps1'
[3.642s] INFO:colcon.colcon_core.shell:Creating package descriptor '/home/tayya/four_wheel_ws/install/four_wheel_vehicle/share/four_wheel_vehicle/package.dsv'
[3.643s] INFO:colcon.colcon_core.shell:Creating package script '/home/tayya/four_wheel_ws/install/four_wheel_vehicle/share/four_wheel_vehicle/package.sh'
[3.645s] INFO:colcon.colcon_core.shell:Creating package script '/home/tayya/four_wheel_ws/install/four_wheel_vehicle/share/four_wheel_vehicle/package.bash'
[3.647s] INFO:colcon.colcon_core.shell:Creating package script '/home/tayya/four_wheel_ws/install/four_wheel_vehicle/share/four_wheel_vehicle/package.zsh'
[3.648s] Level 1:colcon.colcon_core.environment:create_file_with_runtime_dependencies(/home/tayya/four_wheel_ws/install/four_wheel_vehicle/share/colcon-core/packages/four_wheel_vehicle)
[3.650s] Level 1:colcon.colcon_core.environment:create_environment_scripts_only(four_wheel_vehicle)
[3.650s] Level 1:colcon.colcon_core.environment:checking '/home/tayya/four_wheel_ws/install/four_wheel_vehicle' for CMake module files
[3.652s] Level 1:colcon.colcon_core.environment:checking '/home/tayya/four_wheel_ws/install/four_wheel_vehicle' for CMake config files
[3.652s] Level 1:colcon.colcon_core.shell:create_environment_hook('four_wheel_vehicle', 'cmake_prefix_path')
[3.653s] INFO:colcon.colcon_core.shell:Creating environment hook '/home/tayya/four_wheel_ws/install/four_wheel_vehicle/share/four_wheel_vehicle/hook/cmake_prefix_path.ps1'
[3.654s] INFO:colcon.colcon_core.shell:Creating environment descriptor '/home/tayya/four_wheel_ws/install/four_wheel_vehicle/share/four_wheel_vehicle/hook/cmake_prefix_path.dsv'
[3.655s] INFO:colcon.colcon_core.shell:Creating environment hook '/home/tayya/four_wheel_ws/install/four_wheel_vehicle/share/four_wheel_vehicle/hook/cmake_prefix_path.sh'
[3.656s] Level 1:colcon.colcon_core.environment:checking '/home/tayya/four_wheel_ws/install/four_wheel_vehicle/bin'
[3.656s] Level 1:colcon.colcon_core.environment:checking '/home/tayya/four_wheel_ws/install/four_wheel_vehicle/lib/pkgconfig/four_wheel_vehicle.pc'
[3.657s] Level 1:colcon.colcon_core.environment:checking '/home/tayya/four_wheel_ws/install/four_wheel_vehicle/lib/python3.10/site-packages'
[3.657s] Level 1:colcon.colcon_core.environment:checking '/home/tayya/four_wheel_ws/install/four_wheel_vehicle/bin'
[3.658s] INFO:colcon.colcon_core.shell:Creating package script '/home/tayya/four_wheel_ws/install/four_wheel_vehicle/share/four_wheel_vehicle/package.ps1'
[3.659s] INFO:colcon.colcon_core.shell:Creating package descriptor '/home/tayya/four_wheel_ws/install/four_wheel_vehicle/share/four_wheel_vehicle/package.dsv'
[3.660s] INFO:colcon.colcon_core.shell:Creating package script '/home/tayya/four_wheel_ws/install/four_wheel_vehicle/share/four_wheel_vehicle/package.sh'
[3.662s] INFO:colcon.colcon_core.shell:Creating package script '/home/tayya/four_wheel_ws/install/four_wheel_vehicle/share/four_wheel_vehicle/package.bash'
[3.664s] INFO:colcon.colcon_core.shell:Creating package script '/home/tayya/four_wheel_ws/install/four_wheel_vehicle/share/four_wheel_vehicle/package.zsh'
[3.665s] Level 1:colcon.colcon_core.environment:create_file_with_runtime_dependencies(/home/tayya/four_wheel_ws/install/four_wheel_vehicle/share/colcon-core/packages/four_wheel_vehicle)
[3.665s] DEBUG:colcon.colcon_parallel_executor.executor.parallel:closing loop
[3.666s] DEBUG:colcon.colcon_parallel_executor.executor.parallel:loop closed
[3.666s] DEBUG:colcon.colcon_parallel_executor.executor.parallel:run_until_complete finished with '0'
[3.667s] DEBUG:colcon.colcon_core.event_reactor:joining thread
[3.682s] INFO:colcon.colcon_core.plugin_system:Skipping extension 'colcon_notification.desktop_notification.terminal_notifier': Not used on non-Darwin systems
[3.682s] INFO:colcon.colcon_core.plugin_system:Skipping extension 'colcon_notification.desktop_notification.win32': Not used on non-Windows systems
[3.682s] INFO:colcon.colcon_notification.desktop_notification:Sending desktop notification using 'notify2'
[3.725s] DEBUG:colcon.colcon_core.event_reactor:joined thread
[3.726s] INFO:colcon.colcon_core.shell:Creating prefix script '/home/tayya/four_wheel_ws/install/local_setup.ps1'
[3.729s] INFO:colcon.colcon_core.shell:Creating prefix util module '/home/tayya/four_wheel_ws/install/_local_setup_util_ps1.py'
[3.733s] INFO:colcon.colcon_core.shell:Creating prefix chain script '/home/tayya/four_wheel_ws/install/setup.ps1'
[3.738s] INFO:colcon.colcon_core.shell:Creating prefix script '/home/tayya/four_wheel_ws/install/local_setup.sh'
[3.740s] INFO:colcon.colcon_core.shell:Creating prefix util module '/home/tayya/four_wheel_ws/install/_local_setup_util_sh.py'
[3.742s] INFO:colcon.colcon_core.shell:Creating prefix chain script '/home/tayya/four_wheel_ws/install/setup.sh'
[3.746s] INFO:colcon.colcon_core.shell:Creating prefix script '/home/tayya/four_wheel_ws/install/local_setup.bash'
[3.748s] INFO:colcon.colcon_core.shell:Creating prefix chain script '/home/tayya/four_wheel_ws/install/setup.bash'
[3.751s] INFO:colcon.colcon_core.shell:Creating prefix script '/home/tayya/four_wheel_ws/install/local_setup.zsh'
[3.753s] INFO:colcon.colcon_core.shell:Creating prefix chain script '/home/tayya/four_wheel_ws/install/setup.zsh'
