[0.031s] Invoking command in '/home/tayya/four_wheel_ws/build/robot_bringup': CMAKE_PREFIX_PATH=${CMAKE_PREFIX_PATH}:/opt/ros/humble /usr/bin/cmake --build /home/tayya/four_wheel_ws/build/robot_bringup -- -j8 -l8
[0.132s] Invoked command in '/home/tayya/four_wheel_ws/build/robot_bringup' returned '0': CMAKE_PREFIX_PATH=${CMAKE_PREFIX_PATH}:/opt/ros/humble /usr/bin/cmake --build /home/tayya/four_wheel_ws/build/robot_bringup -- -j8 -l8
[0.136s] Invoking command in '/home/tayya/four_wheel_ws/build/robot_bringup': CMAKE_PREFIX_PATH=${CMAKE_PREFIX_PATH}:/opt/ros/humble /usr/bin/cmake --install /home/tayya/four_wheel_ws/build/robot_bringup
[0.159s] -- Install configuration: ""
[0.160s] -- Up-to-date: /home/tayya/four_wheel_ws/install/robot_bringup/share/robot_bringup//launch
[0.160s] -- Up-to-date: /home/tayya/four_wheel_ws/install/robot_bringup/share/robot_bringup//launch/robot_gazebo.launch.xml
[0.160s] -- Up-to-date: /home/tayya/four_wheel_ws/install/robot_bringup/share/robot_bringup//launch/robot_gazebo.launch.py
[0.162s] -- Up-to-date: /home/tayya/four_wheel_ws/install/robot_bringup/share/robot_bringup//rviz
[0.163s] -- Installing: /home/tayya/four_wheel_ws/install/robot_bringup/share/robot_bringup//rviz/gzb_rviiz.rviz
[0.165s] -- Up-to-date: /home/tayya/four_wheel_ws/install/robot_bringup/share/ament_index/resource_index/package_run_dependencies/robot_bringup
[0.165s] -- Up-to-date: /home/tayya/four_wheel_ws/install/robot_bringup/share/ament_index/resource_index/parent_prefix_path/robot_bringup
[0.166s] -- Up-to-date: /home/tayya/four_wheel_ws/install/robot_bringup/share/robot_bringup/environment/ament_prefix_path.sh
[0.166s] -- Up-to-date: /home/tayya/four_wheel_ws/install/robot_bringup/share/robot_bringup/environment/ament_prefix_path.dsv
[0.167s] -- Up-to-date: /home/tayya/four_wheel_ws/install/robot_bringup/share/robot_bringup/environment/path.sh
[0.167s] -- Up-to-date: /home/tayya/four_wheel_ws/install/robot_bringup/share/robot_bringup/environment/path.dsv
[0.167s] -- Up-to-date: /home/tayya/four_wheel_ws/install/robot_bringup/share/robot_bringup/local_setup.bash
[0.168s] -- Up-to-date: /home/tayya/four_wheel_ws/install/robot_bringup/share/robot_bringup/local_setup.sh
[0.168s] -- Up-to-date: /home/tayya/four_wheel_ws/install/robot_bringup/share/robot_bringup/local_setup.zsh
[0.168s] -- Up-to-date: /home/tayya/four_wheel_ws/install/robot_bringup/share/robot_bringup/local_setup.dsv
[0.169s] -- Installing: /home/tayya/four_wheel_ws/install/robot_bringup/share/robot_bringup/package.dsv
[0.169s] -- Up-to-date: /home/tayya/four_wheel_ws/install/robot_bringup/share/ament_index/resource_index/packages/robot_bringup
[0.169s] -- Up-to-date: /home/tayya/four_wheel_ws/install/robot_bringup/share/robot_bringup/cmake/robot_bringupConfig.cmake
[0.170s] -- Up-to-date: /home/tayya/four_wheel_ws/install/robot_bringup/share/robot_bringup/cmake/robot_bringupConfig-version.cmake
[0.171s] -- Up-to-date: /home/tayya/four_wheel_ws/install/robot_bringup/share/robot_bringup/package.xml
[0.214s] Invoked command in '/home/tayya/four_wheel_ws/build/robot_bringup' returned '0': CMAKE_PREFIX_PATH=${CMAKE_PREFIX_PATH}:/opt/ros/humble /usr/bin/cmake --install /home/tayya/four_wheel_ws/build/robot_bringup
