[0.278s] DEBUG:colcon:Command line arguments: ['/usr/bin/colcon', 'build']
[0.278s] DEBUG:colcon:Parsed command line arguments: Namespace(log_base=None, log_level=None, verb_name='build', build_base='build', install_base='install', merge_install=False, symlink_install=False, test_result_base=None, continue_on_error=False, executor='parallel', parallel_workers=8, event_handlers=None, ignore_user_meta=False, metas=['./colcon.meta'], base_paths=['.'], packages_ignore=None, packages_ignore_regex=None, paths=None, packages_up_to=None, packages_up_to_regex=None, packages_above=None, packages_above_and_dependencies=None, packages_above_depth=None, packages_select_by_dep=None, packages_skip_by_dep=None, packages_skip_up_to=None, packages_select_build_failed=False, packages_skip_build_finished=False, packages_select_test_failures=False, packages_skip_test_passed=False, packages_select=None, packages_skip=None, packages_select_regex=None, packages_skip_regex=None, packages_start=None, packages_end=None, allow_overriding=[], cmake_args=None, cmake_target=None, cmake_target_skip_unavailable=False, cmake_clean_cache=False, cmake_clean_first=False, cmake_force_configure=False, ament_cmake_args=None, catkin_cmake_args=None, catkin_skip_building_tests=False, mixin_files=None, mixin=None, verb_parser=<colcon_mixin.mixin.mixin_argument.MixinArgumentDecorator object at 0x7f36dc83e0b0>, verb_extension=<colcon_core.verb.build.BuildVerb object at 0x7f36dc83db70>, main=<bound method BuildVerb.main of <colcon_core.verb.build.BuildVerb object at 0x7f36dc83db70>>, mixin_verb=('build',))
[0.655s] Level 1:colcon.colcon_core.package_discovery:discover_packages(colcon_meta) check parameters
[0.656s] Level 1:colcon.colcon_core.package_discovery:discover_packages(recursive) check parameters
[0.656s] Level 1:colcon.colcon_core.package_discovery:discover_packages(ignore) check parameters
[0.656s] Level 1:colcon.colcon_core.package_discovery:discover_packages(path) check parameters
[0.656s] Level 1:colcon.colcon_core.package_discovery:discover_packages(colcon_meta) discover
[0.656s] Level 1:colcon.colcon_core.package_discovery:discover_packages(recursive) discover
[0.656s] INFO:colcon.colcon_core.package_discovery:Crawling recursively for packages in '/home/tayya/four_wheel_ws'
[0.656s] Level 1:colcon.colcon_core.package_identification:_identify(.) by extensions ['ignore', 'ignore_ament_install']
[0.657s] Level 1:colcon.colcon_core.package_identification:_identify(.) by extension 'ignore'
[0.657s] Level 1:colcon.colcon_core.package_identification:_identify(.) by extension 'ignore_ament_install'
[0.657s] Level 1:colcon.colcon_core.package_identification:_identify(.) by extensions ['colcon_pkg']
[0.657s] Level 1:colcon.colcon_core.package_identification:_identify(.) by extension 'colcon_pkg'
[0.657s] Level 1:colcon.colcon_core.package_identification:_identify(.) by extensions ['colcon_meta']
[0.657s] Level 1:colcon.colcon_core.package_identification:_identify(.) by extension 'colcon_meta'
[0.657s] Level 1:colcon.colcon_core.package_identification:_identify(.) by extensions ['ros']
[0.657s] Level 1:colcon.colcon_core.package_identification:_identify(.) by extension 'ros'
[0.683s] Level 1:colcon.colcon_core.package_identification:_identify(.) by extensions ['cmake', 'python']
[0.683s] Level 1:colcon.colcon_core.package_identification:_identify(.) by extension 'cmake'
[0.683s] Level 1:colcon.colcon_core.package_identification:_identify(.) by extension 'python'
[0.683s] Level 1:colcon.colcon_core.package_identification:_identify(.) by extensions ['python_setup_py']
[0.683s] Level 1:colcon.colcon_core.package_identification:_identify(.) by extension 'python_setup_py'
[0.684s] Level 1:colcon.colcon_core.package_identification:_identify(build) by extensions ['ignore', 'ignore_ament_install']
[0.684s] Level 1:colcon.colcon_core.package_identification:_identify(build) by extension 'ignore'
[0.684s] Level 1:colcon.colcon_core.package_identification:_identify(build) ignored
[0.684s] Level 1:colcon.colcon_core.package_identification:_identify(install) by extensions ['ignore', 'ignore_ament_install']
[0.685s] Level 1:colcon.colcon_core.package_identification:_identify(install) by extension 'ignore'
[0.685s] Level 1:colcon.colcon_core.package_identification:_identify(install) ignored
[0.685s] Level 1:colcon.colcon_core.package_identification:_identify(log) by extensions ['ignore', 'ignore_ament_install']
[0.685s] Level 1:colcon.colcon_core.package_identification:_identify(log) by extension 'ignore'
[0.685s] Level 1:colcon.colcon_core.package_identification:_identify(log) ignored
[0.686s] Level 1:colcon.colcon_core.package_identification:_identify(src) by extensions ['ignore', 'ignore_ament_install']
[0.686s] Level 1:colcon.colcon_core.package_identification:_identify(src) by extension 'ignore'
[0.686s] Level 1:colcon.colcon_core.package_identification:_identify(src) by extension 'ignore_ament_install'
[0.686s] Level 1:colcon.colcon_core.package_identification:_identify(src) by extensions ['colcon_pkg']
[0.686s] Level 1:colcon.colcon_core.package_identification:_identify(src) by extension 'colcon_pkg'
[0.686s] Level 1:colcon.colcon_core.package_identification:_identify(src) by extensions ['colcon_meta']
[0.686s] Level 1:colcon.colcon_core.package_identification:_identify(src) by extension 'colcon_meta'
[0.687s] Level 1:colcon.colcon_core.package_identification:_identify(src) by extensions ['ros']
[0.687s] Level 1:colcon.colcon_core.package_identification:_identify(src) by extension 'ros'
[0.687s] Level 1:colcon.colcon_core.package_identification:_identify(src) by extensions ['cmake', 'python']
[0.687s] Level 1:colcon.colcon_core.package_identification:_identify(src) by extension 'cmake'
[0.687s] Level 1:colcon.colcon_core.package_identification:_identify(src) by extension 'python'
[0.687s] Level 1:colcon.colcon_core.package_identification:_identify(src) by extensions ['python_setup_py']
[0.687s] Level 1:colcon.colcon_core.package_identification:_identify(src) by extension 'python_setup_py'
[0.688s] Level 1:colcon.colcon_core.package_identification:_identify(src/four_wheel_vehicle) by extensions ['ignore', 'ignore_ament_install']
[0.688s] Level 1:colcon.colcon_core.package_identification:_identify(src/four_wheel_vehicle) by extension 'ignore'
[0.688s] Level 1:colcon.colcon_core.package_identification:_identify(src/four_wheel_vehicle) by extension 'ignore_ament_install'
[0.688s] Level 1:colcon.colcon_core.package_identification:_identify(src/four_wheel_vehicle) by extensions ['colcon_pkg']
[0.688s] Level 1:colcon.colcon_core.package_identification:_identify(src/four_wheel_vehicle) by extension 'colcon_pkg'
[0.688s] Level 1:colcon.colcon_core.package_identification:_identify(src/four_wheel_vehicle) by extensions ['colcon_meta']
[0.688s] Level 1:colcon.colcon_core.package_identification:_identify(src/four_wheel_vehicle) by extension 'colcon_meta'
[0.689s] Level 1:colcon.colcon_core.package_identification:_identify(src/four_wheel_vehicle) by extensions ['ros']
[0.689s] Level 1:colcon.colcon_core.package_identification:_identify(src/four_wheel_vehicle) by extension 'ros'
[0.695s] DEBUG:colcon.colcon_core.package_identification:Package 'src/four_wheel_vehicle' with type 'ros.ament_cmake' and name 'four_wheel_vehicle'
[0.695s] Level 1:colcon.colcon_core.package_discovery:discover_packages(recursive) using defaults
[0.695s] Level 1:colcon.colcon_core.package_discovery:discover_packages(ignore) discover
[0.695s] Level 1:colcon.colcon_core.package_discovery:discover_packages(ignore) using defaults
[0.695s] Level 1:colcon.colcon_core.package_discovery:discover_packages(path) discover
[0.696s] Level 1:colcon.colcon_core.package_discovery:discover_packages(path) using defaults
[0.762s] Level 1:colcon.colcon_core.package_discovery:discover_packages(prefix_path) check parameters
[0.763s] Level 1:colcon.colcon_core.package_discovery:discover_packages(prefix_path) discover
[0.766s] DEBUG:colcon.colcon_installed_package_information.package_discovery:Found 1 installed packages in /home/tayya/four_wheel_ws/install
[0.767s] DEBUG:colcon.colcon_installed_package_information.package_discovery:Found 1 installed packages in /home/tayya/robot_ws/install
[0.770s] DEBUG:colcon.colcon_installed_package_information.package_discovery:Found 282 installed packages in /opt/ros/humble
[0.773s] Level 1:colcon.colcon_core.package_discovery:discover_packages(prefix_path) using defaults
[0.860s] Level 5:colcon.colcon_core.verb:set package 'four_wheel_vehicle' build argument 'cmake_args' from command line to 'None'
[0.860s] Level 5:colcon.colcon_core.verb:set package 'four_wheel_vehicle' build argument 'cmake_target' from command line to 'None'
[0.861s] Level 5:colcon.colcon_core.verb:set package 'four_wheel_vehicle' build argument 'cmake_target_skip_unavailable' from command line to 'False'
[0.861s] Level 5:colcon.colcon_core.verb:set package 'four_wheel_vehicle' build argument 'cmake_clean_cache' from command line to 'False'
[0.861s] Level 5:colcon.colcon_core.verb:set package 'four_wheel_vehicle' build argument 'cmake_clean_first' from command line to 'False'
[0.861s] Level 5:colcon.colcon_core.verb:set package 'four_wheel_vehicle' build argument 'cmake_force_configure' from command line to 'False'
[0.861s] Level 5:colcon.colcon_core.verb:set package 'four_wheel_vehicle' build argument 'ament_cmake_args' from command line to 'None'
[0.861s] Level 5:colcon.colcon_core.verb:set package 'four_wheel_vehicle' build argument 'catkin_cmake_args' from command line to 'None'
[0.861s] Level 5:colcon.colcon_core.verb:set package 'four_wheel_vehicle' build argument 'catkin_skip_building_tests' from command line to 'False'
[0.861s] DEBUG:colcon.colcon_core.verb:Building package 'four_wheel_vehicle' with the following arguments: {'ament_cmake_args': None, 'build_base': '/home/tayya/four_wheel_ws/build/four_wheel_vehicle', 'catkin_cmake_args': None, 'catkin_skip_building_tests': False, 'cmake_args': None, 'cmake_clean_cache': False, 'cmake_clean_first': False, 'cmake_force_configure': False, 'cmake_target': None, 'cmake_target_skip_unavailable': False, 'install_base': '/home/tayya/four_wheel_ws/install/four_wheel_vehicle', 'merge_install': False, 'path': '/home/tayya/four_wheel_ws/src/four_wheel_vehicle', 'symlink_install': False, 'test_result_base': None}
[0.861s] INFO:colcon.colcon_core.executor:Executing jobs using 'parallel' executor
[0.864s] DEBUG:colcon.colcon_parallel_executor.executor.parallel:run_until_complete
[0.864s] INFO:colcon.colcon_ros.task.ament_cmake.build:Building ROS package in '/home/tayya/four_wheel_ws/src/four_wheel_vehicle' with build type 'ament_cmake'
[0.865s] INFO:colcon.colcon_cmake.task.cmake.build:Building CMake package in '/home/tayya/four_wheel_ws/src/four_wheel_vehicle'
[0.870s] INFO:colcon.colcon_core.plugin_system:Skipping extension 'colcon_core.shell.bat': Not used on non-Windows systems
[0.871s] INFO:colcon.colcon_core.shell:Skip shell extension 'powershell' for command environment: Not usable outside of PowerShell
[0.871s] DEBUG:colcon.colcon_core.shell:Skip shell extension 'dsv' for command environment
[0.901s] DEBUG:colcon.colcon_core.event_handler.log_command:Invoking command in '/home/tayya/four_wheel_ws/build/four_wheel_vehicle': CMAKE_PREFIX_PATH=${CMAKE_PREFIX_PATH}:/opt/ros/humble /usr/bin/cmake --build /home/tayya/four_wheel_ws/build/four_wheel_vehicle -- -j8 -l8
[0.976s] DEBUG:colcon.colcon_core.event_handler.log_command:Invoked command in '/home/tayya/four_wheel_ws/build/four_wheel_vehicle' returned '0': CMAKE_PREFIX_PATH=${CMAKE_PREFIX_PATH}:/opt/ros/humble /usr/bin/cmake --build /home/tayya/four_wheel_ws/build/four_wheel_vehicle -- -j8 -l8
[0.997s] DEBUG:colcon.colcon_core.event_handler.log_command:Invoking command in '/home/tayya/four_wheel_ws/build/four_wheel_vehicle': CMAKE_PREFIX_PATH=${CMAKE_PREFIX_PATH}:/opt/ros/humble /usr/bin/cmake --install /home/tayya/four_wheel_ws/build/four_wheel_vehicle
[1.016s] Level 1:colcon.colcon_core.environment:create_environment_scripts_only(four_wheel_vehicle)
[1.020s] DEBUG:colcon.colcon_core.event_handler.log_command:Invoked command in '/home/tayya/four_wheel_ws/build/four_wheel_vehicle' returned '0': CMAKE_PREFIX_PATH=${CMAKE_PREFIX_PATH}:/opt/ros/humble /usr/bin/cmake --install /home/tayya/four_wheel_ws/build/four_wheel_vehicle
[1.023s] Level 1:colcon.colcon_core.environment:checking '/home/tayya/four_wheel_ws/install/four_wheel_vehicle' for CMake module files
[1.024s] Level 1:colcon.colcon_core.environment:checking '/home/tayya/four_wheel_ws/install/four_wheel_vehicle' for CMake config files
[1.025s] Level 1:colcon.colcon_core.shell:create_environment_hook('four_wheel_vehicle', 'cmake_prefix_path')
[1.025s] INFO:colcon.colcon_core.shell:Creating environment hook '/home/tayya/four_wheel_ws/install/four_wheel_vehicle/share/four_wheel_vehicle/hook/cmake_prefix_path.ps1'
[1.027s] INFO:colcon.colcon_core.shell:Creating environment descriptor '/home/tayya/four_wheel_ws/install/four_wheel_vehicle/share/four_wheel_vehicle/hook/cmake_prefix_path.dsv'
[1.028s] INFO:colcon.colcon_core.shell:Creating environment hook '/home/tayya/four_wheel_ws/install/four_wheel_vehicle/share/four_wheel_vehicle/hook/cmake_prefix_path.sh'
[1.030s] Level 1:colcon.colcon_core.environment:checking '/home/tayya/four_wheel_ws/install/four_wheel_vehicle/bin'
[1.031s] Level 1:colcon.colcon_core.environment:checking '/home/tayya/four_wheel_ws/install/four_wheel_vehicle/lib/pkgconfig/four_wheel_vehicle.pc'
[1.032s] Level 1:colcon.colcon_core.environment:checking '/home/tayya/four_wheel_ws/install/four_wheel_vehicle/lib/python3.10/site-packages'
[1.032s] Level 1:colcon.colcon_core.environment:checking '/home/tayya/four_wheel_ws/install/four_wheel_vehicle/bin'
[1.033s] INFO:colcon.colcon_core.shell:Creating package script '/home/tayya/four_wheel_ws/install/four_wheel_vehicle/share/four_wheel_vehicle/package.ps1'
[1.035s] INFO:colcon.colcon_core.shell:Creating package descriptor '/home/tayya/four_wheel_ws/install/four_wheel_vehicle/share/four_wheel_vehicle/package.dsv'
[1.037s] INFO:colcon.colcon_core.shell:Creating package script '/home/tayya/four_wheel_ws/install/four_wheel_vehicle/share/four_wheel_vehicle/package.sh'
[1.038s] INFO:colcon.colcon_core.shell:Creating package script '/home/tayya/four_wheel_ws/install/four_wheel_vehicle/share/four_wheel_vehicle/package.bash'
[1.040s] INFO:colcon.colcon_core.shell:Creating package script '/home/tayya/four_wheel_ws/install/four_wheel_vehicle/share/four_wheel_vehicle/package.zsh'
[1.041s] Level 1:colcon.colcon_core.environment:create_file_with_runtime_dependencies(/home/tayya/four_wheel_ws/install/four_wheel_vehicle/share/colcon-core/packages/four_wheel_vehicle)
[1.042s] Level 1:colcon.colcon_core.environment:create_environment_scripts_only(four_wheel_vehicle)
[1.043s] Level 1:colcon.colcon_core.environment:checking '/home/tayya/four_wheel_ws/install/four_wheel_vehicle' for CMake module files
[1.044s] Level 1:colcon.colcon_core.environment:checking '/home/tayya/four_wheel_ws/install/four_wheel_vehicle' for CMake config files
[1.044s] Level 1:colcon.colcon_core.shell:create_environment_hook('four_wheel_vehicle', 'cmake_prefix_path')
[1.045s] INFO:colcon.colcon_core.shell:Creating environment hook '/home/tayya/four_wheel_ws/install/four_wheel_vehicle/share/four_wheel_vehicle/hook/cmake_prefix_path.ps1'
[1.046s] INFO:colcon.colcon_core.shell:Creating environment descriptor '/home/tayya/four_wheel_ws/install/four_wheel_vehicle/share/four_wheel_vehicle/hook/cmake_prefix_path.dsv'
[1.046s] INFO:colcon.colcon_core.shell:Creating environment hook '/home/tayya/four_wheel_ws/install/four_wheel_vehicle/share/four_wheel_vehicle/hook/cmake_prefix_path.sh'
[1.048s] Level 1:colcon.colcon_core.environment:checking '/home/tayya/four_wheel_ws/install/four_wheel_vehicle/bin'
[1.048s] Level 1:colcon.colcon_core.environment:checking '/home/tayya/four_wheel_ws/install/four_wheel_vehicle/lib/pkgconfig/four_wheel_vehicle.pc'
[1.048s] Level 1:colcon.colcon_core.environment:checking '/home/tayya/four_wheel_ws/install/four_wheel_vehicle/lib/python3.10/site-packages'
[1.049s] Level 1:colcon.colcon_core.environment:checking '/home/tayya/four_wheel_ws/install/four_wheel_vehicle/bin'
[1.050s] INFO:colcon.colcon_core.shell:Creating package script '/home/tayya/four_wheel_ws/install/four_wheel_vehicle/share/four_wheel_vehicle/package.ps1'
[1.051s] INFO:colcon.colcon_core.shell:Creating package descriptor '/home/tayya/four_wheel_ws/install/four_wheel_vehicle/share/four_wheel_vehicle/package.dsv'
[1.052s] INFO:colcon.colcon_core.shell:Creating package script '/home/tayya/four_wheel_ws/install/four_wheel_vehicle/share/four_wheel_vehicle/package.sh'
[1.053s] INFO:colcon.colcon_core.shell:Creating package script '/home/tayya/four_wheel_ws/install/four_wheel_vehicle/share/four_wheel_vehicle/package.bash'
[1.053s] INFO:colcon.colcon_core.shell:Creating package script '/home/tayya/four_wheel_ws/install/four_wheel_vehicle/share/four_wheel_vehicle/package.zsh'
[1.055s] Level 1:colcon.colcon_core.environment:create_file_with_runtime_dependencies(/home/tayya/four_wheel_ws/install/four_wheel_vehicle/share/colcon-core/packages/four_wheel_vehicle)
[1.056s] DEBUG:colcon.colcon_parallel_executor.executor.parallel:closing loop
[1.056s] DEBUG:colcon.colcon_parallel_executor.executor.parallel:loop closed
[1.057s] DEBUG:colcon.colcon_parallel_executor.executor.parallel:run_until_complete finished with '0'
[1.057s] DEBUG:colcon.colcon_core.event_reactor:joining thread
[1.067s] INFO:colcon.colcon_core.plugin_system:Skipping extension 'colcon_notification.desktop_notification.terminal_notifier': Not used on non-Darwin systems
[1.068s] INFO:colcon.colcon_core.plugin_system:Skipping extension 'colcon_notification.desktop_notification.win32': Not used on non-Windows systems
[1.068s] INFO:colcon.colcon_notification.desktop_notification:Sending desktop notification using 'notify2'
[1.092s] DEBUG:colcon.colcon_core.event_reactor:joined thread
[1.093s] INFO:colcon.colcon_core.shell:Creating prefix script '/home/tayya/four_wheel_ws/install/local_setup.ps1'
[1.097s] INFO:colcon.colcon_core.shell:Creating prefix util module '/home/tayya/four_wheel_ws/install/_local_setup_util_ps1.py'
[1.103s] INFO:colcon.colcon_core.shell:Creating prefix chain script '/home/tayya/four_wheel_ws/install/setup.ps1'
[1.107s] INFO:colcon.colcon_core.shell:Creating prefix script '/home/tayya/four_wheel_ws/install/local_setup.sh'
[1.109s] INFO:colcon.colcon_core.shell:Creating prefix util module '/home/tayya/four_wheel_ws/install/_local_setup_util_sh.py'
[1.111s] INFO:colcon.colcon_core.shell:Creating prefix chain script '/home/tayya/four_wheel_ws/install/setup.sh'
[1.115s] INFO:colcon.colcon_core.shell:Creating prefix script '/home/tayya/four_wheel_ws/install/local_setup.bash'
[1.116s] INFO:colcon.colcon_core.shell:Creating prefix chain script '/home/tayya/four_wheel_ws/install/setup.bash'
[1.119s] INFO:colcon.colcon_core.shell:Creating prefix script '/home/tayya/four_wheel_ws/install/local_setup.zsh'
[1.120s] INFO:colcon.colcon_core.shell:Creating prefix chain script '/home/tayya/four_wheel_ws/install/setup.zsh'
