[0.078s] Invoking command in '/home/tayya/four_wheel_ws/build/four_wheel_vehicle': CMAKE_PREFIX_PATH=${CMAKE_PREFIX_PATH}:/opt/ros/humble /usr/bin/cmake --build /home/tayya/four_wheel_ws/build/four_wheel_vehicle -- -j8 -l8
[0.205s] Invoked command in '/home/tayya/four_wheel_ws/build/four_wheel_vehicle' returned '0': CMAKE_PREFIX_PATH=${CMAKE_PREFIX_PATH}:/opt/ros/humble /usr/bin/cmake --build /home/tayya/four_wheel_ws/build/four_wheel_vehicle -- -j8 -l8
[0.228s] Invoking command in '/home/tayya/four_wheel_ws/build/four_wheel_vehicle': CMAKE_PREFIX_PATH=${CMAKE_PREFIX_PATH}:/opt/ros/humble /usr/bin/cmake --install /home/tayya/four_wheel_ws/build/four_wheel_vehicle
[0.250s] -- Install configuration: ""
[0.250s] -- Up-to-date: /home/tayya/four_wheel_ws/install/four_wheel_vehicle/share/four_wheel_vehicle//urdf
[0.251s] -- Up-to-date: /home/tayya/four_wheel_ws/install/four_wheel_vehicle/share/four_wheel_vehicle//urdf/camera.xacro
[0.251s] -- Up-to-date: /home/tayya/four_wheel_ws/install/four_wheel_vehicle/share/four_wheel_vehicle//urdf/base.xacro
[0.252s] -- Up-to-date: /home/tayya/four_wheel_ws/install/four_wheel_vehicle/share/four_wheel_vehicle//urdf/vehicle.urdf.xacro
[0.252s] -- Up-to-date: /home/tayya/four_wheel_ws/install/four_wheel_vehicle/share/four_wheel_vehicle//urdf/lidar.xacro
[0.253s] -- Up-to-date: /home/tayya/four_wheel_ws/install/four_wheel_vehicle/share/four_wheel_vehicle//urdf/base_gazcbo.xacro
[0.253s] -- Up-to-date: /home/tayya/four_wheel_ws/install/four_wheel_vehicle/share/four_wheel_vehicle//urdf/common_properties.xacro
[0.253s] -- Up-to-date: /home/tayya/four_wheel_ws/install/four_wheel_vehicle/share/four_wheel_vehicle//launch
[0.253s] -- Up-to-date: /home/tayya/four_wheel_ws/install/four_wheel_vehicle/share/four_wheel_vehicle//launch/display_vehicle.launch.py
[0.254s] -- Up-to-date: /home/tayya/four_wheel_ws/install/four_wheel_vehicle/share/four_wheel_vehicle//rviz
[0.254s] -- Up-to-date: /home/tayya/four_wheel_ws/install/four_wheel_vehicle/share/four_wheel_vehicle//rviz/rviz_fwv.rviz
[0.254s] -- Up-to-date: /home/tayya/four_wheel_ws/install/four_wheel_vehicle/share/ament_index/resource_index/package_run_dependencies/four_wheel_vehicle
[0.254s] -- Up-to-date: /home/tayya/four_wheel_ws/install/four_wheel_vehicle/share/ament_index/resource_index/parent_prefix_path/four_wheel_vehicle
[0.255s] -- Up-to-date: /home/tayya/four_wheel_ws/install/four_wheel_vehicle/share/four_wheel_vehicle/environment/ament_prefix_path.sh
[0.255s] -- Up-to-date: /home/tayya/four_wheel_ws/install/four_wheel_vehicle/share/four_wheel_vehicle/environment/ament_prefix_path.dsv
[0.255s] -- Up-to-date: /home/tayya/four_wheel_ws/install/four_wheel_vehicle/share/four_wheel_vehicle/environment/path.sh
[0.256s] -- Up-to-date: /home/tayya/four_wheel_ws/install/four_wheel_vehicle/share/four_wheel_vehicle/environment/path.dsv
[0.257s] -- Up-to-date: /home/tayya/four_wheel_ws/install/four_wheel_vehicle/share/four_wheel_vehicle/local_setup.bash
[0.258s] -- Up-to-date: /home/tayya/four_wheel_ws/install/four_wheel_vehicle/share/four_wheel_vehicle/local_setup.sh
[0.259s] -- Up-to-date: /home/tayya/four_wheel_ws/install/four_wheel_vehicle/share/four_wheel_vehicle/local_setup.zsh
[0.259s] -- Up-to-date: /home/tayya/four_wheel_ws/install/four_wheel_vehicle/share/four_wheel_vehicle/local_setup.dsv
[0.259s] -- Installing: /home/tayya/four_wheel_ws/install/four_wheel_vehicle/share/four_wheel_vehicle/package.dsv
[0.260s] -- Up-to-date: /home/tayya/four_wheel_ws/install/four_wheel_vehicle/share/ament_index/resource_index/packages/four_wheel_vehicle
[0.261s] -- Up-to-date: /home/tayya/four_wheel_ws/install/four_wheel_vehicle/share/four_wheel_vehicle/cmake/four_wheel_vehicleConfig.cmake
[0.262s] -- Up-to-date: /home/tayya/four_wheel_ws/install/four_wheel_vehicle/share/four_wheel_vehicle/cmake/four_wheel_vehicleConfig-version.cmake
[0.264s] -- Up-to-date: /home/tayya/four_wheel_ws/install/four_wheel_vehicle/share/four_wheel_vehicle/package.xml
[0.275s] Invoked command in '/home/tayya/four_wheel_ws/build/four_wheel_vehicle' returned '0': CMAKE_PREFIX_PATH=${CMAKE_PREFIX_PATH}:/opt/ros/humble /usr/bin/cmake --install /home/tayya/four_wheel_ws/build/four_wheel_vehicle
