[0.052s] Invoking command in '/home/tayya/four_wheel_ws/build/four_wheel_vehicle': CMAKE_PREFIX_PATH=${CMAKE_PREFIX_PATH}:/opt/ros/humble /usr/bin/cmake --build /home/tayya/four_wheel_ws/build/four_wheel_vehicle -- -j8 -l8
[0.169s] Invoked command in '/home/tayya/four_wheel_ws/build/four_wheel_vehicle' returned '0': CMAKE_PREFIX_PATH=${CMAKE_PREFIX_PATH}:/opt/ros/humble /usr/bin/cmake --build /home/tayya/four_wheel_ws/build/four_wheel_vehicle -- -j8 -l8
[0.200s] Invoking command in '/home/tayya/four_wheel_ws/build/four_wheel_vehicle': CMAKE_PREFIX_PATH=${CMAKE_PREFIX_PATH}:/opt/ros/humble /usr/bin/cmake --install /home/tayya/four_wheel_ws/build/four_wheel_vehicle
[0.221s] -- Install configuration: ""
[0.222s] -- Up-to-date: /home/tayya/four_wheel_ws/install/four_wheel_vehicle/share/four_wheel_vehicle//urdf
[0.222s] -- Up-to-date: /home/tayya/four_wheel_ws/install/four_wheel_vehicle/share/four_wheel_vehicle//urdf/camera.xacro
[0.223s] -- Up-to-date: /home/tayya/four_wheel_ws/install/four_wheel_vehicle/share/four_wheel_vehicle//urdf/base.xacro
[0.223s] -- Up-to-date: /home/tayya/four_wheel_ws/install/four_wheel_vehicle/share/four_wheel_vehicle//urdf/vehicle.urdf.xacro
[0.223s] -- Up-to-date: /home/tayya/four_wheel_ws/install/four_wheel_vehicle/share/four_wheel_vehicle//urdf/lidar.xacro
[0.224s] -- Up-to-date: /home/tayya/four_wheel_ws/install/four_wheel_vehicle/share/four_wheel_vehicle//urdf/base_gazcbo.xacro
[0.224s] -- Up-to-date: /home/tayya/four_wheel_ws/install/four_wheel_vehicle/share/four_wheel_vehicle//urdf/common_properties.xacro
[0.224s] -- Up-to-date: /home/tayya/four_wheel_ws/install/four_wheel_vehicle/share/four_wheel_vehicle//launch
[0.225s] -- Up-to-date: /home/tayya/four_wheel_ws/install/four_wheel_vehicle/share/four_wheel_vehicle//launch/display_vehicle.launch.py
[0.225s] -- Up-to-date: /home/tayya/four_wheel_ws/install/four_wheel_vehicle/share/four_wheel_vehicle//rviz
[0.225s] -- Up-to-date: /home/tayya/four_wheel_ws/install/four_wheel_vehicle/share/four_wheel_vehicle//rviz/rviz_fwv.rviz
[0.226s] -- Up-to-date: /home/tayya/four_wheel_ws/install/four_wheel_vehicle/share/ament_index/resource_index/package_run_dependencies/four_wheel_vehicle
[0.226s] -- Up-to-date: /home/tayya/four_wheel_ws/install/four_wheel_vehicle/share/ament_index/resource_index/parent_prefix_path/four_wheel_vehicle
[0.226s] -- Up-to-date: /home/tayya/four_wheel_ws/install/four_wheel_vehicle/share/four_wheel_vehicle/environment/ament_prefix_path.sh
[0.227s] -- Up-to-date: /home/tayya/four_wheel_ws/install/four_wheel_vehicle/share/four_wheel_vehicle/environment/ament_prefix_path.dsv
[0.227s] -- Up-to-date: /home/tayya/four_wheel_ws/install/four_wheel_vehicle/share/four_wheel_vehicle/environment/path.sh
[0.227s] -- Up-to-date: /home/tayya/four_wheel_ws/install/four_wheel_vehicle/share/four_wheel_vehicle/environment/path.dsv
[0.227s] -- Up-to-date: /home/tayya/four_wheel_ws/install/four_wheel_vehicle/share/four_wheel_vehicle/local_setup.bash
[0.228s] -- Up-to-date: /home/tayya/four_wheel_ws/install/four_wheel_vehicle/share/four_wheel_vehicle/local_setup.sh
[0.228s] -- Up-to-date: /home/tayya/four_wheel_ws/install/four_wheel_vehicle/share/four_wheel_vehicle/local_setup.zsh
[0.228s] -- Up-to-date: /home/tayya/four_wheel_ws/install/four_wheel_vehicle/share/four_wheel_vehicle/local_setup.dsv
[0.228s] -- Installing: /home/tayya/four_wheel_ws/install/four_wheel_vehicle/share/four_wheel_vehicle/package.dsv
[0.228s] -- Up-to-date: /home/tayya/four_wheel_ws/install/four_wheel_vehicle/share/ament_index/resource_index/packages/four_wheel_vehicle
[0.229s] -- Up-to-date: /home/tayya/four_wheel_ws/install/four_wheel_vehicle/share/four_wheel_vehicle/cmake/four_wheel_vehicleConfig.cmake
[0.229s] -- Up-to-date: /home/tayya/four_wheel_ws/install/four_wheel_vehicle/share/four_wheel_vehicle/cmake/four_wheel_vehicleConfig-version.cmake
[0.230s] -- Up-to-date: /home/tayya/four_wheel_ws/install/four_wheel_vehicle/share/four_wheel_vehicle/package.xml
[0.245s] Invoked command in '/home/tayya/four_wheel_ws/build/four_wheel_vehicle' returned '0': CMAKE_PREFIX_PATH=${CMAKE_PREFIX_PATH}:/opt/ros/humble /usr/bin/cmake --install /home/tayya/four_wheel_ws/build/four_wheel_vehicle
