[0.092s] Invoking command in '/home/tayya/four_wheel_ws/build/robot_bringup': CMAKE_PREFIX_PATH=${CMAKE_PREFIX_PATH}:/opt/ros/humble /usr/bin/cmake --build /home/tayya/four_wheel_ws/build/robot_bringup -- -j8 -l8
[0.372s] Invoked command in '/home/tayya/four_wheel_ws/build/robot_bringup' returned '0': CMAKE_PREFIX_PATH=${CMAKE_PREFIX_PATH}:/opt/ros/humble /usr/bin/cmake --build /home/tayya/four_wheel_ws/build/robot_bringup -- -j8 -l8
[0.385s] Invoking command in '/home/tayya/four_wheel_ws/build/robot_bringup': CMAKE_PREFIX_PATH=${CMAKE_PREFIX_PATH}:/opt/ros/humble /usr/bin/cmake --install /home/tayya/four_wheel_ws/build/robot_bringup
[0.485s] -- Install configuration: ""
[0.488s] -- Up-to-date: /home/tayya/four_wheel_ws/install/robot_bringup/share/robot_bringup//launch
[0.490s] -- Up-to-date: /home/tayya/four_wheel_ws/install/robot_bringup/share/robot_bringup//launch/robot_gazebo.launch.py
[0.491s] -- Up-to-date: /home/tayya/four_wheel_ws/install/robot_bringup/share/robot_bringup//launch/robot_joy_control.launch.py
[0.492s] -- Up-to-date: /home/tayya/four_wheel_ws/install/robot_bringup/share/robot_bringup//launch/command.txt
[0.492s] -- Up-to-date: /home/tayya/four_wheel_ws/install/robot_bringup/share/robot_bringup//launch/joy_tr.launch.py
[0.492s] -- Up-to-date: /home/tayya/four_wheel_ws/install/robot_bringup/share/robot_bringup//rviz
[0.500s] -- Up-to-date: /home/tayya/four_wheel_ws/install/robot_bringup/share/robot_bringup//rviz/gzb_rviiz.rviz
[0.501s] -- Up-to-date: /home/tayya/four_wheel_ws/install/robot_bringup/share/robot_bringup//world
[0.502s] -- Up-to-date: /home/tayya/four_wheel_ws/install/robot_bringup/share/robot_bringup//world/world_farm.world
[0.504s] -- Up-to-date: /home/tayya/four_wheel_ws/install/robot_bringup/share/robot_bringup//map
[0.506s] -- Up-to-date: /home/tayya/four_wheel_ws/install/robot_bringup/share/robot_bringup//map/farm_map.pgm
[0.507s] -- Up-to-date: /home/tayya/four_wheel_ws/install/robot_bringup/share/robot_bringup//map/farm_map.yaml
[0.507s] -- Up-to-date: /home/tayya/four_wheel_ws/install/robot_bringup/share/ament_index/resource_index/package_run_dependencies/robot_bringup
[0.508s] -- Up-to-date: /home/tayya/four_wheel_ws/install/robot_bringup/share/ament_index/resource_index/parent_prefix_path/robot_bringup
[0.509s] -- Up-to-date: /home/tayya/four_wheel_ws/install/robot_bringup/share/robot_bringup/environment/ament_prefix_path.sh
[0.511s] -- Up-to-date: /home/tayya/four_wheel_ws/install/robot_bringup/share/robot_bringup/environment/ament_prefix_path.dsv
[0.516s] -- Up-to-date: /home/tayya/four_wheel_ws/install/robot_bringup/share/robot_bringup/environment/path.sh
[0.520s] -- Up-to-date: /home/tayya/four_wheel_ws/install/robot_bringup/share/robot_bringup/environment/path.dsv
[0.528s] -- Up-to-date: /home/tayya/four_wheel_ws/install/robot_bringup/share/robot_bringup/local_setup.bash
[0.529s] -- Up-to-date: /home/tayya/four_wheel_ws/install/robot_bringup/share/robot_bringup/local_setup.sh
[0.529s] -- Up-to-date: /home/tayya/four_wheel_ws/install/robot_bringup/share/robot_bringup/local_setup.zsh
[0.533s] -- Up-to-date: /home/tayya/four_wheel_ws/install/robot_bringup/share/robot_bringup/local_setup.dsv
[0.538s] -- Installing: /home/tayya/four_wheel_ws/install/robot_bringup/share/robot_bringup/package.dsv
[0.539s] -- Up-to-date: /home/tayya/four_wheel_ws/install/robot_bringup/share/ament_index/resource_index/packages/robot_bringup
[0.544s] -- Up-to-date: /home/tayya/four_wheel_ws/install/robot_bringup/share/robot_bringup/cmake/robot_bringupConfig.cmake
[0.545s] -- Up-to-date: /home/tayya/four_wheel_ws/install/robot_bringup/share/robot_bringup/cmake/robot_bringupConfig-version.cmake
[0.545s] -- Up-to-date: /home/tayya/four_wheel_ws/install/robot_bringup/share/robot_bringup/package.xml
[0.706s] Invoked command in '/home/tayya/four_wheel_ws/build/robot_bringup' returned '0': CMAKE_PREFIX_PATH=${CMAKE_PREFIX_PATH}:/opt/ros/humble /usr/bin/cmake --install /home/tayya/four_wheel_ws/build/robot_bringup
