[0.092s] DEBUG:colcon:Command line arguments: ['/usr/bin/colcon', 'build']
[0.092s] DEBUG:colcon:Parsed command line arguments: Namespace(log_base=None, log_level=None, verb_name='build', build_base='build', install_base='install', merge_install=False, symlink_install=False, test_result_base=None, continue_on_error=False, executor='parallel', parallel_workers=8, event_handlers=None, ignore_user_meta=False, metas=['./colcon.meta'], base_paths=['.'], packages_ignore=None, packages_ignore_regex=None, paths=None, packages_up_to=None, packages_up_to_regex=None, packages_above=None, packages_above_and_dependencies=None, packages_above_depth=None, packages_select_by_dep=None, packages_skip_by_dep=None, packages_skip_up_to=None, packages_select_build_failed=False, packages_skip_build_finished=False, packages_select_test_failures=False, packages_skip_test_passed=False, packages_select=None, packages_skip=None, packages_select_regex=None, packages_skip_regex=None, packages_start=None, packages_end=None, allow_overriding=[], cmake_args=None, cmake_target=None, cmake_target_skip_unavailable=False, cmake_clean_cache=False, cmake_clean_first=False, cmake_force_configure=False, ament_cmake_args=None, catkin_cmake_args=None, catkin_skip_building_tests=False, mixin_files=None, mixin=None, verb_parser=<colcon_mixin.mixin.mixin_argument.MixinArgumentDecorator object at 0x76944b45d840>, verb_extension=<colcon_core.verb.build.BuildVerb object at 0x76944b45d300>, main=<bound method BuildVerb.main of <colcon_core.verb.build.BuildVerb object at 0x76944b45d300>>, mixin_verb=('build',))
[0.236s] Level 1:colcon.colcon_core.package_discovery:discover_packages(colcon_meta) check parameters
[0.236s] Level 1:colcon.colcon_core.package_discovery:discover_packages(recursive) check parameters
[0.236s] Level 1:colcon.colcon_core.package_discovery:discover_packages(ignore) check parameters
[0.236s] Level 1:colcon.colcon_core.package_discovery:discover_packages(path) check parameters
[0.236s] Level 1:colcon.colcon_core.package_discovery:discover_packages(colcon_meta) discover
[0.236s] Level 1:colcon.colcon_core.package_discovery:discover_packages(recursive) discover
[0.237s] INFO:colcon.colcon_core.package_discovery:Crawling recursively for packages in '/home/tayya/four_wheel_ws'
[0.237s] Level 1:colcon.colcon_core.package_identification:_identify(.) by extensions ['ignore', 'ignore_ament_install']
[0.237s] Level 1:colcon.colcon_core.package_identification:_identify(.) by extension 'ignore'
[0.237s] Level 1:colcon.colcon_core.package_identification:_identify(.) by extension 'ignore_ament_install'
[0.237s] Level 1:colcon.colcon_core.package_identification:_identify(.) by extensions ['colcon_pkg']
[0.237s] Level 1:colcon.colcon_core.package_identification:_identify(.) by extension 'colcon_pkg'
[0.237s] Level 1:colcon.colcon_core.package_identification:_identify(.) by extensions ['colcon_meta']
[0.237s] Level 1:colcon.colcon_core.package_identification:_identify(.) by extension 'colcon_meta'
[0.237s] Level 1:colcon.colcon_core.package_identification:_identify(.) by extensions ['ros']
[0.237s] Level 1:colcon.colcon_core.package_identification:_identify(.) by extension 'ros'
[0.246s] Level 1:colcon.colcon_core.package_identification:_identify(.) by extensions ['cmake', 'python']
[0.246s] Level 1:colcon.colcon_core.package_identification:_identify(.) by extension 'cmake'
[0.246s] Level 1:colcon.colcon_core.package_identification:_identify(.) by extension 'python'
[0.246s] Level 1:colcon.colcon_core.package_identification:_identify(.) by extensions ['python_setup_py']
[0.246s] Level 1:colcon.colcon_core.package_identification:_identify(.) by extension 'python_setup_py'
[0.246s] Level 1:colcon.colcon_core.package_identification:_identify(a) by extensions ['ignore', 'ignore_ament_install']
[0.247s] Level 1:colcon.colcon_core.package_identification:_identify(a) by extension 'ignore'
[0.247s] Level 1:colcon.colcon_core.package_identification:_identify(a) by extension 'ignore_ament_install'
[0.247s] Level 1:colcon.colcon_core.package_identification:_identify(a) by extensions ['colcon_pkg']
[0.247s] Level 1:colcon.colcon_core.package_identification:_identify(a) by extension 'colcon_pkg'
[0.247s] Level 1:colcon.colcon_core.package_identification:_identify(a) by extensions ['colcon_meta']
[0.247s] Level 1:colcon.colcon_core.package_identification:_identify(a) by extension 'colcon_meta'
[0.247s] Level 1:colcon.colcon_core.package_identification:_identify(a) by extensions ['ros']
[0.247s] Level 1:colcon.colcon_core.package_identification:_identify(a) by extension 'ros'
[0.247s] Level 1:colcon.colcon_core.package_identification:_identify(a) by extensions ['cmake', 'python']
[0.247s] Level 1:colcon.colcon_core.package_identification:_identify(a) by extension 'cmake'
[0.247s] Level 1:colcon.colcon_core.package_identification:_identify(a) by extension 'python'
[0.247s] Level 1:colcon.colcon_core.package_identification:_identify(a) by extensions ['python_setup_py']
[0.247s] Level 1:colcon.colcon_core.package_identification:_identify(a) by extension 'python_setup_py'
[0.247s] Level 1:colcon.colcon_core.package_identification:_identify(build) by extensions ['ignore', 'ignore_ament_install']
[0.247s] Level 1:colcon.colcon_core.package_identification:_identify(build) by extension 'ignore'
[0.247s] Level 1:colcon.colcon_core.package_identification:_identify(build) ignored
[0.248s] Level 1:colcon.colcon_core.package_identification:_identify(install) by extensions ['ignore', 'ignore_ament_install']
[0.248s] Level 1:colcon.colcon_core.package_identification:_identify(install) by extension 'ignore'
[0.248s] Level 1:colcon.colcon_core.package_identification:_identify(install) ignored
[0.248s] Level 1:colcon.colcon_core.package_identification:_identify(log) by extensions ['ignore', 'ignore_ament_install']
[0.248s] Level 1:colcon.colcon_core.package_identification:_identify(log) by extension 'ignore'
[0.248s] Level 1:colcon.colcon_core.package_identification:_identify(log) ignored
[0.248s] Level 1:colcon.colcon_core.package_identification:_identify(src) by extensions ['ignore', 'ignore_ament_install']
[0.248s] Level 1:colcon.colcon_core.package_identification:_identify(src) by extension 'ignore'
[0.249s] Level 1:colcon.colcon_core.package_identification:_identify(src) by extension 'ignore_ament_install'
[0.249s] Level 1:colcon.colcon_core.package_identification:_identify(src) by extensions ['colcon_pkg']
[0.249s] Level 1:colcon.colcon_core.package_identification:_identify(src) by extension 'colcon_pkg'
[0.249s] Level 1:colcon.colcon_core.package_identification:_identify(src) by extensions ['colcon_meta']
[0.249s] Level 1:colcon.colcon_core.package_identification:_identify(src) by extension 'colcon_meta'
[0.249s] Level 1:colcon.colcon_core.package_identification:_identify(src) by extensions ['ros']
[0.249s] Level 1:colcon.colcon_core.package_identification:_identify(src) by extension 'ros'
[0.249s] Level 1:colcon.colcon_core.package_identification:_identify(src) by extensions ['cmake', 'python']
[0.249s] Level 1:colcon.colcon_core.package_identification:_identify(src) by extension 'cmake'
[0.249s] Level 1:colcon.colcon_core.package_identification:_identify(src) by extension 'python'
[0.249s] Level 1:colcon.colcon_core.package_identification:_identify(src) by extensions ['python_setup_py']
[0.249s] Level 1:colcon.colcon_core.package_identification:_identify(src) by extension 'python_setup_py'
[0.249s] Level 1:colcon.colcon_core.package_identification:_identify(src/four_wheel_vehicle) by extensions ['ignore', 'ignore_ament_install']
[0.249s] Level 1:colcon.colcon_core.package_identification:_identify(src/four_wheel_vehicle) by extension 'ignore'
[0.249s] Level 1:colcon.colcon_core.package_identification:_identify(src/four_wheel_vehicle) by extension 'ignore_ament_install'
[0.249s] Level 1:colcon.colcon_core.package_identification:_identify(src/four_wheel_vehicle) by extensions ['colcon_pkg']
[0.249s] Level 1:colcon.colcon_core.package_identification:_identify(src/four_wheel_vehicle) by extension 'colcon_pkg'
[0.250s] Level 1:colcon.colcon_core.package_identification:_identify(src/four_wheel_vehicle) by extensions ['colcon_meta']
[0.250s] Level 1:colcon.colcon_core.package_identification:_identify(src/four_wheel_vehicle) by extension 'colcon_meta'
[0.250s] Level 1:colcon.colcon_core.package_identification:_identify(src/four_wheel_vehicle) by extensions ['ros']
[0.250s] Level 1:colcon.colcon_core.package_identification:_identify(src/four_wheel_vehicle) by extension 'ros'
[0.252s] DEBUG:colcon.colcon_core.package_identification:Package 'src/four_wheel_vehicle' with type 'ros.ament_cmake' and name 'four_wheel_vehicle'
[0.252s] Level 1:colcon.colcon_core.package_identification:_identify(src/robot_bringup) by extensions ['ignore', 'ignore_ament_install']
[0.252s] Level 1:colcon.colcon_core.package_identification:_identify(src/robot_bringup) by extension 'ignore'
[0.252s] Level 1:colcon.colcon_core.package_identification:_identify(src/robot_bringup) by extension 'ignore_ament_install'
[0.252s] Level 1:colcon.colcon_core.package_identification:_identify(src/robot_bringup) by extensions ['colcon_pkg']
[0.252s] Level 1:colcon.colcon_core.package_identification:_identify(src/robot_bringup) by extension 'colcon_pkg'
[0.252s] Level 1:colcon.colcon_core.package_identification:_identify(src/robot_bringup) by extensions ['colcon_meta']
[0.252s] Level 1:colcon.colcon_core.package_identification:_identify(src/robot_bringup) by extension 'colcon_meta'
[0.252s] Level 1:colcon.colcon_core.package_identification:_identify(src/robot_bringup) by extensions ['ros']
[0.252s] Level 1:colcon.colcon_core.package_identification:_identify(src/robot_bringup) by extension 'ros'
[0.252s] DEBUG:colcon.colcon_core.package_identification:Package 'src/robot_bringup' with type 'ros.ament_cmake' and name 'robot_bringup'
[0.253s] Level 1:colcon.colcon_core.package_identification:_identify(zinger_swerve_controller) by extensions ['ignore', 'ignore_ament_install']
[0.253s] Level 1:colcon.colcon_core.package_identification:_identify(zinger_swerve_controller) by extension 'ignore'
[0.253s] Level 1:colcon.colcon_core.package_identification:_identify(zinger_swerve_controller) by extension 'ignore_ament_install'
[0.253s] Level 1:colcon.colcon_core.package_identification:_identify(zinger_swerve_controller) by extensions ['colcon_pkg']
[0.253s] Level 1:colcon.colcon_core.package_identification:_identify(zinger_swerve_controller) by extension 'colcon_pkg'
[0.253s] Level 1:colcon.colcon_core.package_identification:_identify(zinger_swerve_controller) by extensions ['colcon_meta']
[0.253s] Level 1:colcon.colcon_core.package_identification:_identify(zinger_swerve_controller) by extension 'colcon_meta'
[0.253s] Level 1:colcon.colcon_core.package_identification:_identify(zinger_swerve_controller) by extensions ['ros']
[0.253s] Level 1:colcon.colcon_core.package_identification:_identify(zinger_swerve_controller) by extension 'ros'
[0.254s] DEBUG:colcon.colcon_core.package_identification:Package 'zinger_swerve_controller' with type 'ros.ament_python' and name 'zinger_swerve_controller'
[0.254s] Level 1:colcon.colcon_core.package_discovery:discover_packages(recursive) using defaults
[0.254s] Level 1:colcon.colcon_core.package_discovery:discover_packages(ignore) discover
[0.254s] Level 1:colcon.colcon_core.package_discovery:discover_packages(ignore) using defaults
[0.254s] Level 1:colcon.colcon_core.package_discovery:discover_packages(path) discover
[0.254s] Level 1:colcon.colcon_core.package_discovery:discover_packages(path) using defaults
[0.281s] Level 1:colcon.colcon_core.package_discovery:discover_packages(prefix_path) check parameters
[0.281s] Level 1:colcon.colcon_core.package_discovery:discover_packages(prefix_path) discover
[0.282s] DEBUG:colcon.colcon_installed_package_information.package_discovery:Found 2 installed packages in /home/tayya/four_wheel_ws/install
[0.284s] DEBUG:colcon.colcon_installed_package_information.package_discovery:Found 396 installed packages in /opt/ros/humble
[0.285s] Level 1:colcon.colcon_core.package_discovery:discover_packages(prefix_path) using defaults
[0.325s] Level 5:colcon.colcon_core.verb:set package 'four_wheel_vehicle' build argument 'cmake_args' from command line to 'None'
[0.325s] Level 5:colcon.colcon_core.verb:set package 'four_wheel_vehicle' build argument 'cmake_target' from command line to 'None'
[0.325s] Level 5:colcon.colcon_core.verb:set package 'four_wheel_vehicle' build argument 'cmake_target_skip_unavailable' from command line to 'False'
[0.325s] Level 5:colcon.colcon_core.verb:set package 'four_wheel_vehicle' build argument 'cmake_clean_cache' from command line to 'False'
[0.325s] Level 5:colcon.colcon_core.verb:set package 'four_wheel_vehicle' build argument 'cmake_clean_first' from command line to 'False'
[0.325s] Level 5:colcon.colcon_core.verb:set package 'four_wheel_vehicle' build argument 'cmake_force_configure' from command line to 'False'
[0.325s] Level 5:colcon.colcon_core.verb:set package 'four_wheel_vehicle' build argument 'ament_cmake_args' from command line to 'None'
[0.325s] Level 5:colcon.colcon_core.verb:set package 'four_wheel_vehicle' build argument 'catkin_cmake_args' from command line to 'None'
[0.325s] Level 5:colcon.colcon_core.verb:set package 'four_wheel_vehicle' build argument 'catkin_skip_building_tests' from command line to 'False'
[0.325s] DEBUG:colcon.colcon_core.verb:Building package 'four_wheel_vehicle' with the following arguments: {'ament_cmake_args': None, 'build_base': '/home/tayya/four_wheel_ws/build/four_wheel_vehicle', 'catkin_cmake_args': None, 'catkin_skip_building_tests': False, 'cmake_args': None, 'cmake_clean_cache': False, 'cmake_clean_first': False, 'cmake_force_configure': False, 'cmake_target': None, 'cmake_target_skip_unavailable': False, 'install_base': '/home/tayya/four_wheel_ws/install/four_wheel_vehicle', 'merge_install': False, 'path': '/home/tayya/four_wheel_ws/src/four_wheel_vehicle', 'symlink_install': False, 'test_result_base': None}
[0.326s] Level 5:colcon.colcon_core.verb:set package 'robot_bringup' build argument 'cmake_args' from command line to 'None'
[0.326s] Level 5:colcon.colcon_core.verb:set package 'robot_bringup' build argument 'cmake_target' from command line to 'None'
[0.326s] Level 5:colcon.colcon_core.verb:set package 'robot_bringup' build argument 'cmake_target_skip_unavailable' from command line to 'False'
[0.326s] Level 5:colcon.colcon_core.verb:set package 'robot_bringup' build argument 'cmake_clean_cache' from command line to 'False'
[0.326s] Level 5:colcon.colcon_core.verb:set package 'robot_bringup' build argument 'cmake_clean_first' from command line to 'False'
[0.326s] Level 5:colcon.colcon_core.verb:set package 'robot_bringup' build argument 'cmake_force_configure' from command line to 'False'
[0.326s] Level 5:colcon.colcon_core.verb:set package 'robot_bringup' build argument 'ament_cmake_args' from command line to 'None'
[0.326s] Level 5:colcon.colcon_core.verb:set package 'robot_bringup' build argument 'catkin_cmake_args' from command line to 'None'
[0.326s] Level 5:colcon.colcon_core.verb:set package 'robot_bringup' build argument 'catkin_skip_building_tests' from command line to 'False'
[0.326s] DEBUG:colcon.colcon_core.verb:Building package 'robot_bringup' with the following arguments: {'ament_cmake_args': None, 'build_base': '/home/tayya/four_wheel_ws/build/robot_bringup', 'catkin_cmake_args': None, 'catkin_skip_building_tests': False, 'cmake_args': None, 'cmake_clean_cache': False, 'cmake_clean_first': False, 'cmake_force_configure': False, 'cmake_target': None, 'cmake_target_skip_unavailable': False, 'install_base': '/home/tayya/four_wheel_ws/install/robot_bringup', 'merge_install': False, 'path': '/home/tayya/four_wheel_ws/src/robot_bringup', 'symlink_install': False, 'test_result_base': None}
[0.326s] Level 5:colcon.colcon_core.verb:set package 'zinger_swerve_controller' build argument 'cmake_args' from command line to 'None'
[0.326s] Level 5:colcon.colcon_core.verb:set package 'zinger_swerve_controller' build argument 'cmake_target' from command line to 'None'
[0.326s] Level 5:colcon.colcon_core.verb:set package 'zinger_swerve_controller' build argument 'cmake_target_skip_unavailable' from command line to 'False'
[0.326s] Level 5:colcon.colcon_core.verb:set package 'zinger_swerve_controller' build argument 'cmake_clean_cache' from command line to 'False'
[0.326s] Level 5:colcon.colcon_core.verb:set package 'zinger_swerve_controller' build argument 'cmake_clean_first' from command line to 'False'
[0.326s] Level 5:colcon.colcon_core.verb:set package 'zinger_swerve_controller' build argument 'cmake_force_configure' from command line to 'False'
[0.326s] Level 5:colcon.colcon_core.verb:set package 'zinger_swerve_controller' build argument 'ament_cmake_args' from command line to 'None'
[0.326s] Level 5:colcon.colcon_core.verb:set package 'zinger_swerve_controller' build argument 'catkin_cmake_args' from command line to 'None'
[0.327s] Level 5:colcon.colcon_core.verb:set package 'zinger_swerve_controller' build argument 'catkin_skip_building_tests' from command line to 'False'
[0.327s] DEBUG:colcon.colcon_core.verb:Building package 'zinger_swerve_controller' with the following arguments: {'ament_cmake_args': None, 'build_base': '/home/tayya/four_wheel_ws/build/zinger_swerve_controller', 'catkin_cmake_args': None, 'catkin_skip_building_tests': False, 'cmake_args': None, 'cmake_clean_cache': False, 'cmake_clean_first': False, 'cmake_force_configure': False, 'cmake_target': None, 'cmake_target_skip_unavailable': False, 'install_base': '/home/tayya/four_wheel_ws/install/zinger_swerve_controller', 'merge_install': False, 'path': '/home/tayya/four_wheel_ws/zinger_swerve_controller', 'symlink_install': False, 'test_result_base': None}
[0.327s] INFO:colcon.colcon_core.executor:Executing jobs using 'parallel' executor
[0.328s] DEBUG:colcon.colcon_parallel_executor.executor.parallel:run_until_complete
[0.328s] INFO:colcon.colcon_ros.task.ament_cmake.build:Building ROS package in '/home/tayya/four_wheel_ws/src/four_wheel_vehicle' with build type 'ament_cmake'
[0.328s] INFO:colcon.colcon_cmake.task.cmake.build:Building CMake package in '/home/tayya/four_wheel_ws/src/four_wheel_vehicle'
[0.330s] INFO:colcon.colcon_core.plugin_system:Skipping extension 'colcon_core.shell.bat': Not used on non-Windows systems
[0.330s] INFO:colcon.colcon_core.shell:Skip shell extension 'powershell' for command environment: Not usable outside of PowerShell
[0.330s] DEBUG:colcon.colcon_core.shell:Skip shell extension 'dsv' for command environment
[0.333s] INFO:colcon.colcon_ros.task.ament_cmake.build:Building ROS package in '/home/tayya/four_wheel_ws/src/robot_bringup' with build type 'ament_cmake'
[0.334s] INFO:colcon.colcon_cmake.task.cmake.build:Building CMake package in '/home/tayya/four_wheel_ws/src/robot_bringup'
[0.334s] INFO:colcon.colcon_core.shell:Skip shell extension 'powershell' for command environment: Not usable outside of PowerShell
[0.334s] DEBUG:colcon.colcon_core.shell:Skip shell extension 'dsv' for command environment
[0.337s] INFO:colcon.colcon_ros.task.ament_python.build:Building ROS package in '/home/tayya/four_wheel_ws/zinger_swerve_controller' with build type 'ament_python'
[0.337s] Level 1:colcon.colcon_core.shell:create_environment_hook('zinger_swerve_controller', 'ament_prefix_path')
[0.337s] INFO:colcon.colcon_core.shell:Creating environment hook '/home/tayya/four_wheel_ws/install/zinger_swerve_controller/share/zinger_swerve_controller/hook/ament_prefix_path.ps1'
[0.338s] INFO:colcon.colcon_core.shell:Creating environment descriptor '/home/tayya/four_wheel_ws/install/zinger_swerve_controller/share/zinger_swerve_controller/hook/ament_prefix_path.dsv'
[0.338s] INFO:colcon.colcon_core.shell:Creating environment hook '/home/tayya/four_wheel_ws/install/zinger_swerve_controller/share/zinger_swerve_controller/hook/ament_prefix_path.sh'
[0.339s] INFO:colcon.colcon_core.shell:Skip shell extension 'powershell' for command environment: Not usable outside of PowerShell
[0.339s] DEBUG:colcon.colcon_core.shell:Skip shell extension 'dsv' for command environment
[0.347s] DEBUG:colcon.colcon_core.event_handler.log_command:Invoking command in '/home/tayya/four_wheel_ws/build/four_wheel_vehicle': CMAKE_PREFIX_PATH=${CMAKE_PREFIX_PATH}:/opt/ros/humble /usr/bin/cmake --build /home/tayya/four_wheel_ws/build/four_wheel_vehicle -- -j8 -l8
[0.352s] DEBUG:colcon.colcon_core.event_handler.log_command:Invoking command in '/home/tayya/four_wheel_ws/build/robot_bringup': CMAKE_PREFIX_PATH=${CMAKE_PREFIX_PATH}:/opt/ros/humble /usr/bin/cmake --build /home/tayya/four_wheel_ws/build/robot_bringup -- -j8 -l8
[0.585s] INFO:colcon.colcon_core.task.python.build:Building Python package in '/home/tayya/four_wheel_ws/zinger_swerve_controller'
[0.586s] INFO:colcon.colcon_core.shell:Skip shell extension 'powershell' for command environment: Not usable outside of PowerShell
[0.586s] DEBUG:colcon.colcon_core.shell:Skip shell extension 'dsv' for command environment
[0.590s] DEBUG:colcon.colcon_core.event_handler.log_command:Invoked command in '/home/tayya/four_wheel_ws/build/four_wheel_vehicle' returned '0': CMAKE_PREFIX_PATH=${CMAKE_PREFIX_PATH}:/opt/ros/humble /usr/bin/cmake --build /home/tayya/four_wheel_ws/build/four_wheel_vehicle -- -j8 -l8
[0.598s] DEBUG:colcon.colcon_core.event_handler.log_command:Invoking command in '/home/tayya/four_wheel_ws/build/four_wheel_vehicle': CMAKE_PREFIX_PATH=${CMAKE_PREFIX_PATH}:/opt/ros/humble /usr/bin/cmake --install /home/tayya/four_wheel_ws/build/four_wheel_vehicle
[0.598s] DEBUG:colcon.colcon_core.event_handler.log_command:Invoked command in '/home/tayya/four_wheel_ws/build/robot_bringup' returned '0': CMAKE_PREFIX_PATH=${CMAKE_PREFIX_PATH}:/opt/ros/humble /usr/bin/cmake --build /home/tayya/four_wheel_ws/build/robot_bringup -- -j8 -l8
[0.600s] DEBUG:colcon.colcon_core.event_handler.log_command:Invoking command in '/home/tayya/four_wheel_ws/build/robot_bringup': CMAKE_PREFIX_PATH=${CMAKE_PREFIX_PATH}:/opt/ros/humble /usr/bin/cmake --install /home/tayya/four_wheel_ws/build/robot_bringup
[0.607s] Level 1:colcon.colcon_core.environment:create_environment_scripts_only(four_wheel_vehicle)
[0.608s] DEBUG:colcon.colcon_core.event_handler.log_command:Invoked command in '/home/tayya/four_wheel_ws/build/four_wheel_vehicle' returned '0': CMAKE_PREFIX_PATH=${CMAKE_PREFIX_PATH}:/opt/ros/humble /usr/bin/cmake --install /home/tayya/four_wheel_ws/build/four_wheel_vehicle
[0.611s] Level 1:colcon.colcon_core.environment:checking '/home/tayya/four_wheel_ws/install/four_wheel_vehicle' for CMake module files
[0.611s] Level 1:colcon.colcon_core.environment:checking '/home/tayya/four_wheel_ws/install/four_wheel_vehicle' for CMake config files
[0.611s] Level 1:colcon.colcon_core.shell:create_environment_hook('four_wheel_vehicle', 'cmake_prefix_path')
[0.612s] INFO:colcon.colcon_core.shell:Creating environment hook '/home/tayya/four_wheel_ws/install/four_wheel_vehicle/share/four_wheel_vehicle/hook/cmake_prefix_path.ps1'
[0.612s] INFO:colcon.colcon_core.shell:Creating environment descriptor '/home/tayya/four_wheel_ws/install/four_wheel_vehicle/share/four_wheel_vehicle/hook/cmake_prefix_path.dsv'
[0.612s] INFO:colcon.colcon_core.shell:Creating environment hook '/home/tayya/four_wheel_ws/install/four_wheel_vehicle/share/four_wheel_vehicle/hook/cmake_prefix_path.sh'
[0.613s] Level 1:colcon.colcon_core.environment:checking '/home/tayya/four_wheel_ws/install/four_wheel_vehicle/bin'
[0.613s] Level 1:colcon.colcon_core.environment:checking '/home/tayya/four_wheel_ws/install/four_wheel_vehicle/lib/pkgconfig/four_wheel_vehicle.pc'
[0.613s] Level 1:colcon.colcon_core.environment:checking '/home/tayya/four_wheel_ws/install/four_wheel_vehicle/lib/python3.10/site-packages'
[0.613s] Level 1:colcon.colcon_core.environment:checking '/home/tayya/four_wheel_ws/install/four_wheel_vehicle/bin'
[0.613s] INFO:colcon.colcon_core.shell:Creating package script '/home/tayya/four_wheel_ws/install/four_wheel_vehicle/share/four_wheel_vehicle/package.ps1'
[0.614s] INFO:colcon.colcon_core.shell:Creating package descriptor '/home/tayya/four_wheel_ws/install/four_wheel_vehicle/share/four_wheel_vehicle/package.dsv'
[0.615s] INFO:colcon.colcon_core.shell:Creating package script '/home/tayya/four_wheel_ws/install/four_wheel_vehicle/share/four_wheel_vehicle/package.sh'
[0.616s] INFO:colcon.colcon_core.shell:Creating package script '/home/tayya/four_wheel_ws/install/four_wheel_vehicle/share/four_wheel_vehicle/package.bash'
[0.617s] INFO:colcon.colcon_core.shell:Creating package script '/home/tayya/four_wheel_ws/install/four_wheel_vehicle/share/four_wheel_vehicle/package.zsh'
[0.617s] Level 1:colcon.colcon_core.environment:create_file_with_runtime_dependencies(/home/tayya/four_wheel_ws/install/four_wheel_vehicle/share/colcon-core/packages/four_wheel_vehicle)
[0.618s] Level 1:colcon.colcon_core.environment:create_environment_scripts_only(four_wheel_vehicle)
[0.618s] Level 1:colcon.colcon_core.environment:checking '/home/tayya/four_wheel_ws/install/four_wheel_vehicle' for CMake module files
[0.618s] Level 1:colcon.colcon_core.environment:checking '/home/tayya/four_wheel_ws/install/four_wheel_vehicle' for CMake config files
[0.619s] Level 1:colcon.colcon_core.shell:create_environment_hook('four_wheel_vehicle', 'cmake_prefix_path')
[0.619s] INFO:colcon.colcon_core.shell:Creating environment hook '/home/tayya/four_wheel_ws/install/four_wheel_vehicle/share/four_wheel_vehicle/hook/cmake_prefix_path.ps1'
[0.619s] INFO:colcon.colcon_core.shell:Creating environment descriptor '/home/tayya/four_wheel_ws/install/four_wheel_vehicle/share/four_wheel_vehicle/hook/cmake_prefix_path.dsv'
[0.619s] INFO:colcon.colcon_core.shell:Creating environment hook '/home/tayya/four_wheel_ws/install/four_wheel_vehicle/share/four_wheel_vehicle/hook/cmake_prefix_path.sh'
[0.620s] Level 1:colcon.colcon_core.environment:checking '/home/tayya/four_wheel_ws/install/four_wheel_vehicle/bin'
[0.620s] Level 1:colcon.colcon_core.environment:checking '/home/tayya/four_wheel_ws/install/four_wheel_vehicle/lib/pkgconfig/four_wheel_vehicle.pc'
[0.620s] Level 1:colcon.colcon_core.environment:checking '/home/tayya/four_wheel_ws/install/four_wheel_vehicle/lib/python3.10/site-packages'
[0.620s] Level 1:colcon.colcon_core.environment:checking '/home/tayya/four_wheel_ws/install/four_wheel_vehicle/bin'
[0.620s] INFO:colcon.colcon_core.shell:Creating package script '/home/tayya/four_wheel_ws/install/four_wheel_vehicle/share/four_wheel_vehicle/package.ps1'
[0.621s] INFO:colcon.colcon_core.shell:Creating package descriptor '/home/tayya/four_wheel_ws/install/four_wheel_vehicle/share/four_wheel_vehicle/package.dsv'
[0.622s] INFO:colcon.colcon_core.shell:Creating package script '/home/tayya/four_wheel_ws/install/four_wheel_vehicle/share/four_wheel_vehicle/package.sh'
[0.622s] INFO:colcon.colcon_core.shell:Creating package script '/home/tayya/four_wheel_ws/install/four_wheel_vehicle/share/four_wheel_vehicle/package.bash'
[0.622s] INFO:colcon.colcon_core.shell:Creating package script '/home/tayya/four_wheel_ws/install/four_wheel_vehicle/share/four_wheel_vehicle/package.zsh'
[0.623s] Level 1:colcon.colcon_core.environment:create_file_with_runtime_dependencies(/home/tayya/four_wheel_ws/install/four_wheel_vehicle/share/colcon-core/packages/four_wheel_vehicle)
[0.623s] Level 1:colcon.colcon_core.environment:create_environment_scripts_only(robot_bringup)
[0.624s] Level 1:colcon.colcon_core.environment:checking '/home/tayya/four_wheel_ws/install/robot_bringup' for CMake module files
[0.624s] DEBUG:colcon.colcon_core.event_handler.log_command:Invoked command in '/home/tayya/four_wheel_ws/build/robot_bringup' returned '0': CMAKE_PREFIX_PATH=${CMAKE_PREFIX_PATH}:/opt/ros/humble /usr/bin/cmake --install /home/tayya/four_wheel_ws/build/robot_bringup
[0.624s] Level 1:colcon.colcon_core.environment:checking '/home/tayya/four_wheel_ws/install/robot_bringup' for CMake config files
[0.625s] Level 1:colcon.colcon_core.shell:create_environment_hook('robot_bringup', 'cmake_prefix_path')
[0.625s] INFO:colcon.colcon_core.shell:Creating environment hook '/home/tayya/four_wheel_ws/install/robot_bringup/share/robot_bringup/hook/cmake_prefix_path.ps1'
[0.625s] INFO:colcon.colcon_core.shell:Creating environment descriptor '/home/tayya/four_wheel_ws/install/robot_bringup/share/robot_bringup/hook/cmake_prefix_path.dsv'
[0.626s] INFO:colcon.colcon_core.shell:Creating environment hook '/home/tayya/four_wheel_ws/install/robot_bringup/share/robot_bringup/hook/cmake_prefix_path.sh'
[0.626s] Level 1:colcon.colcon_core.environment:checking '/home/tayya/four_wheel_ws/install/robot_bringup/bin'
[0.626s] Level 1:colcon.colcon_core.environment:checking '/home/tayya/four_wheel_ws/install/robot_bringup/lib/pkgconfig/robot_bringup.pc'
[0.626s] Level 1:colcon.colcon_core.environment:checking '/home/tayya/four_wheel_ws/install/robot_bringup/lib/python3.10/site-packages'
[0.626s] Level 1:colcon.colcon_core.environment:checking '/home/tayya/four_wheel_ws/install/robot_bringup/bin'
[0.627s] INFO:colcon.colcon_core.shell:Creating package script '/home/tayya/four_wheel_ws/install/robot_bringup/share/robot_bringup/package.ps1'
[0.627s] INFO:colcon.colcon_core.shell:Creating package descriptor '/home/tayya/four_wheel_ws/install/robot_bringup/share/robot_bringup/package.dsv'
[0.627s] INFO:colcon.colcon_core.shell:Creating package script '/home/tayya/four_wheel_ws/install/robot_bringup/share/robot_bringup/package.sh'
[0.628s] INFO:colcon.colcon_core.shell:Creating package script '/home/tayya/four_wheel_ws/install/robot_bringup/share/robot_bringup/package.bash'
[0.628s] INFO:colcon.colcon_core.shell:Creating package script '/home/tayya/four_wheel_ws/install/robot_bringup/share/robot_bringup/package.zsh'
[0.628s] Level 1:colcon.colcon_core.environment:create_file_with_runtime_dependencies(/home/tayya/four_wheel_ws/install/robot_bringup/share/colcon-core/packages/robot_bringup)
[0.629s] Level 1:colcon.colcon_core.environment:create_environment_scripts_only(robot_bringup)
[0.629s] Level 1:colcon.colcon_core.environment:checking '/home/tayya/four_wheel_ws/install/robot_bringup' for CMake module files
[0.629s] Level 1:colcon.colcon_core.environment:checking '/home/tayya/four_wheel_ws/install/robot_bringup' for CMake config files
[0.630s] Level 1:colcon.colcon_core.shell:create_environment_hook('robot_bringup', 'cmake_prefix_path')
[0.630s] INFO:colcon.colcon_core.shell:Creating environment hook '/home/tayya/four_wheel_ws/install/robot_bringup/share/robot_bringup/hook/cmake_prefix_path.ps1'
[0.630s] INFO:colcon.colcon_core.shell:Creating environment descriptor '/home/tayya/four_wheel_ws/install/robot_bringup/share/robot_bringup/hook/cmake_prefix_path.dsv'
[0.630s] INFO:colcon.colcon_core.shell:Creating environment hook '/home/tayya/four_wheel_ws/install/robot_bringup/share/robot_bringup/hook/cmake_prefix_path.sh'
[0.631s] Level 1:colcon.colcon_core.environment:checking '/home/tayya/four_wheel_ws/install/robot_bringup/bin'
[0.631s] Level 1:colcon.colcon_core.environment:checking '/home/tayya/four_wheel_ws/install/robot_bringup/lib/pkgconfig/robot_bringup.pc'
[0.631s] Level 1:colcon.colcon_core.environment:checking '/home/tayya/four_wheel_ws/install/robot_bringup/lib/python3.10/site-packages'
[0.631s] Level 1:colcon.colcon_core.environment:checking '/home/tayya/four_wheel_ws/install/robot_bringup/bin'
[0.632s] INFO:colcon.colcon_core.shell:Creating package script '/home/tayya/four_wheel_ws/install/robot_bringup/share/robot_bringup/package.ps1'
[0.632s] INFO:colcon.colcon_core.shell:Creating package descriptor '/home/tayya/four_wheel_ws/install/robot_bringup/share/robot_bringup/package.dsv'
[0.632s] INFO:colcon.colcon_core.shell:Creating package script '/home/tayya/four_wheel_ws/install/robot_bringup/share/robot_bringup/package.sh'
[0.633s] INFO:colcon.colcon_core.shell:Creating package script '/home/tayya/four_wheel_ws/install/robot_bringup/share/robot_bringup/package.bash'
[0.633s] INFO:colcon.colcon_core.shell:Creating package script '/home/tayya/four_wheel_ws/install/robot_bringup/share/robot_bringup/package.zsh'
[0.633s] Level 1:colcon.colcon_core.environment:create_file_with_runtime_dependencies(/home/tayya/four_wheel_ws/install/robot_bringup/share/colcon-core/packages/robot_bringup)
[1.002s] DEBUG:colcon.colcon_core.event_handler.log_command:Invoking command in '/home/tayya/four_wheel_ws/zinger_swerve_controller': PYTHONPATH=/home/tayya/four_wheel_ws/build/zinger_swerve_controller/prefix_override:/usr/lib/python3/dist-packages/colcon_core/task/python/colcon_distutils_commands:/home/tayya/four_wheel_ws/install/zinger_swerve_controller/lib/python3.10/site-packages:${PYTHONPATH} /usr/bin/python3 -W ignore:setup.py install is deprecated -W ignore:easy_install command is deprecated setup.py egg_info --egg-base ../build/zinger_swerve_controller build --build-base /home/tayya/four_wheel_ws/build/zinger_swerve_controller/build install --record /home/tayya/four_wheel_ws/build/zinger_swerve_controller/install.log --single-version-externally-managed install_data
[1.275s] Level 1:colcon.colcon_core.environment:checking '/home/tayya/four_wheel_ws/install/zinger_swerve_controller' for CMake module files
[1.276s] DEBUG:colcon.colcon_core.event_handler.log_command:Invoked command in '/home/tayya/four_wheel_ws/zinger_swerve_controller' returned '0': PYTHONPATH=/home/tayya/four_wheel_ws/build/zinger_swerve_controller/prefix_override:/usr/lib/python3/dist-packages/colcon_core/task/python/colcon_distutils_commands:/home/tayya/four_wheel_ws/install/zinger_swerve_controller/lib/python3.10/site-packages:${PYTHONPATH} /usr/bin/python3 -W ignore:setup.py install is deprecated -W ignore:easy_install command is deprecated setup.py egg_info --egg-base ../build/zinger_swerve_controller build --build-base /home/tayya/four_wheel_ws/build/zinger_swerve_controller/build install --record /home/tayya/four_wheel_ws/build/zinger_swerve_controller/install.log --single-version-externally-managed install_data
[1.276s] Level 1:colcon.colcon_core.environment:checking '/home/tayya/four_wheel_ws/install/zinger_swerve_controller' for CMake config files
[1.277s] Level 1:colcon.colcon_core.environment:checking '/home/tayya/four_wheel_ws/install/zinger_swerve_controller/lib'
[1.277s] Level 1:colcon.colcon_core.environment:checking '/home/tayya/four_wheel_ws/install/zinger_swerve_controller/bin'
[1.277s] Level 1:colcon.colcon_core.environment:checking '/home/tayya/four_wheel_ws/install/zinger_swerve_controller/lib/pkgconfig/zinger_swerve_controller.pc'
[1.277s] Level 1:colcon.colcon_core.environment:checking '/home/tayya/four_wheel_ws/install/zinger_swerve_controller/lib/python3.10/site-packages'
[1.277s] Level 1:colcon.colcon_core.shell:create_environment_hook('zinger_swerve_controller', 'pythonpath')
[1.277s] INFO:colcon.colcon_core.shell:Creating environment hook '/home/tayya/four_wheel_ws/install/zinger_swerve_controller/share/zinger_swerve_controller/hook/pythonpath.ps1'
[1.278s] INFO:colcon.colcon_core.shell:Creating environment descriptor '/home/tayya/four_wheel_ws/install/zinger_swerve_controller/share/zinger_swerve_controller/hook/pythonpath.dsv'
[1.278s] INFO:colcon.colcon_core.shell:Creating environment hook '/home/tayya/four_wheel_ws/install/zinger_swerve_controller/share/zinger_swerve_controller/hook/pythonpath.sh'
[1.278s] Level 1:colcon.colcon_core.environment:checking '/home/tayya/four_wheel_ws/install/zinger_swerve_controller/bin'
[1.278s] Level 1:colcon.colcon_core.environment:create_environment_scripts_only(zinger_swerve_controller)
[1.279s] INFO:colcon.colcon_core.shell:Creating package script '/home/tayya/four_wheel_ws/install/zinger_swerve_controller/share/zinger_swerve_controller/package.ps1'
[1.279s] INFO:colcon.colcon_core.shell:Creating package descriptor '/home/tayya/four_wheel_ws/install/zinger_swerve_controller/share/zinger_swerve_controller/package.dsv'
[1.279s] INFO:colcon.colcon_core.shell:Creating package script '/home/tayya/four_wheel_ws/install/zinger_swerve_controller/share/zinger_swerve_controller/package.sh'
[1.280s] INFO:colcon.colcon_core.shell:Creating package script '/home/tayya/four_wheel_ws/install/zinger_swerve_controller/share/zinger_swerve_controller/package.bash'
[1.280s] INFO:colcon.colcon_core.shell:Creating package script '/home/tayya/four_wheel_ws/install/zinger_swerve_controller/share/zinger_swerve_controller/package.zsh'
[1.280s] Level 1:colcon.colcon_core.environment:create_file_with_runtime_dependencies(/home/tayya/four_wheel_ws/install/zinger_swerve_controller/share/colcon-core/packages/zinger_swerve_controller)
[1.280s] DEBUG:colcon.colcon_parallel_executor.executor.parallel:closing loop
[1.281s] DEBUG:colcon.colcon_parallel_executor.executor.parallel:loop closed
[1.281s] DEBUG:colcon.colcon_parallel_executor.executor.parallel:run_until_complete finished with '0'
[1.281s] DEBUG:colcon.colcon_core.event_reactor:joining thread
[1.285s] INFO:colcon.colcon_core.plugin_system:Skipping extension 'colcon_notification.desktop_notification.terminal_notifier': Not used on non-Darwin systems
[1.285s] INFO:colcon.colcon_core.plugin_system:Skipping extension 'colcon_notification.desktop_notification.win32': Not used on non-Windows systems
[1.285s] INFO:colcon.colcon_notification.desktop_notification:Sending desktop notification using 'notify2'
[1.296s] DEBUG:colcon.colcon_core.event_reactor:joined thread
[1.296s] INFO:colcon.colcon_core.shell:Creating prefix script '/home/tayya/four_wheel_ws/install/local_setup.ps1'
[1.297s] INFO:colcon.colcon_core.shell:Creating prefix util module '/home/tayya/four_wheel_ws/install/_local_setup_util_ps1.py'
[1.299s] INFO:colcon.colcon_core.shell:Creating prefix chain script '/home/tayya/four_wheel_ws/install/setup.ps1'
[1.300s] INFO:colcon.colcon_core.shell:Creating prefix script '/home/tayya/four_wheel_ws/install/local_setup.sh'
[1.300s] INFO:colcon.colcon_core.shell:Creating prefix util module '/home/tayya/four_wheel_ws/install/_local_setup_util_sh.py'
[1.301s] INFO:colcon.colcon_core.shell:Creating prefix chain script '/home/tayya/four_wheel_ws/install/setup.sh'
[1.302s] INFO:colcon.colcon_core.shell:Creating prefix script '/home/tayya/four_wheel_ws/install/local_setup.bash'
[1.302s] INFO:colcon.colcon_core.shell:Creating prefix chain script '/home/tayya/four_wheel_ws/install/setup.bash'
[1.303s] INFO:colcon.colcon_core.shell:Creating prefix script '/home/tayya/four_wheel_ws/install/local_setup.zsh'
[1.304s] INFO:colcon.colcon_core.shell:Creating prefix chain script '/home/tayya/four_wheel_ws/install/setup.zsh'
