[0.426s] DEBUG:colcon:Command line arguments: ['/usr/bin/colcon', 'list', '-p', '--base-paths', '/home/tayya/four_wheel_ws']
[0.426s] DEBUG:colcon:Parsed command line arguments: Namespace(log_base=None, log_level=None, verb_name='list', build_base='build', ignore_user_meta=False, metas=['./colcon.meta'], base_paths=['/home/tayya/four_wheel_ws'], packages_ignore=None, packages_ignore_regex=None, paths=None, packages_up_to=None, packages_up_to_regex=None, packages_above=None, packages_above_and_dependencies=None, packages_above_depth=None, packages_select_by_dep=None, packages_skip_by_dep=None, packages_skip_up_to=None, packages_select_build_failed=False, packages_skip_build_finished=False, packages_select_test_failures=False, packages_skip_test_passed=False, packages_select=None, packages_skip=None, packages_select_regex=None, packages_skip_regex=None, packages_start=None, packages_end=None, allow_overriding=[], topological_order=False, names_only=False, paths_only=True, topological_graph=False, topological_graph_dot=False, topological_graph_density=False, topological_graph_legend=False, topological_graph_dot_cluster=False, topological_graph_dot_include_skipped=False, mixin_files=None, mixin=None, verb_parser=<colcon_mixin.mixin.mixin_argument.MixinArgumentDecorator object at 0x7a9863d47340>, verb_extension=<colcon_package_information.verb.list.ListVerb object at 0x7a9863d462f0>, main=<bound method ListVerb.main of <colcon_package_information.verb.list.ListVerb object at 0x7a9863d462f0>>, mixin_verb=('list',))
[1.163s] Level 1:colcon.colcon_core.package_discovery:discover_packages(colcon_meta) check parameters
[1.163s] Level 1:colcon.colcon_core.package_discovery:discover_packages(recursive) check parameters
[1.163s] Level 1:colcon.colcon_core.package_discovery:discover_packages(ignore) check parameters
[1.163s] Level 1:colcon.colcon_core.package_discovery:discover_packages(path) check parameters
[1.164s] Level 1:colcon.colcon_core.package_discovery:discover_packages(recursive) discover
[1.164s] INFO:colcon.colcon_core.package_discovery:Crawling recursively for packages in '/home/tayya/four_wheel_ws'
[1.164s] Level 1:colcon.colcon_core.package_identification:_identify(/home/tayya/four_wheel_ws) by extensions ['ignore', 'ignore_ament_install']
[1.164s] Level 1:colcon.colcon_core.package_identification:_identify(/home/tayya/four_wheel_ws) by extension 'ignore'
[1.165s] Level 1:colcon.colcon_core.package_identification:_identify(/home/tayya/four_wheel_ws) by extension 'ignore_ament_install'
[1.165s] Level 1:colcon.colcon_core.package_identification:_identify(/home/tayya/four_wheel_ws) by extensions ['colcon_pkg']
[1.165s] Level 1:colcon.colcon_core.package_identification:_identify(/home/tayya/four_wheel_ws) by extension 'colcon_pkg'
[1.165s] Level 1:colcon.colcon_core.package_identification:_identify(/home/tayya/four_wheel_ws) by extensions ['colcon_meta']
[1.165s] Level 1:colcon.colcon_core.package_identification:_identify(/home/tayya/four_wheel_ws) by extension 'colcon_meta'
[1.165s] Level 1:colcon.colcon_core.package_identification:_identify(/home/tayya/four_wheel_ws) by extensions ['ros']
[1.165s] Level 1:colcon.colcon_core.package_identification:_identify(/home/tayya/four_wheel_ws) by extension 'ros'
[1.207s] Level 1:colcon.colcon_core.package_identification:_identify(/home/tayya/four_wheel_ws) by extensions ['cmake', 'python']
[1.207s] Level 1:colcon.colcon_core.package_identification:_identify(/home/tayya/four_wheel_ws) by extension 'cmake'
[1.207s] Level 1:colcon.colcon_core.package_identification:_identify(/home/tayya/four_wheel_ws) by extension 'python'
[1.207s] Level 1:colcon.colcon_core.package_identification:_identify(/home/tayya/four_wheel_ws) by extensions ['python_setup_py']
[1.207s] Level 1:colcon.colcon_core.package_identification:_identify(/home/tayya/four_wheel_ws) by extension 'python_setup_py'
[1.208s] Level 1:colcon.colcon_core.package_identification:_identify(/home/tayya/four_wheel_ws/log) by extensions ['ignore', 'ignore_ament_install']
[1.208s] Level 1:colcon.colcon_core.package_identification:_identify(/home/tayya/four_wheel_ws/log) by extension 'ignore'
[1.208s] Level 1:colcon.colcon_core.package_identification:_identify(/home/tayya/four_wheel_ws/log) ignored
[1.209s] Level 1:colcon.colcon_core.package_identification:_identify(/home/tayya/four_wheel_ws/src) by extensions ['ignore', 'ignore_ament_install']
[1.209s] Level 1:colcon.colcon_core.package_identification:_identify(/home/tayya/four_wheel_ws/src) by extension 'ignore'
[1.209s] Level 1:colcon.colcon_core.package_identification:_identify(/home/tayya/four_wheel_ws/src) by extension 'ignore_ament_install'
[1.209s] Level 1:colcon.colcon_core.package_identification:_identify(/home/tayya/four_wheel_ws/src) by extensions ['colcon_pkg']
[1.209s] Level 1:colcon.colcon_core.package_identification:_identify(/home/tayya/four_wheel_ws/src) by extension 'colcon_pkg'
[1.210s] Level 1:colcon.colcon_core.package_identification:_identify(/home/tayya/four_wheel_ws/src) by extensions ['colcon_meta']
[1.210s] Level 1:colcon.colcon_core.package_identification:_identify(/home/tayya/four_wheel_ws/src) by extension 'colcon_meta'
[1.210s] Level 1:colcon.colcon_core.package_identification:_identify(/home/tayya/four_wheel_ws/src) by extensions ['ros']
[1.210s] Level 1:colcon.colcon_core.package_identification:_identify(/home/tayya/four_wheel_ws/src) by extension 'ros'
[1.210s] Level 1:colcon.colcon_core.package_identification:_identify(/home/tayya/four_wheel_ws/src) by extensions ['cmake', 'python']
[1.210s] Level 1:colcon.colcon_core.package_identification:_identify(/home/tayya/four_wheel_ws/src) by extension 'cmake'
[1.211s] Level 1:colcon.colcon_core.package_identification:_identify(/home/tayya/four_wheel_ws/src) by extension 'python'
[1.211s] Level 1:colcon.colcon_core.package_identification:_identify(/home/tayya/four_wheel_ws/src) by extensions ['python_setup_py']
[1.211s] Level 1:colcon.colcon_core.package_identification:_identify(/home/tayya/four_wheel_ws/src) by extension 'python_setup_py'
[1.211s] Level 1:colcon.colcon_core.package_identification:_identify(/home/tayya/four_wheel_ws/src/four_wheel_vehicle) by extensions ['ignore', 'ignore_ament_install']
[1.212s] Level 1:colcon.colcon_core.package_identification:_identify(/home/tayya/four_wheel_ws/src/four_wheel_vehicle) by extension 'ignore'
[1.212s] Level 1:colcon.colcon_core.package_identification:_identify(/home/tayya/four_wheel_ws/src/four_wheel_vehicle) by extension 'ignore_ament_install'
[1.212s] Level 1:colcon.colcon_core.package_identification:_identify(/home/tayya/four_wheel_ws/src/four_wheel_vehicle) by extensions ['colcon_pkg']
[1.213s] Level 1:colcon.colcon_core.package_identification:_identify(/home/tayya/four_wheel_ws/src/four_wheel_vehicle) by extension 'colcon_pkg'
[1.213s] Level 1:colcon.colcon_core.package_identification:_identify(/home/tayya/four_wheel_ws/src/four_wheel_vehicle) by extensions ['colcon_meta']
[1.213s] Level 1:colcon.colcon_core.package_identification:_identify(/home/tayya/four_wheel_ws/src/four_wheel_vehicle) by extension 'colcon_meta'
[1.213s] Level 1:colcon.colcon_core.package_identification:_identify(/home/tayya/four_wheel_ws/src/four_wheel_vehicle) by extensions ['ros']
[1.213s] Level 1:colcon.colcon_core.package_identification:_identify(/home/tayya/four_wheel_ws/src/four_wheel_vehicle) by extension 'ros'
[1.222s] DEBUG:colcon.colcon_core.package_identification:Package '/home/tayya/four_wheel_ws/src/four_wheel_vehicle' with type 'ros.ament_cmake' and name 'four_wheel_vehicle'
[1.222s] Level 1:colcon.colcon_core.package_discovery:discover_packages(recursive) using defaults
