/home/tayya/four_wheel_ws/install/zinger_swerve_controller/lib/python3.10/site-packages/zinger_swerve_controller/control_profile.py
/home/tayya/four_wheel_ws/install/zinger_swerve_controller/lib/python3.10/site-packages/zinger_swerve_controller/steering_controller.py
/home/tayya/four_wheel_ws/install/zinger_swerve_controller/lib/python3.10/site-packages/zinger_swerve_controller/states.py
/home/tayya/four_wheel_ws/install/zinger_swerve_controller/lib/python3.10/site-packages/zinger_swerve_controller/__init__.py
/home/tayya/four_wheel_ws/install/zinger_swerve_controller/lib/python3.10/site-packages/zinger_swerve_controller/control.py
/home/tayya/four_wheel_ws/install/zinger_swerve_controller/lib/python3.10/site-packages/zinger_swerve_controller/drive_module.py
/home/tayya/four_wheel_ws/install/zinger_swerve_controller/lib/python3.10/site-packages/zinger_swerve_controller/profile.py
/home/tayya/four_wheel_ws/install/zinger_swerve_controller/lib/python3.10/site-packages/zinger_swerve_controller/swerve_controller.py
/home/tayya/four_wheel_ws/install/zinger_swerve_controller/lib/python3.10/site-packages/zinger_swerve_controller/geometry.py
/home/tayya/four_wheel_ws/install/zinger_swerve_controller/lib/python3.10/site-packages/zinger_swerve_controller/errors.py
/home/tayya/four_wheel_ws/install/zinger_swerve_controller/lib/python3.10/site-packages/zinger_swerve_controller/control_model.py
/home/tayya/four_wheel_ws/install/zinger_swerve_controller/lib/python3.10/site-packages/zinger_swerve_controller/__pycache__/control_profile.cpython-310.pyc
/home/tayya/four_wheel_ws/install/zinger_swerve_controller/lib/python3.10/site-packages/zinger_swerve_controller/__pycache__/steering_controller.cpython-310.pyc
/home/tayya/four_wheel_ws/install/zinger_swerve_controller/lib/python3.10/site-packages/zinger_swerve_controller/__pycache__/states.cpython-310.pyc
/home/tayya/four_wheel_ws/install/zinger_swerve_controller/lib/python3.10/site-packages/zinger_swerve_controller/__pycache__/__init__.cpython-310.pyc
/home/tayya/four_wheel_ws/install/zinger_swerve_controller/lib/python3.10/site-packages/zinger_swerve_controller/__pycache__/control.cpython-310.pyc
/home/tayya/four_wheel_ws/install/zinger_swerve_controller/lib/python3.10/site-packages/zinger_swerve_controller/__pycache__/drive_module.cpython-310.pyc
/home/tayya/four_wheel_ws/install/zinger_swerve_controller/lib/python3.10/site-packages/zinger_swerve_controller/__pycache__/profile.cpython-310.pyc
/home/tayya/four_wheel_ws/install/zinger_swerve_controller/lib/python3.10/site-packages/zinger_swerve_controller/__pycache__/swerve_controller.cpython-310.pyc
/home/tayya/four_wheel_ws/install/zinger_swerve_controller/lib/python3.10/site-packages/zinger_swerve_controller/__pycache__/geometry.cpython-310.pyc
/home/tayya/four_wheel_ws/install/zinger_swerve_controller/lib/python3.10/site-packages/zinger_swerve_controller/__pycache__/errors.cpython-310.pyc
/home/tayya/four_wheel_ws/install/zinger_swerve_controller/lib/python3.10/site-packages/zinger_swerve_controller/__pycache__/control_model.cpython-310.pyc
/home/tayya/four_wheel_ws/install/zinger_swerve_controller/share/ament_index/resource_index/packages/zinger_swerve_controller
/home/tayya/four_wheel_ws/install/zinger_swerve_controller/share/zinger_swerve_controller/package.xml
/home/tayya/four_wheel_ws/install/zinger_swerve_controller/share/zinger_swerve_controller/launch/swerve_controller.launch.py
/home/tayya/four_wheel_ws/install/zinger_swerve_controller/share/zinger_swerve_controller/config/swerve.yaml
/home/tayya/four_wheel_ws/install/zinger_swerve_controller/lib/python3.10/site-packages/zinger_swerve_controller-0.1.0-py3.10.egg-info/top_level.txt
/home/tayya/four_wheel_ws/install/zinger_swerve_controller/lib/python3.10/site-packages/zinger_swerve_controller-0.1.0-py3.10.egg-info/requires.txt
/home/tayya/four_wheel_ws/install/zinger_swerve_controller/lib/python3.10/site-packages/zinger_swerve_controller-0.1.0-py3.10.egg-info/zip-safe
/home/tayya/four_wheel_ws/install/zinger_swerve_controller/lib/python3.10/site-packages/zinger_swerve_controller-0.1.0-py3.10.egg-info/SOURCES.txt
/home/tayya/four_wheel_ws/install/zinger_swerve_controller/lib/python3.10/site-packages/zinger_swerve_controller-0.1.0-py3.10.egg-info/entry_points.txt
/home/tayya/four_wheel_ws/install/zinger_swerve_controller/lib/python3.10/site-packages/zinger_swerve_controller-0.1.0-py3.10.egg-info/PKG-INFO
/home/tayya/four_wheel_ws/install/zinger_swerve_controller/lib/python3.10/site-packages/zinger_swerve_controller-0.1.0-py3.10.egg-info/dependency_links.txt
/home/tayya/four_wheel_ws/install/zinger_swerve_controller/lib/zinger_swerve_controller/swerve_controller
