[0.039s] Invoking command in '/home/tayya/four_wheel_ws/build/four_wheel_vehicle': CMAKE_PREFIX_PATH=${CMAKE_PREFIX_PATH}:/opt/ros/humble /usr/bin/cmake /home/tayya/four_wheel_ws/src/four_wheel_vehicle -DCMAKE_INSTALL_PREFIX=/home/tayya/four_wheel_ws/install/four_wheel_vehicle
[0.220s] -- The C compiler identification is GNU 11.4.0
[0.403s] -- The CXX compiler identification is GNU 11.4.0
[0.427s] -- Detecting C compiler ABI info
[0.632s] -- Detecting C compiler ABI info - done
[0.653s] -- Check for working C compiler: /usr/bin/cc - skipped
[0.663s] -- Detecting C compile features
[0.665s] -- Detecting C compile features - done
[0.673s] -- Detecting CXX compiler ABI info
[0.874s] -- Detecting CXX compiler ABI info - done
[0.908s] -- Check for working CXX compiler: /usr/bin/c++ - skipped
[0.909s] -- Detecting CXX compile features
[0.911s] -- Detecting CXX compile features - done
[0.929s] -- Found ament_cmake: 1.3.11 (/opt/ros/humble/share/ament_cmake/cmake)
[1.389s] -- Found Python3: /usr/bin/python3 (found version "3.10.12") found components: Interpreter 
[1.645s] -- Found ament_lint_auto: 0.12.11 (/opt/ros/humble/share/ament_lint_auto/cmake)
[1.880s] -- Added test 'lint_cmake' to check CMake code style
[1.885s] -- Added test 'xmllint' to check XML markup files
[1.889s] -- Configuring done
[1.898s] -- Generating done
[1.905s] -- Build files have been written to: /home/tayya/four_wheel_ws/build/four_wheel_vehicle
[1.917s] Invoked command in '/home/tayya/four_wheel_ws/build/four_wheel_vehicle' returned '0': CMAKE_PREFIX_PATH=${CMAKE_PREFIX_PATH}:/opt/ros/humble /usr/bin/cmake /home/tayya/four_wheel_ws/src/four_wheel_vehicle -DCMAKE_INSTALL_PREFIX=/home/tayya/four_wheel_ws/install/four_wheel_vehicle
[1.923s] Invoking command in '/home/tayya/four_wheel_ws/build/four_wheel_vehicle': CMAKE_PREFIX_PATH=${CMAKE_PREFIX_PATH}:/opt/ros/humble /usr/bin/cmake --build /home/tayya/four_wheel_ws/build/four_wheel_vehicle -- -j8 -l8
[2.024s] Invoked command in '/home/tayya/four_wheel_ws/build/four_wheel_vehicle' returned '0': CMAKE_PREFIX_PATH=${CMAKE_PREFIX_PATH}:/opt/ros/humble /usr/bin/cmake --build /home/tayya/four_wheel_ws/build/four_wheel_vehicle -- -j8 -l8
[2.052s] Invoking command in '/home/tayya/four_wheel_ws/build/four_wheel_vehicle': CMAKE_PREFIX_PATH=${CMAKE_PREFIX_PATH}:/opt/ros/humble /usr/bin/cmake --install /home/tayya/four_wheel_ws/build/four_wheel_vehicle
[2.068s] -- Install configuration: ""
[2.069s] -- Installing: /home/tayya/four_wheel_ws/install/four_wheel_vehicle/share/ament_index/resource_index/package_run_dependencies/four_wheel_vehicle
[2.069s] -- Installing: /home/tayya/four_wheel_ws/install/four_wheel_vehicle/share/ament_index/resource_index/parent_prefix_path/four_wheel_vehicle
[2.070s] -- Installing: /home/tayya/four_wheel_ws/install/four_wheel_vehicle/share/four_wheel_vehicle/environment/ament_prefix_path.sh
[2.070s] -- Installing: /home/tayya/four_wheel_ws/install/four_wheel_vehicle/share/four_wheel_vehicle/environment/ament_prefix_path.dsv
[2.070s] -- Installing: /home/tayya/four_wheel_ws/install/four_wheel_vehicle/share/four_wheel_vehicle/environment/path.sh
[2.071s] -- Installing: /home/tayya/four_wheel_ws/install/four_wheel_vehicle/share/four_wheel_vehicle/environment/path.dsv
[2.071s] -- Installing: /home/tayya/four_wheel_ws/install/four_wheel_vehicle/share/four_wheel_vehicle/local_setup.bash
[2.071s] -- Installing: /home/tayya/four_wheel_ws/install/four_wheel_vehicle/share/four_wheel_vehicle/local_setup.sh
[2.071s] -- Installing: /home/tayya/four_wheel_ws/install/four_wheel_vehicle/share/four_wheel_vehicle/local_setup.zsh
[2.072s] -- Installing: /home/tayya/four_wheel_ws/install/four_wheel_vehicle/share/four_wheel_vehicle/local_setup.dsv
[2.072s] -- Installing: /home/tayya/four_wheel_ws/install/four_wheel_vehicle/share/four_wheel_vehicle/package.dsv
[2.072s] -- Installing: /home/tayya/four_wheel_ws/install/four_wheel_vehicle/share/ament_index/resource_index/packages/four_wheel_vehicle
[2.073s] -- Installing: /home/tayya/four_wheel_ws/install/four_wheel_vehicle/share/four_wheel_vehicle/cmake/four_wheel_vehicleConfig.cmake
[2.073s] -- Installing: /home/tayya/four_wheel_ws/install/four_wheel_vehicle/share/four_wheel_vehicle/cmake/four_wheel_vehicleConfig-version.cmake
[2.073s] -- Installing: /home/tayya/four_wheel_ws/install/four_wheel_vehicle/share/four_wheel_vehicle/package.xml
[2.078s] Invoked command in '/home/tayya/four_wheel_ws/build/four_wheel_vehicle' returned '0': CMAKE_PREFIX_PATH=${CMAKE_PREFIX_PATH}:/opt/ros/humble /usr/bin/cmake --install /home/tayya/four_wheel_ws/build/four_wheel_vehicle
