[0.229s] DEBUG:colcon:Command line arguments: ['/usr/bin/colcon', 'build']
[0.229s] DEBUG:colcon:Parsed command line arguments: Namespace(log_base=None, log_level=None, verb_name='build', build_base='build', install_base='install', merge_install=False, symlink_install=False, test_result_base=None, continue_on_error=False, executor='parallel', parallel_workers=8, event_handlers=None, ignore_user_meta=False, metas=['./colcon.meta'], base_paths=['.'], packages_ignore=None, packages_ignore_regex=None, paths=None, packages_up_to=None, packages_up_to_regex=None, packages_above=None, packages_above_and_dependencies=None, packages_above_depth=None, packages_select_by_dep=None, packages_skip_by_dep=None, packages_skip_up_to=None, packages_select_build_failed=False, packages_skip_build_finished=False, packages_select_test_failures=False, packages_skip_test_passed=False, packages_select=None, packages_skip=None, packages_select_regex=None, packages_skip_regex=None, packages_start=None, packages_end=None, allow_overriding=[], cmake_args=None, cmake_target=None, cmake_target_skip_unavailable=False, cmake_clean_cache=False, cmake_clean_first=False, cmake_force_configure=False, ament_cmake_args=None, catkin_cmake_args=None, catkin_skip_building_tests=False, mixin_files=None, mixin=None, verb_parser=<colcon_mixin.mixin.mixin_argument.MixinArgumentDecorator object at 0x7b7e57c320e0>, verb_extension=<colcon_core.verb.build.BuildVerb object at 0x7b7e57c31ba0>, main=<bound method BuildVerb.main of <colcon_core.verb.build.BuildVerb object at 0x7b7e57c31ba0>>, mixin_verb=('build',))
[0.583s] Level 1:colcon.colcon_core.package_discovery:discover_packages(colcon_meta) check parameters
[0.583s] Level 1:colcon.colcon_core.package_discovery:discover_packages(recursive) check parameters
[0.583s] Level 1:colcon.colcon_core.package_discovery:discover_packages(ignore) check parameters
[0.583s] Level 1:colcon.colcon_core.package_discovery:discover_packages(path) check parameters
[0.583s] Level 1:colcon.colcon_core.package_discovery:discover_packages(colcon_meta) discover
[0.583s] Level 1:colcon.colcon_core.package_discovery:discover_packages(recursive) discover
[0.583s] INFO:colcon.colcon_core.package_discovery:Crawling recursively for packages in '/home/tayya/four_wheel_ws'
[0.584s] Level 1:colcon.colcon_core.package_identification:_identify(.) by extensions ['ignore', 'ignore_ament_install']
[0.584s] Level 1:colcon.colcon_core.package_identification:_identify(.) by extension 'ignore'
[0.584s] Level 1:colcon.colcon_core.package_identification:_identify(.) by extension 'ignore_ament_install'
[0.584s] Level 1:colcon.colcon_core.package_identification:_identify(.) by extensions ['colcon_pkg']
[0.584s] Level 1:colcon.colcon_core.package_identification:_identify(.) by extension 'colcon_pkg'
[0.584s] Level 1:colcon.colcon_core.package_identification:_identify(.) by extensions ['colcon_meta']
[0.584s] Level 1:colcon.colcon_core.package_identification:_identify(.) by extension 'colcon_meta'
[0.584s] Level 1:colcon.colcon_core.package_identification:_identify(.) by extensions ['ros']
[0.584s] Level 1:colcon.colcon_core.package_identification:_identify(.) by extension 'ros'
[0.607s] Level 1:colcon.colcon_core.package_identification:_identify(.) by extensions ['cmake', 'python']
[0.607s] Level 1:colcon.colcon_core.package_identification:_identify(.) by extension 'cmake'
[0.607s] Level 1:colcon.colcon_core.package_identification:_identify(.) by extension 'python'
[0.607s] Level 1:colcon.colcon_core.package_identification:_identify(.) by extensions ['python_setup_py']
[0.607s] Level 1:colcon.colcon_core.package_identification:_identify(.) by extension 'python_setup_py'
[0.608s] Level 1:colcon.colcon_core.package_identification:_identify(build) by extensions ['ignore', 'ignore_ament_install']
[0.608s] Level 1:colcon.colcon_core.package_identification:_identify(build) by extension 'ignore'
[0.608s] Level 1:colcon.colcon_core.package_identification:_identify(build) ignored
[0.608s] Level 1:colcon.colcon_core.package_identification:_identify(install) by extensions ['ignore', 'ignore_ament_install']
[0.609s] Level 1:colcon.colcon_core.package_identification:_identify(install) by extension 'ignore'
[0.609s] Level 1:colcon.colcon_core.package_identification:_identify(install) ignored
[0.609s] Level 1:colcon.colcon_core.package_identification:_identify(log) by extensions ['ignore', 'ignore_ament_install']
[0.609s] Level 1:colcon.colcon_core.package_identification:_identify(log) by extension 'ignore'
[0.609s] Level 1:colcon.colcon_core.package_identification:_identify(log) ignored
[0.609s] Level 1:colcon.colcon_core.package_identification:_identify(src) by extensions ['ignore', 'ignore_ament_install']
[0.610s] Level 1:colcon.colcon_core.package_identification:_identify(src) by extension 'ignore'
[0.610s] Level 1:colcon.colcon_core.package_identification:_identify(src) by extension 'ignore_ament_install'
[0.610s] Level 1:colcon.colcon_core.package_identification:_identify(src) by extensions ['colcon_pkg']
[0.610s] Level 1:colcon.colcon_core.package_identification:_identify(src) by extension 'colcon_pkg'
[0.610s] Level 1:colcon.colcon_core.package_identification:_identify(src) by extensions ['colcon_meta']
[0.610s] Level 1:colcon.colcon_core.package_identification:_identify(src) by extension 'colcon_meta'
[0.610s] Level 1:colcon.colcon_core.package_identification:_identify(src) by extensions ['ros']
[0.610s] Level 1:colcon.colcon_core.package_identification:_identify(src) by extension 'ros'
[0.610s] Level 1:colcon.colcon_core.package_identification:_identify(src) by extensions ['cmake', 'python']
[0.610s] Level 1:colcon.colcon_core.package_identification:_identify(src) by extension 'cmake'
[0.610s] Level 1:colcon.colcon_core.package_identification:_identify(src) by extension 'python'
[0.611s] Level 1:colcon.colcon_core.package_identification:_identify(src) by extensions ['python_setup_py']
[0.611s] Level 1:colcon.colcon_core.package_identification:_identify(src) by extension 'python_setup_py'
[0.611s] Level 1:colcon.colcon_core.package_identification:_identify(src/four_wheel_vehicle) by extensions ['ignore', 'ignore_ament_install']
[0.611s] Level 1:colcon.colcon_core.package_identification:_identify(src/four_wheel_vehicle) by extension 'ignore'
[0.611s] Level 1:colcon.colcon_core.package_identification:_identify(src/four_wheel_vehicle) by extension 'ignore_ament_install'
[0.611s] Level 1:colcon.colcon_core.package_identification:_identify(src/four_wheel_vehicle) by extensions ['colcon_pkg']
[0.611s] Level 1:colcon.colcon_core.package_identification:_identify(src/four_wheel_vehicle) by extension 'colcon_pkg'
[0.611s] Level 1:colcon.colcon_core.package_identification:_identify(src/four_wheel_vehicle) by extensions ['colcon_meta']
[0.611s] Level 1:colcon.colcon_core.package_identification:_identify(src/four_wheel_vehicle) by extension 'colcon_meta'
[0.612s] Level 1:colcon.colcon_core.package_identification:_identify(src/four_wheel_vehicle) by extensions ['ros']
[0.612s] Level 1:colcon.colcon_core.package_identification:_identify(src/four_wheel_vehicle) by extension 'ros'
[0.617s] DEBUG:colcon.colcon_core.package_identification:Package 'src/four_wheel_vehicle' with type 'ros.ament_cmake' and name 'four_wheel_vehicle'
[0.617s] Level 1:colcon.colcon_core.package_identification:_identify(src/robot_bringup) by extensions ['ignore', 'ignore_ament_install']
[0.617s] Level 1:colcon.colcon_core.package_identification:_identify(src/robot_bringup) by extension 'ignore'
[0.617s] Level 1:colcon.colcon_core.package_identification:_identify(src/robot_bringup) by extension 'ignore_ament_install'
[0.617s] Level 1:colcon.colcon_core.package_identification:_identify(src/robot_bringup) by extensions ['colcon_pkg']
[0.618s] Level 1:colcon.colcon_core.package_identification:_identify(src/robot_bringup) by extension 'colcon_pkg'
[0.618s] Level 1:colcon.colcon_core.package_identification:_identify(src/robot_bringup) by extensions ['colcon_meta']
[0.618s] Level 1:colcon.colcon_core.package_identification:_identify(src/robot_bringup) by extension 'colcon_meta'
[0.618s] Level 1:colcon.colcon_core.package_identification:_identify(src/robot_bringup) by extensions ['ros']
[0.618s] Level 1:colcon.colcon_core.package_identification:_identify(src/robot_bringup) by extension 'ros'
[0.619s] DEBUG:colcon.colcon_core.package_identification:Package 'src/robot_bringup' with type 'ros.ament_cmake' and name 'robot_bringup'
[0.619s] Level 1:colcon.colcon_core.package_discovery:discover_packages(recursive) using defaults
[0.619s] Level 1:colcon.colcon_core.package_discovery:discover_packages(ignore) discover
[0.619s] Level 1:colcon.colcon_core.package_discovery:discover_packages(ignore) using defaults
[0.619s] Level 1:colcon.colcon_core.package_discovery:discover_packages(path) discover
[0.619s] Level 1:colcon.colcon_core.package_discovery:discover_packages(path) using defaults
[0.682s] Level 1:colcon.colcon_core.package_discovery:discover_packages(prefix_path) check parameters
[0.682s] Level 1:colcon.colcon_core.package_discovery:discover_packages(prefix_path) discover
[0.685s] DEBUG:colcon.colcon_installed_package_information.package_discovery:Found 2 installed packages in /home/tayya/four_wheel_ws/install
[0.686s] DEBUG:colcon.colcon_installed_package_information.package_discovery:Found 1 installed packages in /home/tayya/robot_ws/install
[0.689s] DEBUG:colcon.colcon_installed_package_information.package_discovery:Found 282 installed packages in /opt/ros/humble
[0.693s] Level 1:colcon.colcon_core.package_discovery:discover_packages(prefix_path) using defaults
[0.771s] Level 5:colcon.colcon_core.verb:set package 'four_wheel_vehicle' build argument 'cmake_args' from command line to 'None'
[0.771s] Level 5:colcon.colcon_core.verb:set package 'four_wheel_vehicle' build argument 'cmake_target' from command line to 'None'
[0.771s] Level 5:colcon.colcon_core.verb:set package 'four_wheel_vehicle' build argument 'cmake_target_skip_unavailable' from command line to 'False'
[0.771s] Level 5:colcon.colcon_core.verb:set package 'four_wheel_vehicle' build argument 'cmake_clean_cache' from command line to 'False'
[0.771s] Level 5:colcon.colcon_core.verb:set package 'four_wheel_vehicle' build argument 'cmake_clean_first' from command line to 'False'
[0.771s] Level 5:colcon.colcon_core.verb:set package 'four_wheel_vehicle' build argument 'cmake_force_configure' from command line to 'False'
[0.771s] Level 5:colcon.colcon_core.verb:set package 'four_wheel_vehicle' build argument 'ament_cmake_args' from command line to 'None'
[0.771s] Level 5:colcon.colcon_core.verb:set package 'four_wheel_vehicle' build argument 'catkin_cmake_args' from command line to 'None'
[0.771s] Level 5:colcon.colcon_core.verb:set package 'four_wheel_vehicle' build argument 'catkin_skip_building_tests' from command line to 'False'
[0.771s] DEBUG:colcon.colcon_core.verb:Building package 'four_wheel_vehicle' with the following arguments: {'ament_cmake_args': None, 'build_base': '/home/tayya/four_wheel_ws/build/four_wheel_vehicle', 'catkin_cmake_args': None, 'catkin_skip_building_tests': False, 'cmake_args': None, 'cmake_clean_cache': False, 'cmake_clean_first': False, 'cmake_force_configure': False, 'cmake_target': None, 'cmake_target_skip_unavailable': False, 'install_base': '/home/tayya/four_wheel_ws/install/four_wheel_vehicle', 'merge_install': False, 'path': '/home/tayya/four_wheel_ws/src/four_wheel_vehicle', 'symlink_install': False, 'test_result_base': None}
[0.772s] Level 5:colcon.colcon_core.verb:set package 'robot_bringup' build argument 'cmake_args' from command line to 'None'
[0.772s] Level 5:colcon.colcon_core.verb:set package 'robot_bringup' build argument 'cmake_target' from command line to 'None'
[0.772s] Level 5:colcon.colcon_core.verb:set package 'robot_bringup' build argument 'cmake_target_skip_unavailable' from command line to 'False'
[0.772s] Level 5:colcon.colcon_core.verb:set package 'robot_bringup' build argument 'cmake_clean_cache' from command line to 'False'
[0.772s] Level 5:colcon.colcon_core.verb:set package 'robot_bringup' build argument 'cmake_clean_first' from command line to 'False'
[0.772s] Level 5:colcon.colcon_core.verb:set package 'robot_bringup' build argument 'cmake_force_configure' from command line to 'False'
[0.772s] Level 5:colcon.colcon_core.verb:set package 'robot_bringup' build argument 'ament_cmake_args' from command line to 'None'
[0.772s] Level 5:colcon.colcon_core.verb:set package 'robot_bringup' build argument 'catkin_cmake_args' from command line to 'None'
[0.773s] Level 5:colcon.colcon_core.verb:set package 'robot_bringup' build argument 'catkin_skip_building_tests' from command line to 'False'
[0.773s] DEBUG:colcon.colcon_core.verb:Building package 'robot_bringup' with the following arguments: {'ament_cmake_args': None, 'build_base': '/home/tayya/four_wheel_ws/build/robot_bringup', 'catkin_cmake_args': None, 'catkin_skip_building_tests': False, 'cmake_args': None, 'cmake_clean_cache': False, 'cmake_clean_first': False, 'cmake_force_configure': False, 'cmake_target': None, 'cmake_target_skip_unavailable': False, 'install_base': '/home/tayya/four_wheel_ws/install/robot_bringup', 'merge_install': False, 'path': '/home/tayya/four_wheel_ws/src/robot_bringup', 'symlink_install': False, 'test_result_base': None}
[0.773s] INFO:colcon.colcon_core.executor:Executing jobs using 'parallel' executor
[0.775s] DEBUG:colcon.colcon_parallel_executor.executor.parallel:run_until_complete
[0.775s] INFO:colcon.colcon_ros.task.ament_cmake.build:Building ROS package in '/home/tayya/four_wheel_ws/src/four_wheel_vehicle' with build type 'ament_cmake'
[0.776s] INFO:colcon.colcon_cmake.task.cmake.build:Building CMake package in '/home/tayya/four_wheel_ws/src/four_wheel_vehicle'
[0.779s] INFO:colcon.colcon_core.plugin_system:Skipping extension 'colcon_core.shell.bat': Not used on non-Windows systems
[0.780s] INFO:colcon.colcon_core.shell:Skip shell extension 'powershell' for command environment: Not usable outside of PowerShell
[0.780s] DEBUG:colcon.colcon_core.shell:Skip shell extension 'dsv' for command environment
[0.787s] INFO:colcon.colcon_ros.task.ament_cmake.build:Building ROS package in '/home/tayya/four_wheel_ws/src/robot_bringup' with build type 'ament_cmake'
[0.788s] INFO:colcon.colcon_cmake.task.cmake.build:Building CMake package in '/home/tayya/four_wheel_ws/src/robot_bringup'
[0.788s] INFO:colcon.colcon_core.shell:Skip shell extension 'powershell' for command environment: Not usable outside of PowerShell
[0.789s] DEBUG:colcon.colcon_core.shell:Skip shell extension 'dsv' for command environment
[0.809s] DEBUG:colcon.colcon_core.event_handler.log_command:Invoking command in '/home/tayya/four_wheel_ws/build/four_wheel_vehicle': CMAKE_PREFIX_PATH=${CMAKE_PREFIX_PATH}:/opt/ros/humble /usr/bin/cmake --build /home/tayya/four_wheel_ws/build/four_wheel_vehicle -- -j8 -l8
[0.819s] DEBUG:colcon.colcon_core.event_handler.log_command:Invoking command in '/home/tayya/four_wheel_ws/build/robot_bringup': CMAKE_PREFIX_PATH=${CMAKE_PREFIX_PATH}:/opt/ros/humble /usr/bin/cmake --build /home/tayya/four_wheel_ws/build/robot_bringup -- -j8 -l8
[0.889s] DEBUG:colcon.colcon_core.event_handler.log_command:Invoked command in '/home/tayya/four_wheel_ws/build/four_wheel_vehicle' returned '0': CMAKE_PREFIX_PATH=${CMAKE_PREFIX_PATH}:/opt/ros/humble /usr/bin/cmake --build /home/tayya/four_wheel_ws/build/four_wheel_vehicle -- -j8 -l8
[0.911s] DEBUG:colcon.colcon_core.event_handler.log_command:Invoking command in '/home/tayya/four_wheel_ws/build/four_wheel_vehicle': CMAKE_PREFIX_PATH=${CMAKE_PREFIX_PATH}:/opt/ros/humble /usr/bin/cmake --install /home/tayya/four_wheel_ws/build/four_wheel_vehicle
[0.931s] Level 1:colcon.colcon_core.environment:create_environment_scripts_only(four_wheel_vehicle)
[0.937s] DEBUG:colcon.colcon_core.event_handler.log_command:Invoked command in '/home/tayya/four_wheel_ws/build/four_wheel_vehicle' returned '0': CMAKE_PREFIX_PATH=${CMAKE_PREFIX_PATH}:/opt/ros/humble /usr/bin/cmake --install /home/tayya/four_wheel_ws/build/four_wheel_vehicle
[0.941s] Level 1:colcon.colcon_core.environment:checking '/home/tayya/four_wheel_ws/install/four_wheel_vehicle' for CMake module files
[0.942s] Level 1:colcon.colcon_core.environment:checking '/home/tayya/four_wheel_ws/install/four_wheel_vehicle' for CMake config files
[0.943s] Level 1:colcon.colcon_core.shell:create_environment_hook('four_wheel_vehicle', 'cmake_prefix_path')
[0.943s] INFO:colcon.colcon_core.shell:Creating environment hook '/home/tayya/four_wheel_ws/install/four_wheel_vehicle/share/four_wheel_vehicle/hook/cmake_prefix_path.ps1'
[0.944s] INFO:colcon.colcon_core.shell:Creating environment descriptor '/home/tayya/four_wheel_ws/install/four_wheel_vehicle/share/four_wheel_vehicle/hook/cmake_prefix_path.dsv'
[0.946s] INFO:colcon.colcon_core.shell:Creating environment hook '/home/tayya/four_wheel_ws/install/four_wheel_vehicle/share/four_wheel_vehicle/hook/cmake_prefix_path.sh'
[0.948s] Level 1:colcon.colcon_core.environment:checking '/home/tayya/four_wheel_ws/install/four_wheel_vehicle/bin'
[0.948s] Level 1:colcon.colcon_core.environment:checking '/home/tayya/four_wheel_ws/install/four_wheel_vehicle/lib/pkgconfig/four_wheel_vehicle.pc'
[0.949s] Level 1:colcon.colcon_core.environment:checking '/home/tayya/four_wheel_ws/install/four_wheel_vehicle/lib/python3.10/site-packages'
[0.950s] Level 1:colcon.colcon_core.environment:checking '/home/tayya/four_wheel_ws/install/four_wheel_vehicle/bin'
[0.951s] INFO:colcon.colcon_core.shell:Creating package script '/home/tayya/four_wheel_ws/install/four_wheel_vehicle/share/four_wheel_vehicle/package.ps1'
[0.953s] INFO:colcon.colcon_core.shell:Creating package descriptor '/home/tayya/four_wheel_ws/install/four_wheel_vehicle/share/four_wheel_vehicle/package.dsv'
[0.956s] INFO:colcon.colcon_core.shell:Creating package script '/home/tayya/four_wheel_ws/install/four_wheel_vehicle/share/four_wheel_vehicle/package.sh'
[0.960s] INFO:colcon.colcon_core.shell:Creating package script '/home/tayya/four_wheel_ws/install/four_wheel_vehicle/share/four_wheel_vehicle/package.bash'
[0.964s] INFO:colcon.colcon_core.shell:Creating package script '/home/tayya/four_wheel_ws/install/four_wheel_vehicle/share/four_wheel_vehicle/package.zsh'
[0.967s] Level 1:colcon.colcon_core.environment:create_file_with_runtime_dependencies(/home/tayya/four_wheel_ws/install/four_wheel_vehicle/share/colcon-core/packages/four_wheel_vehicle)
[0.968s] Level 1:colcon.colcon_core.environment:create_environment_scripts_only(four_wheel_vehicle)
[0.969s] Level 1:colcon.colcon_core.environment:checking '/home/tayya/four_wheel_ws/install/four_wheel_vehicle' for CMake module files
[0.971s] Level 1:colcon.colcon_core.environment:checking '/home/tayya/four_wheel_ws/install/four_wheel_vehicle' for CMake config files
[0.971s] Level 1:colcon.colcon_core.shell:create_environment_hook('four_wheel_vehicle', 'cmake_prefix_path')
[0.972s] INFO:colcon.colcon_core.shell:Creating environment hook '/home/tayya/four_wheel_ws/install/four_wheel_vehicle/share/four_wheel_vehicle/hook/cmake_prefix_path.ps1'
[0.973s] INFO:colcon.colcon_core.shell:Creating environment descriptor '/home/tayya/four_wheel_ws/install/four_wheel_vehicle/share/four_wheel_vehicle/hook/cmake_prefix_path.dsv'
[0.974s] INFO:colcon.colcon_core.shell:Creating environment hook '/home/tayya/four_wheel_ws/install/four_wheel_vehicle/share/four_wheel_vehicle/hook/cmake_prefix_path.sh'
[0.975s] Level 1:colcon.colcon_core.environment:checking '/home/tayya/four_wheel_ws/install/four_wheel_vehicle/bin'
[0.976s] Level 1:colcon.colcon_core.environment:checking '/home/tayya/four_wheel_ws/install/four_wheel_vehicle/lib/pkgconfig/four_wheel_vehicle.pc'
[0.976s] Level 1:colcon.colcon_core.environment:checking '/home/tayya/four_wheel_ws/install/four_wheel_vehicle/lib/python3.10/site-packages'
[0.977s] Level 1:colcon.colcon_core.environment:checking '/home/tayya/four_wheel_ws/install/four_wheel_vehicle/bin'
[0.977s] INFO:colcon.colcon_core.shell:Creating package script '/home/tayya/four_wheel_ws/install/four_wheel_vehicle/share/four_wheel_vehicle/package.ps1'
[0.979s] INFO:colcon.colcon_core.shell:Creating package descriptor '/home/tayya/four_wheel_ws/install/four_wheel_vehicle/share/four_wheel_vehicle/package.dsv'
[0.980s] INFO:colcon.colcon_core.shell:Creating package script '/home/tayya/four_wheel_ws/install/four_wheel_vehicle/share/four_wheel_vehicle/package.sh'
[0.981s] INFO:colcon.colcon_core.shell:Creating package script '/home/tayya/four_wheel_ws/install/four_wheel_vehicle/share/four_wheel_vehicle/package.bash'
[0.982s] INFO:colcon.colcon_core.shell:Creating package script '/home/tayya/four_wheel_ws/install/four_wheel_vehicle/share/four_wheel_vehicle/package.zsh'
[0.983s] Level 1:colcon.colcon_core.environment:create_file_with_runtime_dependencies(/home/tayya/four_wheel_ws/install/four_wheel_vehicle/share/colcon-core/packages/four_wheel_vehicle)
[1.346s] DEBUG:colcon.colcon_core.event_handler.log_command:Invoked command in '/home/tayya/four_wheel_ws/build/robot_bringup' returned '0': CMAKE_PREFIX_PATH=${CMAKE_PREFIX_PATH}:/opt/ros/humble /usr/bin/cmake --build /home/tayya/four_wheel_ws/build/robot_bringup -- -j8 -l8
[1.349s] DEBUG:colcon.colcon_core.event_handler.log_command:Invoking command in '/home/tayya/four_wheel_ws/build/robot_bringup': CMAKE_PREFIX_PATH=${CMAKE_PREFIX_PATH}:/opt/ros/humble /usr/bin/cmake --install /home/tayya/four_wheel_ws/build/robot_bringup
[1.369s] Level 1:colcon.colcon_core.environment:create_environment_scripts_only(robot_bringup)
[1.370s] Level 1:colcon.colcon_core.environment:checking '/home/tayya/four_wheel_ws/install/robot_bringup' for CMake module files
[1.371s] DEBUG:colcon.colcon_core.event_handler.log_command:Invoked command in '/home/tayya/four_wheel_ws/build/robot_bringup' returned '0': CMAKE_PREFIX_PATH=${CMAKE_PREFIX_PATH}:/opt/ros/humble /usr/bin/cmake --install /home/tayya/four_wheel_ws/build/robot_bringup
[1.372s] Level 1:colcon.colcon_core.environment:checking '/home/tayya/four_wheel_ws/install/robot_bringup' for CMake config files
[1.373s] Level 1:colcon.colcon_core.shell:create_environment_hook('robot_bringup', 'cmake_prefix_path')
[1.373s] INFO:colcon.colcon_core.shell:Creating environment hook '/home/tayya/four_wheel_ws/install/robot_bringup/share/robot_bringup/hook/cmake_prefix_path.ps1'
[1.374s] INFO:colcon.colcon_core.shell:Creating environment descriptor '/home/tayya/four_wheel_ws/install/robot_bringup/share/robot_bringup/hook/cmake_prefix_path.dsv'
[1.375s] INFO:colcon.colcon_core.shell:Creating environment hook '/home/tayya/four_wheel_ws/install/robot_bringup/share/robot_bringup/hook/cmake_prefix_path.sh'
[1.376s] Level 1:colcon.colcon_core.environment:checking '/home/tayya/four_wheel_ws/install/robot_bringup/bin'
[1.376s] Level 1:colcon.colcon_core.environment:checking '/home/tayya/four_wheel_ws/install/robot_bringup/lib/pkgconfig/robot_bringup.pc'
[1.377s] Level 1:colcon.colcon_core.environment:checking '/home/tayya/four_wheel_ws/install/robot_bringup/lib/python3.10/site-packages'
[1.377s] Level 1:colcon.colcon_core.environment:checking '/home/tayya/four_wheel_ws/install/robot_bringup/bin'
[1.378s] INFO:colcon.colcon_core.shell:Creating package script '/home/tayya/four_wheel_ws/install/robot_bringup/share/robot_bringup/package.ps1'
[1.379s] INFO:colcon.colcon_core.shell:Creating package descriptor '/home/tayya/four_wheel_ws/install/robot_bringup/share/robot_bringup/package.dsv'
[1.379s] INFO:colcon.colcon_core.shell:Creating package script '/home/tayya/four_wheel_ws/install/robot_bringup/share/robot_bringup/package.sh'
[1.380s] INFO:colcon.colcon_core.shell:Creating package script '/home/tayya/four_wheel_ws/install/robot_bringup/share/robot_bringup/package.bash'
[1.381s] INFO:colcon.colcon_core.shell:Creating package script '/home/tayya/four_wheel_ws/install/robot_bringup/share/robot_bringup/package.zsh'
[1.382s] Level 1:colcon.colcon_core.environment:create_file_with_runtime_dependencies(/home/tayya/four_wheel_ws/install/robot_bringup/share/colcon-core/packages/robot_bringup)
[1.383s] Level 1:colcon.colcon_core.environment:create_environment_scripts_only(robot_bringup)
[1.383s] Level 1:colcon.colcon_core.environment:checking '/home/tayya/four_wheel_ws/install/robot_bringup' for CMake module files
[1.384s] Level 1:colcon.colcon_core.environment:checking '/home/tayya/four_wheel_ws/install/robot_bringup' for CMake config files
[1.384s] Level 1:colcon.colcon_core.shell:create_environment_hook('robot_bringup', 'cmake_prefix_path')
[1.385s] INFO:colcon.colcon_core.shell:Creating environment hook '/home/tayya/four_wheel_ws/install/robot_bringup/share/robot_bringup/hook/cmake_prefix_path.ps1'
[1.385s] INFO:colcon.colcon_core.shell:Creating environment descriptor '/home/tayya/four_wheel_ws/install/robot_bringup/share/robot_bringup/hook/cmake_prefix_path.dsv'
[1.386s] INFO:colcon.colcon_core.shell:Creating environment hook '/home/tayya/four_wheel_ws/install/robot_bringup/share/robot_bringup/hook/cmake_prefix_path.sh'
[1.387s] Level 1:colcon.colcon_core.environment:checking '/home/tayya/four_wheel_ws/install/robot_bringup/bin'
[1.387s] Level 1:colcon.colcon_core.environment:checking '/home/tayya/four_wheel_ws/install/robot_bringup/lib/pkgconfig/robot_bringup.pc'
[1.388s] Level 1:colcon.colcon_core.environment:checking '/home/tayya/four_wheel_ws/install/robot_bringup/lib/python3.10/site-packages'
[1.388s] Level 1:colcon.colcon_core.environment:checking '/home/tayya/four_wheel_ws/install/robot_bringup/bin'
[1.389s] INFO:colcon.colcon_core.shell:Creating package script '/home/tayya/four_wheel_ws/install/robot_bringup/share/robot_bringup/package.ps1'
[1.390s] INFO:colcon.colcon_core.shell:Creating package descriptor '/home/tayya/four_wheel_ws/install/robot_bringup/share/robot_bringup/package.dsv'
[1.391s] INFO:colcon.colcon_core.shell:Creating package script '/home/tayya/four_wheel_ws/install/robot_bringup/share/robot_bringup/package.sh'
[1.392s] INFO:colcon.colcon_core.shell:Creating package script '/home/tayya/four_wheel_ws/install/robot_bringup/share/robot_bringup/package.bash'
[1.392s] INFO:colcon.colcon_core.shell:Creating package script '/home/tayya/four_wheel_ws/install/robot_bringup/share/robot_bringup/package.zsh'
[1.393s] Level 1:colcon.colcon_core.environment:create_file_with_runtime_dependencies(/home/tayya/four_wheel_ws/install/robot_bringup/share/colcon-core/packages/robot_bringup)
[1.394s] DEBUG:colcon.colcon_parallel_executor.executor.parallel:closing loop
[1.394s] DEBUG:colcon.colcon_parallel_executor.executor.parallel:loop closed
[1.395s] DEBUG:colcon.colcon_parallel_executor.executor.parallel:run_until_complete finished with '0'
[1.395s] DEBUG:colcon.colcon_core.event_reactor:joining thread
[1.405s] INFO:colcon.colcon_core.plugin_system:Skipping extension 'colcon_notification.desktop_notification.terminal_notifier': Not used on non-Darwin systems
[1.406s] INFO:colcon.colcon_core.plugin_system:Skipping extension 'colcon_notification.desktop_notification.win32': Not used on non-Windows systems
[1.406s] INFO:colcon.colcon_notification.desktop_notification:Sending desktop notification using 'notify2'
[1.427s] DEBUG:colcon.colcon_core.event_reactor:joined thread
[1.428s] INFO:colcon.colcon_core.shell:Creating prefix script '/home/tayya/four_wheel_ws/install/local_setup.ps1'
[1.431s] INFO:colcon.colcon_core.shell:Creating prefix util module '/home/tayya/four_wheel_ws/install/_local_setup_util_ps1.py'
[1.434s] INFO:colcon.colcon_core.shell:Creating prefix chain script '/home/tayya/four_wheel_ws/install/setup.ps1'
[1.437s] INFO:colcon.colcon_core.shell:Creating prefix script '/home/tayya/four_wheel_ws/install/local_setup.sh'
[1.438s] INFO:colcon.colcon_core.shell:Creating prefix util module '/home/tayya/four_wheel_ws/install/_local_setup_util_sh.py'
[1.439s] INFO:colcon.colcon_core.shell:Creating prefix chain script '/home/tayya/four_wheel_ws/install/setup.sh'
[1.441s] INFO:colcon.colcon_core.shell:Creating prefix script '/home/tayya/four_wheel_ws/install/local_setup.bash'
[1.442s] INFO:colcon.colcon_core.shell:Creating prefix chain script '/home/tayya/four_wheel_ws/install/setup.bash'
[1.445s] INFO:colcon.colcon_core.shell:Creating prefix script '/home/tayya/four_wheel_ws/install/local_setup.zsh'
[1.446s] INFO:colcon.colcon_core.shell:Creating prefix chain script '/home/tayya/four_wheel_ws/install/setup.zsh'
