[0.578s] Invoking command in '/home/tayya/four_wheel_ws/src/zinger_swerve_controller': PYTHONPATH=/home/tayya/four_wheel_ws/build/zinger_swerve_controller/prefix_override:/usr/lib/python3/dist-packages/colcon_core/task/python/colcon_distutils_commands:/home/tayya/four_wheel_ws/install/zinger_swerve_controller/lib/python3.10/site-packages:${PYTHONPATH} /usr/bin/python3 -W ignore:setup.py install is deprecated -W ignore:easy_install command is deprecated setup.py egg_info --egg-base ../../build/zinger_swerve_controller build --build-base /home/tayya/four_wheel_ws/build/zinger_swerve_controller/build install --record /home/tayya/four_wheel_ws/build/zinger_swerve_controller/install.log --single-version-externally-managed install_data
[0.779s] running egg_info
[0.779s] writing ../../build/zinger_swerve_controller/zinger_swerve_controller.egg-info/PKG-INFO
[0.779s] writing dependency_links to ../../build/zinger_swerve_controller/zinger_swerve_controller.egg-info/dependency_links.txt
[0.780s] writing entry points to ../../build/zinger_swerve_controller/zinger_swerve_controller.egg-info/entry_points.txt
[0.780s] writing requirements to ../../build/zinger_swerve_controller/zinger_swerve_controller.egg-info/requires.txt
[0.780s] writing top-level names to ../../build/zinger_swerve_controller/zinger_swerve_controller.egg-info/top_level.txt
[0.781s] reading manifest file '../../build/zinger_swerve_controller/zinger_swerve_controller.egg-info/SOURCES.txt'
[0.782s] adding license file 'LICENSE'
[0.783s] writing manifest file '../../build/zinger_swerve_controller/zinger_swerve_controller.egg-info/SOURCES.txt'
[0.783s] running build
[0.783s] running build_py
[0.784s] running install
[0.784s] running install_lib
[0.785s] running install_data
[0.785s] running install_egg_info
[0.787s] removing '/home/tayya/four_wheel_ws/install/zinger_swerve_controller/lib/python3.10/site-packages/zinger_swerve_controller-0.1.0-py3.10.egg-info' (and everything under it)
[0.787s] Copying ../../build/zinger_swerve_controller/zinger_swerve_controller.egg-info to /home/tayya/four_wheel_ws/install/zinger_swerve_controller/lib/python3.10/site-packages/zinger_swerve_controller-0.1.0-py3.10.egg-info
[0.788s] running install_scripts
[0.805s] Installing swerve_controller script to /home/tayya/four_wheel_ws/install/zinger_swerve_controller/lib/zinger_swerve_controller
[0.805s] writing list of installed files to '/home/tayya/four_wheel_ws/build/zinger_swerve_controller/install.log'
[0.828s] Invoked command in '/home/tayya/four_wheel_ws/src/zinger_swerve_controller' returned '0': PYTHONPATH=/home/tayya/four_wheel_ws/build/zinger_swerve_controller/prefix_override:/usr/lib/python3/dist-packages/colcon_core/task/python/colcon_distutils_commands:/home/tayya/four_wheel_ws/install/zinger_swerve_controller/lib/python3.10/site-packages:${PYTHONPATH} /usr/bin/python3 -W ignore:setup.py install is deprecated -W ignore:easy_install command is deprecated setup.py egg_info --egg-base ../../build/zinger_swerve_controller build --build-base /home/tayya/four_wheel_ws/build/zinger_swerve_controller/build install --record /home/tayya/four_wheel_ws/build/zinger_swerve_controller/install.log --single-version-externally-managed install_data
