running egg_info
writing ../../build/zinger_swerve_controller/zinger_swerve_controller.egg-info/PKG-INFO
writing dependency_links to ../../build/zinger_swerve_controller/zinger_swerve_controller.egg-info/dependency_links.txt
writing entry points to ../../build/zinger_swerve_controller/zinger_swerve_controller.egg-info/entry_points.txt
writing requirements to ../../build/zinger_swerve_controller/zinger_swerve_controller.egg-info/requires.txt
writing top-level names to ../../build/zinger_swerve_controller/zinger_swerve_controller.egg-info/top_level.txt
reading manifest file '../../build/zinger_swerve_controller/zinger_swerve_controller.egg-info/SOURCES.txt'
adding license file 'LICENSE'
writing manifest file '../../build/zinger_swerve_controller/zinger_swerve_controller.egg-info/SOURCES.txt'
running build
running build_py
running install
running install_lib
running install_data
copying launch/swerve_controller.launch.py -> /home/tayya/four_wheel_ws/install/zinger_swerve_controller/share/zinger_swerve_controller/launch
running install_egg_info
removing '/home/tayya/four_wheel_ws/install/zinger_swerve_controller/lib/python3.10/site-packages/zinger_swerve_controller-0.1.0-py3.10.egg-info' (and everything under it)
Copying ../../build/zinger_swerve_controller/zinger_swerve_controller.egg-info to /home/tayya/four_wheel_ws/install/zinger_swerve_controller/lib/python3.10/site-packages/zinger_swerve_controller-0.1.0-py3.10.egg-info
running install_scripts
Installing swerve_controller script to /home/tayya/four_wheel_ws/install/zinger_swerve_controller/lib/zinger_swerve_controller
writing list of installed files to '/home/tayya/four_wheel_ws/build/zinger_swerve_controller/install.log'
