[0.009s] Invoking command in '/home/tayya/four_wheel_vehicle/build/four_wheel_vehicle': CMAKE_PREFIX_PATH=/opt/ros/humble /usr/bin/cmake /home/tayya/four_wheel_vehicle/src/four_wheel_vehicle -DCMAKE_INSTALL_PREFIX=/home/tayya/four_wheel_vehicle/install/four_wheel_vehicle
[0.089s] -- The C compiler identification is GNU 11.4.0
[0.157s] -- The CXX compiler identification is GNU 11.4.0
[0.166s] -- Detecting C compiler ABI info
[0.229s] -- Detecting C compiler ABI info - done
[0.241s] -- Check for working C compiler: /usr/bin/cc - skipped
[0.241s] -- Detecting C compile features
[0.242s] -- Detecting C compile features - done
[0.246s] -- Detecting CXX compiler ABI info
[0.323s] -- Detecting CXX compiler ABI info - done
[0.334s] -- Check for working CXX compiler: /usr/bin/c++ - skipped
[0.334s] -- Detecting CXX compile features
[0.335s] -- Detecting CXX compile features - done
[0.339s] -- Found ament_cmake: 1.3.12 (/opt/ros/humble/share/ament_cmake/cmake)
[0.498s] -- Found Python3: /usr/bin/python3 (found version "3.10.12") found components: Interpreter 
[0.651s] -- Configuring done
[0.654s] -- Generating done
[0.656s] -- Build files have been written to: /home/tayya/four_wheel_vehicle/build/four_wheel_vehicle
[0.661s] Invoked command in '/home/tayya/four_wheel_vehicle/build/four_wheel_vehicle' returned '0': CMAKE_PREFIX_PATH=/opt/ros/humble /usr/bin/cmake /home/tayya/four_wheel_vehicle/src/four_wheel_vehicle -DCMAKE_INSTALL_PREFIX=/home/tayya/four_wheel_vehicle/install/four_wheel_vehicle
[0.662s] Invoking command in '/home/tayya/four_wheel_vehicle/build/four_wheel_vehicle': CMAKE_PREFIX_PATH=/opt/ros/humble /usr/bin/cmake --build /home/tayya/four_wheel_vehicle/build/four_wheel_vehicle -- -j8 -l8
[0.701s] Invoked command in '/home/tayya/four_wheel_vehicle/build/four_wheel_vehicle' returned '0': CMAKE_PREFIX_PATH=/opt/ros/humble /usr/bin/cmake --build /home/tayya/four_wheel_vehicle/build/four_wheel_vehicle -- -j8 -l8
[0.702s] Invoking command in '/home/tayya/four_wheel_vehicle/build/four_wheel_vehicle': CMAKE_PREFIX_PATH=/opt/ros/humble /usr/bin/cmake --install /home/tayya/four_wheel_vehicle/build/four_wheel_vehicle
[0.708s] -- Install configuration: ""
[0.708s] -- Installing: /home/tayya/four_wheel_vehicle/install/four_wheel_vehicle/share/four_wheel_vehicle//urdf
[0.709s] -- Installing: /home/tayya/four_wheel_vehicle/install/four_wheel_vehicle/share/four_wheel_vehicle//urdf/vehicle.urdf.xacro
[0.709s] -- Installing: /home/tayya/four_wheel_vehicle/install/four_wheel_vehicle/share/four_wheel_vehicle//urdf/base_gazcbo.xacro
[0.709s] -- Installing: /home/tayya/four_wheel_vehicle/install/four_wheel_vehicle/share/four_wheel_vehicle//urdf/common_properties.xacro
[0.709s] -- Installing: /home/tayya/four_wheel_vehicle/install/four_wheel_vehicle/share/four_wheel_vehicle//urdf/not_.urdf
[0.709s] -- Installing: /home/tayya/four_wheel_vehicle/install/four_wheel_vehicle/share/four_wheel_vehicle//urdf/camera.xacro
[0.709s] -- Installing: /home/tayya/four_wheel_vehicle/install/four_wheel_vehicle/share/four_wheel_vehicle//urdf/base.xacro
[0.710s] -- Installing: /home/tayya/four_wheel_vehicle/install/four_wheel_vehicle/share/four_wheel_vehicle//urdf/lidar.xacro
[0.710s] -- Installing: /home/tayya/four_wheel_vehicle/install/four_wheel_vehicle/share/four_wheel_vehicle//launch
[0.710s] -- Installing: /home/tayya/four_wheel_vehicle/install/four_wheel_vehicle/share/four_wheel_vehicle//launch/display_vehicle.launch.py
[0.710s] -- Installing: /home/tayya/four_wheel_vehicle/install/four_wheel_vehicle/share/four_wheel_vehicle//rviz
[0.710s] -- Installing: /home/tayya/four_wheel_vehicle/install/four_wheel_vehicle/share/four_wheel_vehicle//rviz/rviz_fwv.rviz
[0.710s] -- Installing: /home/tayya/four_wheel_vehicle/install/four_wheel_vehicle/share/ament_index/resource_index/package_run_dependencies/four_wheel_vehicle
[0.710s] -- Installing: /home/tayya/four_wheel_vehicle/install/four_wheel_vehicle/share/ament_index/resource_index/parent_prefix_path/four_wheel_vehicle
[0.710s] -- Installing: /home/tayya/four_wheel_vehicle/install/four_wheel_vehicle/share/four_wheel_vehicle/environment/ament_prefix_path.sh
[0.710s] -- Installing: /home/tayya/four_wheel_vehicle/install/four_wheel_vehicle/share/four_wheel_vehicle/environment/ament_prefix_path.dsv
[0.710s] -- Installing: /home/tayya/four_wheel_vehicle/install/four_wheel_vehicle/share/four_wheel_vehicle/environment/path.sh
[0.710s] -- Installing: /home/tayya/four_wheel_vehicle/install/four_wheel_vehicle/share/four_wheel_vehicle/environment/path.dsv
[0.710s] -- Installing: /home/tayya/four_wheel_vehicle/install/four_wheel_vehicle/share/four_wheel_vehicle/local_setup.bash
[0.711s] -- Installing: /home/tayya/four_wheel_vehicle/install/four_wheel_vehicle/share/four_wheel_vehicle/local_setup.sh
[0.711s] -- Installing: /home/tayya/four_wheel_vehicle/install/four_wheel_vehicle/share/four_wheel_vehicle/local_setup.zsh
[0.711s] -- Installing: /home/tayya/four_wheel_vehicle/install/four_wheel_vehicle/share/four_wheel_vehicle/local_setup.dsv
[0.711s] -- Installing: /home/tayya/four_wheel_vehicle/install/four_wheel_vehicle/share/four_wheel_vehicle/package.dsv
[0.711s] -- Installing: /home/tayya/four_wheel_vehicle/install/four_wheel_vehicle/share/ament_index/resource_index/packages/four_wheel_vehicle
[0.711s] -- Installing: /home/tayya/four_wheel_vehicle/install/four_wheel_vehicle/share/four_wheel_vehicle/cmake/four_wheel_vehicleConfig.cmake
[0.712s] -- Installing: /home/tayya/four_wheel_vehicle/install/four_wheel_vehicle/share/four_wheel_vehicle/cmake/four_wheel_vehicleConfig-version.cmake
[0.712s] -- Installing: /home/tayya/four_wheel_vehicle/install/four_wheel_vehicle/share/four_wheel_vehicle/package.xml
[0.731s] Invoked command in '/home/tayya/four_wheel_vehicle/build/four_wheel_vehicle' returned '0': CMAKE_PREFIX_PATH=/opt/ros/humble /usr/bin/cmake --install /home/tayya/four_wheel_vehicle/build/four_wheel_vehicle
