[0.517s] DEBUG:colcon:Command line arguments: ['/usr/bin/colcon', 'build']
[0.518s] DEBUG:colcon:Parsed command line arguments: Namespace(log_base=None, log_level=None, verb_name='build', build_base='build', install_base='install', merge_install=False, symlink_install=False, test_result_base=None, continue_on_error=False, executor='parallel', parallel_workers=8, event_handlers=None, ignore_user_meta=False, metas=['./colcon.meta'], base_paths=['.'], packages_ignore=None, packages_ignore_regex=None, paths=None, packages_up_to=None, packages_up_to_regex=None, packages_above=None, packages_above_and_dependencies=None, packages_above_depth=None, packages_select_by_dep=None, packages_skip_by_dep=None, packages_skip_up_to=None, packages_select_build_failed=False, packages_skip_build_finished=False, packages_select_test_failures=False, packages_skip_test_passed=False, packages_select=None, packages_skip=None, packages_select_regex=None, packages_skip_regex=None, packages_start=None, packages_end=None, allow_overriding=[], cmake_args=None, cmake_target=None, cmake_target_skip_unavailable=False, cmake_clean_cache=False, cmake_clean_first=False, cmake_force_configure=False, ament_cmake_args=None, catkin_cmake_args=None, catkin_skip_building_tests=False, mixin_files=None, mixin=None, verb_parser=<colcon_mixin.mixin.mixin_argument.MixinArgumentDecorator object at 0x7b19d624abf0>, verb_extension=<colcon_core.verb.build.BuildVerb object at 0x7b19d624a6b0>, main=<bound method BuildVerb.main of <colcon_core.verb.build.BuildVerb object at 0x7b19d624a6b0>>, mixin_verb=('build',))
[1.442s] Level 1:colcon.colcon_core.package_discovery:discover_packages(colcon_meta) check parameters
[1.443s] Level 1:colcon.colcon_core.package_discovery:discover_packages(recursive) check parameters
[1.443s] Level 1:colcon.colcon_core.package_discovery:discover_packages(ignore) check parameters
[1.443s] Level 1:colcon.colcon_core.package_discovery:discover_packages(path) check parameters
[1.443s] Level 1:colcon.colcon_core.package_discovery:discover_packages(colcon_meta) discover
[1.443s] Level 1:colcon.colcon_core.package_discovery:discover_packages(recursive) discover
[1.444s] INFO:colcon.colcon_core.package_discovery:Crawling recursively for packages in '/home/tayya/four_wheel_ws'
[1.444s] Level 1:colcon.colcon_core.package_identification:_identify(.) by extensions ['ignore', 'ignore_ament_install']
[1.445s] Level 1:colcon.colcon_core.package_identification:_identify(.) by extension 'ignore'
[1.445s] Level 1:colcon.colcon_core.package_identification:_identify(.) by extension 'ignore_ament_install'
[1.445s] Level 1:colcon.colcon_core.package_identification:_identify(.) by extensions ['colcon_pkg']
[1.446s] Level 1:colcon.colcon_core.package_identification:_identify(.) by extension 'colcon_pkg'
[1.446s] Level 1:colcon.colcon_core.package_identification:_identify(.) by extensions ['colcon_meta']
[1.446s] Level 1:colcon.colcon_core.package_identification:_identify(.) by extension 'colcon_meta'
[1.446s] Level 1:colcon.colcon_core.package_identification:_identify(.) by extensions ['ros']
[1.446s] Level 1:colcon.colcon_core.package_identification:_identify(.) by extension 'ros'
[1.499s] Level 1:colcon.colcon_core.package_identification:_identify(.) by extensions ['cmake', 'python']
[1.500s] Level 1:colcon.colcon_core.package_identification:_identify(.) by extension 'cmake'
[1.500s] Level 1:colcon.colcon_core.package_identification:_identify(.) by extension 'python'
[1.500s] Level 1:colcon.colcon_core.package_identification:_identify(.) by extensions ['python_setup_py']
[1.500s] Level 1:colcon.colcon_core.package_identification:_identify(.) by extension 'python_setup_py'
[1.501s] Level 1:colcon.colcon_core.package_identification:_identify(a) by extensions ['ignore', 'ignore_ament_install']
[1.502s] Level 1:colcon.colcon_core.package_identification:_identify(a) by extension 'ignore'
[1.502s] Level 1:colcon.colcon_core.package_identification:_identify(a) by extension 'ignore_ament_install'
[1.503s] Level 1:colcon.colcon_core.package_identification:_identify(a) by extensions ['colcon_pkg']
[1.503s] Level 1:colcon.colcon_core.package_identification:_identify(a) by extension 'colcon_pkg'
[1.503s] Level 1:colcon.colcon_core.package_identification:_identify(a) by extensions ['colcon_meta']
[1.503s] Level 1:colcon.colcon_core.package_identification:_identify(a) by extension 'colcon_meta'
[1.504s] Level 1:colcon.colcon_core.package_identification:_identify(a) by extensions ['ros']
[1.504s] Level 1:colcon.colcon_core.package_identification:_identify(a) by extension 'ros'
[1.504s] Level 1:colcon.colcon_core.package_identification:_identify(a) by extensions ['cmake', 'python']
[1.505s] Level 1:colcon.colcon_core.package_identification:_identify(a) by extension 'cmake'
[1.505s] Level 1:colcon.colcon_core.package_identification:_identify(a) by extension 'python'
[1.505s] Level 1:colcon.colcon_core.package_identification:_identify(a) by extensions ['python_setup_py']
[1.505s] Level 1:colcon.colcon_core.package_identification:_identify(a) by extension 'python_setup_py'
[1.506s] Level 1:colcon.colcon_core.package_identification:_identify(build) by extensions ['ignore', 'ignore_ament_install']
[1.506s] Level 1:colcon.colcon_core.package_identification:_identify(build) by extension 'ignore'
[1.506s] Level 1:colcon.colcon_core.package_identification:_identify(build) ignored
[1.507s] Level 1:colcon.colcon_core.package_identification:_identify(install) by extensions ['ignore', 'ignore_ament_install']
[1.507s] Level 1:colcon.colcon_core.package_identification:_identify(install) by extension 'ignore'
[1.508s] Level 1:colcon.colcon_core.package_identification:_identify(install) ignored
[1.510s] Level 1:colcon.colcon_core.package_identification:_identify(log) by extensions ['ignore', 'ignore_ament_install']
[1.510s] Level 1:colcon.colcon_core.package_identification:_identify(log) by extension 'ignore'
[1.510s] Level 1:colcon.colcon_core.package_identification:_identify(log) ignored
[1.511s] Level 1:colcon.colcon_core.package_identification:_identify(src) by extensions ['ignore', 'ignore_ament_install']
[1.511s] Level 1:colcon.colcon_core.package_identification:_identify(src) by extension 'ignore'
[1.511s] Level 1:colcon.colcon_core.package_identification:_identify(src) by extension 'ignore_ament_install'
[1.512s] Level 1:colcon.colcon_core.package_identification:_identify(src) by extensions ['colcon_pkg']
[1.512s] Level 1:colcon.colcon_core.package_identification:_identify(src) by extension 'colcon_pkg'
[1.512s] Level 1:colcon.colcon_core.package_identification:_identify(src) by extensions ['colcon_meta']
[1.512s] Level 1:colcon.colcon_core.package_identification:_identify(src) by extension 'colcon_meta'
[1.512s] Level 1:colcon.colcon_core.package_identification:_identify(src) by extensions ['ros']
[1.513s] Level 1:colcon.colcon_core.package_identification:_identify(src) by extension 'ros'
[1.513s] Level 1:colcon.colcon_core.package_identification:_identify(src) by extensions ['cmake', 'python']
[1.513s] Level 1:colcon.colcon_core.package_identification:_identify(src) by extension 'cmake'
[1.513s] Level 1:colcon.colcon_core.package_identification:_identify(src) by extension 'python'
[1.514s] Level 1:colcon.colcon_core.package_identification:_identify(src) by extensions ['python_setup_py']
[1.514s] Level 1:colcon.colcon_core.package_identification:_identify(src) by extension 'python_setup_py'
[1.514s] Level 1:colcon.colcon_core.package_identification:_identify(src/four_wheel_vehicle) by extensions ['ignore', 'ignore_ament_install']
[1.515s] Level 1:colcon.colcon_core.package_identification:_identify(src/four_wheel_vehicle) by extension 'ignore'
[1.515s] Level 1:colcon.colcon_core.package_identification:_identify(src/four_wheel_vehicle) by extension 'ignore_ament_install'
[1.515s] Level 1:colcon.colcon_core.package_identification:_identify(src/four_wheel_vehicle) by extensions ['colcon_pkg']
[1.515s] Level 1:colcon.colcon_core.package_identification:_identify(src/four_wheel_vehicle) by extension 'colcon_pkg'
[1.516s] Level 1:colcon.colcon_core.package_identification:_identify(src/four_wheel_vehicle) by extensions ['colcon_meta']
[1.516s] Level 1:colcon.colcon_core.package_identification:_identify(src/four_wheel_vehicle) by extension 'colcon_meta'
[1.516s] Level 1:colcon.colcon_core.package_identification:_identify(src/four_wheel_vehicle) by extensions ['ros']
[1.516s] Level 1:colcon.colcon_core.package_identification:_identify(src/four_wheel_vehicle) by extension 'ros'
[1.528s] DEBUG:colcon.colcon_core.package_identification:Package 'src/four_wheel_vehicle' with type 'ros.ament_cmake' and name 'four_wheel_vehicle'
[1.529s] Level 1:colcon.colcon_core.package_identification:_identify(src/robot_bringup) by extensions ['ignore', 'ignore_ament_install']
[1.529s] Level 1:colcon.colcon_core.package_identification:_identify(src/robot_bringup) by extension 'ignore'
[1.530s] Level 1:colcon.colcon_core.package_identification:_identify(src/robot_bringup) by extension 'ignore_ament_install'
[1.530s] Level 1:colcon.colcon_core.package_identification:_identify(src/robot_bringup) by extensions ['colcon_pkg']
[1.530s] Level 1:colcon.colcon_core.package_identification:_identify(src/robot_bringup) by extension 'colcon_pkg'
[1.530s] Level 1:colcon.colcon_core.package_identification:_identify(src/robot_bringup) by extensions ['colcon_meta']
[1.531s] Level 1:colcon.colcon_core.package_identification:_identify(src/robot_bringup) by extension 'colcon_meta'
[1.531s] Level 1:colcon.colcon_core.package_identification:_identify(src/robot_bringup) by extensions ['ros']
[1.531s] Level 1:colcon.colcon_core.package_identification:_identify(src/robot_bringup) by extension 'ros'
[1.534s] DEBUG:colcon.colcon_core.package_identification:Package 'src/robot_bringup' with type 'ros.ament_cmake' and name 'robot_bringup'
[1.535s] Level 1:colcon.colcon_core.package_discovery:discover_packages(recursive) using defaults
[1.535s] Level 1:colcon.colcon_core.package_discovery:discover_packages(ignore) discover
[1.535s] Level 1:colcon.colcon_core.package_discovery:discover_packages(ignore) using defaults
[1.535s] Level 1:colcon.colcon_core.package_discovery:discover_packages(path) discover
[1.535s] Level 1:colcon.colcon_core.package_discovery:discover_packages(path) using defaults
[1.665s] Level 1:colcon.colcon_core.package_discovery:discover_packages(prefix_path) check parameters
[1.666s] Level 1:colcon.colcon_core.package_discovery:discover_packages(prefix_path) discover
[1.673s] DEBUG:colcon.colcon_installed_package_information.package_discovery:Found 1 installed packages in /home/tayya/Nav2_Dock_Robot/install
[1.682s] DEBUG:colcon.colcon_installed_package_information.package_discovery:Found 391 installed packages in /opt/ros/humble
[1.692s] Level 1:colcon.colcon_core.package_discovery:discover_packages(prefix_path) using defaults
[1.957s] Level 5:colcon.colcon_core.verb:set package 'four_wheel_vehicle' build argument 'cmake_args' from command line to 'None'
[1.957s] Level 5:colcon.colcon_core.verb:set package 'four_wheel_vehicle' build argument 'cmake_target' from command line to 'None'
[1.958s] Level 5:colcon.colcon_core.verb:set package 'four_wheel_vehicle' build argument 'cmake_target_skip_unavailable' from command line to 'False'
[1.958s] Level 5:colcon.colcon_core.verb:set package 'four_wheel_vehicle' build argument 'cmake_clean_cache' from command line to 'False'
[1.958s] Level 5:colcon.colcon_core.verb:set package 'four_wheel_vehicle' build argument 'cmake_clean_first' from command line to 'False'
[1.958s] Level 5:colcon.colcon_core.verb:set package 'four_wheel_vehicle' build argument 'cmake_force_configure' from command line to 'False'
[1.958s] Level 5:colcon.colcon_core.verb:set package 'four_wheel_vehicle' build argument 'ament_cmake_args' from command line to 'None'
[1.958s] Level 5:colcon.colcon_core.verb:set package 'four_wheel_vehicle' build argument 'catkin_cmake_args' from command line to 'None'
[1.958s] Level 5:colcon.colcon_core.verb:set package 'four_wheel_vehicle' build argument 'catkin_skip_building_tests' from command line to 'False'
[1.959s] DEBUG:colcon.colcon_core.verb:Building package 'four_wheel_vehicle' with the following arguments: {'ament_cmake_args': None, 'build_base': '/home/tayya/four_wheel_ws/build/four_wheel_vehicle', 'catkin_cmake_args': None, 'catkin_skip_building_tests': False, 'cmake_args': None, 'cmake_clean_cache': False, 'cmake_clean_first': False, 'cmake_force_configure': False, 'cmake_target': None, 'cmake_target_skip_unavailable': False, 'install_base': '/home/tayya/four_wheel_ws/install/four_wheel_vehicle', 'merge_install': False, 'path': '/home/tayya/four_wheel_ws/src/four_wheel_vehicle', 'symlink_install': False, 'test_result_base': None}
[1.961s] Level 5:colcon.colcon_core.verb:set package 'robot_bringup' build argument 'cmake_args' from command line to 'None'
[1.961s] Level 5:colcon.colcon_core.verb:set package 'robot_bringup' build argument 'cmake_target' from command line to 'None'
[1.961s] Level 5:colcon.colcon_core.verb:set package 'robot_bringup' build argument 'cmake_target_skip_unavailable' from command line to 'False'
[1.961s] Level 5:colcon.colcon_core.verb:set package 'robot_bringup' build argument 'cmake_clean_cache' from command line to 'False'
[1.961s] Level 5:colcon.colcon_core.verb:set package 'robot_bringup' build argument 'cmake_clean_first' from command line to 'False'
[1.961s] Level 5:colcon.colcon_core.verb:set package 'robot_bringup' build argument 'cmake_force_configure' from command line to 'False'
[1.961s] Level 5:colcon.colcon_core.verb:set package 'robot_bringup' build argument 'ament_cmake_args' from command line to 'None'
[1.962s] Level 5:colcon.colcon_core.verb:set package 'robot_bringup' build argument 'catkin_cmake_args' from command line to 'None'
[1.962s] Level 5:colcon.colcon_core.verb:set package 'robot_bringup' build argument 'catkin_skip_building_tests' from command line to 'False'
[1.962s] DEBUG:colcon.colcon_core.verb:Building package 'robot_bringup' with the following arguments: {'ament_cmake_args': None, 'build_base': '/home/tayya/four_wheel_ws/build/robot_bringup', 'catkin_cmake_args': None, 'catkin_skip_building_tests': False, 'cmake_args': None, 'cmake_clean_cache': False, 'cmake_clean_first': False, 'cmake_force_configure': False, 'cmake_target': None, 'cmake_target_skip_unavailable': False, 'install_base': '/home/tayya/four_wheel_ws/install/robot_bringup', 'merge_install': False, 'path': '/home/tayya/four_wheel_ws/src/robot_bringup', 'symlink_install': False, 'test_result_base': None}
[1.963s] INFO:colcon.colcon_core.executor:Executing jobs using 'parallel' executor
[1.966s] DEBUG:colcon.colcon_parallel_executor.executor.parallel:run_until_complete
[1.967s] INFO:colcon.colcon_ros.task.ament_cmake.build:Building ROS package in '/home/tayya/four_wheel_ws/src/four_wheel_vehicle' with build type 'ament_cmake'
[1.967s] INFO:colcon.colcon_cmake.task.cmake.build:Building CMake package in '/home/tayya/four_wheel_ws/src/four_wheel_vehicle'
[1.980s] INFO:colcon.colcon_core.plugin_system:Skipping extension 'colcon_core.shell.bat': Not used on non-Windows systems
[1.981s] INFO:colcon.colcon_core.shell:Skip shell extension 'powershell' for command environment: Not usable outside of PowerShell
[1.981s] DEBUG:colcon.colcon_core.shell:Skip shell extension 'dsv' for command environment
[2.001s] INFO:colcon.colcon_ros.task.ament_cmake.build:Building ROS package in '/home/tayya/four_wheel_ws/src/robot_bringup' with build type 'ament_cmake'
[2.002s] INFO:colcon.colcon_cmake.task.cmake.build:Building CMake package in '/home/tayya/four_wheel_ws/src/robot_bringup'
[2.003s] INFO:colcon.colcon_core.shell:Skip shell extension 'powershell' for command environment: Not usable outside of PowerShell
[2.003s] DEBUG:colcon.colcon_core.shell:Skip shell extension 'dsv' for command environment
[2.048s] DEBUG:colcon.colcon_core.event_handler.log_command:Invoking command in '/home/tayya/four_wheel_ws/build/four_wheel_vehicle': CMAKE_PREFIX_PATH=${CMAKE_PREFIX_PATH}:/opt/ros/humble /usr/bin/cmake --build /home/tayya/four_wheel_ws/build/four_wheel_vehicle -- -j8 -l8
[2.089s] DEBUG:colcon.colcon_core.event_handler.log_command:Invoking command in '/home/tayya/four_wheel_ws/build/robot_bringup': CMAKE_PREFIX_PATH=${CMAKE_PREFIX_PATH}:/opt/ros/humble /usr/bin/cmake --build /home/tayya/four_wheel_ws/build/robot_bringup -- -j8 -l8
[2.268s] DEBUG:colcon.colcon_core.event_handler.log_command:Invoked command in '/home/tayya/four_wheel_ws/build/four_wheel_vehicle' returned '0': CMAKE_PREFIX_PATH=${CMAKE_PREFIX_PATH}:/opt/ros/humble /usr/bin/cmake --build /home/tayya/four_wheel_ws/build/four_wheel_vehicle -- -j8 -l8
[2.303s] DEBUG:colcon.colcon_core.event_handler.log_command:Invoking command in '/home/tayya/four_wheel_ws/build/four_wheel_vehicle': CMAKE_PREFIX_PATH=${CMAKE_PREFIX_PATH}:/opt/ros/humble /usr/bin/cmake --install /home/tayya/four_wheel_ws/build/four_wheel_vehicle
[2.322s] DEBUG:colcon.colcon_core.event_handler.log_command:Invoked command in '/home/tayya/four_wheel_ws/build/robot_bringup' returned '0': CMAKE_PREFIX_PATH=${CMAKE_PREFIX_PATH}:/opt/ros/humble /usr/bin/cmake --build /home/tayya/four_wheel_ws/build/robot_bringup -- -j8 -l8
[2.328s] DEBUG:colcon.colcon_core.event_handler.log_command:Invoking command in '/home/tayya/four_wheel_ws/build/robot_bringup': CMAKE_PREFIX_PATH=${CMAKE_PREFIX_PATH}:/opt/ros/humble /usr/bin/cmake --install /home/tayya/four_wheel_ws/build/robot_bringup
[2.354s] Level 1:colcon.colcon_core.environment:create_environment_scripts_only(four_wheel_vehicle)
[2.374s] DEBUG:colcon.colcon_core.event_handler.log_command:Invoked command in '/home/tayya/four_wheel_ws/build/four_wheel_vehicle' returned '0': CMAKE_PREFIX_PATH=${CMAKE_PREFIX_PATH}:/opt/ros/humble /usr/bin/cmake --install /home/tayya/four_wheel_ws/build/four_wheel_vehicle
[2.378s] Level 1:colcon.colcon_core.environment:checking '/home/tayya/four_wheel_ws/install/four_wheel_vehicle' for CMake module files
[2.382s] Level 1:colcon.colcon_core.environment:checking '/home/tayya/four_wheel_ws/install/four_wheel_vehicle' for CMake config files
[2.388s] Level 1:colcon.colcon_core.shell:create_environment_hook('four_wheel_vehicle', 'cmake_prefix_path')
[2.391s] INFO:colcon.colcon_core.shell:Creating environment hook '/home/tayya/four_wheel_ws/install/four_wheel_vehicle/share/four_wheel_vehicle/hook/cmake_prefix_path.ps1'
[2.397s] INFO:colcon.colcon_core.shell:Creating environment descriptor '/home/tayya/four_wheel_ws/install/four_wheel_vehicle/share/four_wheel_vehicle/hook/cmake_prefix_path.dsv'
[2.400s] INFO:colcon.colcon_core.shell:Creating environment hook '/home/tayya/four_wheel_ws/install/four_wheel_vehicle/share/four_wheel_vehicle/hook/cmake_prefix_path.sh'
[2.407s] Level 1:colcon.colcon_core.environment:checking '/home/tayya/four_wheel_ws/install/four_wheel_vehicle/bin'
[2.407s] Level 1:colcon.colcon_core.environment:checking '/home/tayya/four_wheel_ws/install/four_wheel_vehicle/lib/pkgconfig/four_wheel_vehicle.pc'
[2.408s] Level 1:colcon.colcon_core.environment:checking '/home/tayya/four_wheel_ws/install/four_wheel_vehicle/lib/python3.10/site-packages'
[2.409s] Level 1:colcon.colcon_core.environment:checking '/home/tayya/four_wheel_ws/install/four_wheel_vehicle/bin'
[2.411s] INFO:colcon.colcon_core.shell:Creating package script '/home/tayya/four_wheel_ws/install/four_wheel_vehicle/share/four_wheel_vehicle/package.ps1'
[2.414s] INFO:colcon.colcon_core.shell:Creating package descriptor '/home/tayya/four_wheel_ws/install/four_wheel_vehicle/share/four_wheel_vehicle/package.dsv'
[2.417s] INFO:colcon.colcon_core.shell:Creating package script '/home/tayya/four_wheel_ws/install/four_wheel_vehicle/share/four_wheel_vehicle/package.sh'
[2.420s] INFO:colcon.colcon_core.shell:Creating package script '/home/tayya/four_wheel_ws/install/four_wheel_vehicle/share/four_wheel_vehicle/package.bash'
[2.425s] INFO:colcon.colcon_core.shell:Creating package script '/home/tayya/four_wheel_ws/install/four_wheel_vehicle/share/four_wheel_vehicle/package.zsh'
[2.428s] Level 1:colcon.colcon_core.environment:create_file_with_runtime_dependencies(/home/tayya/four_wheel_ws/install/four_wheel_vehicle/share/colcon-core/packages/four_wheel_vehicle)
[2.430s] Level 1:colcon.colcon_core.environment:create_environment_scripts_only(four_wheel_vehicle)
[2.431s] Level 1:colcon.colcon_core.environment:checking '/home/tayya/four_wheel_ws/install/four_wheel_vehicle' for CMake module files
[2.433s] Level 1:colcon.colcon_core.environment:checking '/home/tayya/four_wheel_ws/install/four_wheel_vehicle' for CMake config files
[2.434s] Level 1:colcon.colcon_core.shell:create_environment_hook('four_wheel_vehicle', 'cmake_prefix_path')
[2.435s] INFO:colcon.colcon_core.shell:Creating environment hook '/home/tayya/four_wheel_ws/install/four_wheel_vehicle/share/four_wheel_vehicle/hook/cmake_prefix_path.ps1'
[2.437s] INFO:colcon.colcon_core.shell:Creating environment descriptor '/home/tayya/four_wheel_ws/install/four_wheel_vehicle/share/four_wheel_vehicle/hook/cmake_prefix_path.dsv'
[2.439s] INFO:colcon.colcon_core.shell:Creating environment hook '/home/tayya/four_wheel_ws/install/four_wheel_vehicle/share/four_wheel_vehicle/hook/cmake_prefix_path.sh'
[2.441s] Level 1:colcon.colcon_core.environment:checking '/home/tayya/four_wheel_ws/install/four_wheel_vehicle/bin'
[2.441s] Level 1:colcon.colcon_core.environment:checking '/home/tayya/four_wheel_ws/install/four_wheel_vehicle/lib/pkgconfig/four_wheel_vehicle.pc'
[2.442s] Level 1:colcon.colcon_core.environment:checking '/home/tayya/four_wheel_ws/install/four_wheel_vehicle/lib/python3.10/site-packages'
[2.443s] Level 1:colcon.colcon_core.environment:checking '/home/tayya/four_wheel_ws/install/four_wheel_vehicle/bin'
[2.445s] INFO:colcon.colcon_core.shell:Creating package script '/home/tayya/four_wheel_ws/install/four_wheel_vehicle/share/four_wheel_vehicle/package.ps1'
[2.447s] INFO:colcon.colcon_core.shell:Creating package descriptor '/home/tayya/four_wheel_ws/install/four_wheel_vehicle/share/four_wheel_vehicle/package.dsv'
[2.449s] INFO:colcon.colcon_core.shell:Creating package script '/home/tayya/four_wheel_ws/install/four_wheel_vehicle/share/four_wheel_vehicle/package.sh'
[2.451s] INFO:colcon.colcon_core.shell:Creating package script '/home/tayya/four_wheel_ws/install/four_wheel_vehicle/share/four_wheel_vehicle/package.bash'
[2.453s] INFO:colcon.colcon_core.shell:Creating package script '/home/tayya/four_wheel_ws/install/four_wheel_vehicle/share/four_wheel_vehicle/package.zsh'
[2.455s] Level 1:colcon.colcon_core.environment:create_file_with_runtime_dependencies(/home/tayya/four_wheel_ws/install/four_wheel_vehicle/share/colcon-core/packages/four_wheel_vehicle)
[2.459s] Level 1:colcon.colcon_core.environment:create_environment_scripts_only(robot_bringup)
[2.460s] Level 1:colcon.colcon_core.environment:checking '/home/tayya/four_wheel_ws/install/robot_bringup' for CMake module files
[2.463s] DEBUG:colcon.colcon_core.event_handler.log_command:Invoked command in '/home/tayya/four_wheel_ws/build/robot_bringup' returned '0': CMAKE_PREFIX_PATH=${CMAKE_PREFIX_PATH}:/opt/ros/humble /usr/bin/cmake --install /home/tayya/four_wheel_ws/build/robot_bringup
[2.464s] Level 1:colcon.colcon_core.environment:checking '/home/tayya/four_wheel_ws/install/robot_bringup' for CMake config files
[2.465s] Level 1:colcon.colcon_core.shell:create_environment_hook('robot_bringup', 'cmake_prefix_path')
[2.466s] INFO:colcon.colcon_core.shell:Creating environment hook '/home/tayya/four_wheel_ws/install/robot_bringup/share/robot_bringup/hook/cmake_prefix_path.ps1'
[2.468s] INFO:colcon.colcon_core.shell:Creating environment descriptor '/home/tayya/four_wheel_ws/install/robot_bringup/share/robot_bringup/hook/cmake_prefix_path.dsv'
[2.469s] INFO:colcon.colcon_core.shell:Creating environment hook '/home/tayya/four_wheel_ws/install/robot_bringup/share/robot_bringup/hook/cmake_prefix_path.sh'
[2.473s] Level 1:colcon.colcon_core.environment:checking '/home/tayya/four_wheel_ws/install/robot_bringup/bin'
[2.473s] Level 1:colcon.colcon_core.environment:checking '/home/tayya/four_wheel_ws/install/robot_bringup/lib/pkgconfig/robot_bringup.pc'
[2.474s] Level 1:colcon.colcon_core.environment:checking '/home/tayya/four_wheel_ws/install/robot_bringup/lib/python3.10/site-packages'
[2.475s] Level 1:colcon.colcon_core.environment:checking '/home/tayya/four_wheel_ws/install/robot_bringup/bin'
[2.477s] INFO:colcon.colcon_core.shell:Creating package script '/home/tayya/four_wheel_ws/install/robot_bringup/share/robot_bringup/package.ps1'
[2.479s] INFO:colcon.colcon_core.shell:Creating package descriptor '/home/tayya/four_wheel_ws/install/robot_bringup/share/robot_bringup/package.dsv'
[2.481s] INFO:colcon.colcon_core.shell:Creating package script '/home/tayya/four_wheel_ws/install/robot_bringup/share/robot_bringup/package.sh'
[2.482s] INFO:colcon.colcon_core.shell:Creating package script '/home/tayya/four_wheel_ws/install/robot_bringup/share/robot_bringup/package.bash'
[2.484s] INFO:colcon.colcon_core.shell:Creating package script '/home/tayya/four_wheel_ws/install/robot_bringup/share/robot_bringup/package.zsh'
[2.486s] Level 1:colcon.colcon_core.environment:create_file_with_runtime_dependencies(/home/tayya/four_wheel_ws/install/robot_bringup/share/colcon-core/packages/robot_bringup)
[2.488s] Level 1:colcon.colcon_core.environment:create_environment_scripts_only(robot_bringup)
[2.489s] Level 1:colcon.colcon_core.environment:checking '/home/tayya/four_wheel_ws/install/robot_bringup' for CMake module files
[2.491s] Level 1:colcon.colcon_core.environment:checking '/home/tayya/four_wheel_ws/install/robot_bringup' for CMake config files
[2.492s] Level 1:colcon.colcon_core.shell:create_environment_hook('robot_bringup', 'cmake_prefix_path')
[2.493s] INFO:colcon.colcon_core.shell:Creating environment hook '/home/tayya/four_wheel_ws/install/robot_bringup/share/robot_bringup/hook/cmake_prefix_path.ps1'
[2.495s] INFO:colcon.colcon_core.shell:Creating environment descriptor '/home/tayya/four_wheel_ws/install/robot_bringup/share/robot_bringup/hook/cmake_prefix_path.dsv'
[2.497s] INFO:colcon.colcon_core.shell:Creating environment hook '/home/tayya/four_wheel_ws/install/robot_bringup/share/robot_bringup/hook/cmake_prefix_path.sh'
[2.499s] Level 1:colcon.colcon_core.environment:checking '/home/tayya/four_wheel_ws/install/robot_bringup/bin'
[2.500s] Level 1:colcon.colcon_core.environment:checking '/home/tayya/four_wheel_ws/install/robot_bringup/lib/pkgconfig/robot_bringup.pc'
[2.501s] Level 1:colcon.colcon_core.environment:checking '/home/tayya/four_wheel_ws/install/robot_bringup/lib/python3.10/site-packages'
[2.502s] Level 1:colcon.colcon_core.environment:checking '/home/tayya/four_wheel_ws/install/robot_bringup/bin'
[2.503s] INFO:colcon.colcon_core.shell:Creating package script '/home/tayya/four_wheel_ws/install/robot_bringup/share/robot_bringup/package.ps1'
[2.509s] INFO:colcon.colcon_core.shell:Creating package descriptor '/home/tayya/four_wheel_ws/install/robot_bringup/share/robot_bringup/package.dsv'
[2.511s] INFO:colcon.colcon_core.shell:Creating package script '/home/tayya/four_wheel_ws/install/robot_bringup/share/robot_bringup/package.sh'
[2.513s] INFO:colcon.colcon_core.shell:Creating package script '/home/tayya/four_wheel_ws/install/robot_bringup/share/robot_bringup/package.bash'
[2.515s] INFO:colcon.colcon_core.shell:Creating package script '/home/tayya/four_wheel_ws/install/robot_bringup/share/robot_bringup/package.zsh'
[2.517s] Level 1:colcon.colcon_core.environment:create_file_with_runtime_dependencies(/home/tayya/four_wheel_ws/install/robot_bringup/share/colcon-core/packages/robot_bringup)
[2.519s] DEBUG:colcon.colcon_parallel_executor.executor.parallel:closing loop
[2.520s] DEBUG:colcon.colcon_parallel_executor.executor.parallel:loop closed
[2.521s] DEBUG:colcon.colcon_parallel_executor.executor.parallel:run_until_complete finished with '0'
[2.521s] DEBUG:colcon.colcon_core.event_reactor:joining thread
[2.541s] INFO:colcon.colcon_core.plugin_system:Skipping extension 'colcon_notification.desktop_notification.terminal_notifier': Not used on non-Darwin systems
[2.541s] INFO:colcon.colcon_core.plugin_system:Skipping extension 'colcon_notification.desktop_notification.win32': Not used on non-Windows systems
[2.542s] INFO:colcon.colcon_notification.desktop_notification:Sending desktop notification using 'notify2'
[2.601s] DEBUG:colcon.colcon_core.event_reactor:joined thread
[2.602s] INFO:colcon.colcon_core.shell:Creating prefix script '/home/tayya/four_wheel_ws/install/local_setup.ps1'
[2.609s] INFO:colcon.colcon_core.shell:Creating prefix util module '/home/tayya/four_wheel_ws/install/_local_setup_util_ps1.py'
[2.618s] INFO:colcon.colcon_core.shell:Creating prefix chain script '/home/tayya/four_wheel_ws/install/setup.ps1'
[2.624s] INFO:colcon.colcon_core.shell:Creating prefix script '/home/tayya/four_wheel_ws/install/local_setup.sh'
[2.628s] INFO:colcon.colcon_core.shell:Creating prefix util module '/home/tayya/four_wheel_ws/install/_local_setup_util_sh.py'
[2.631s] INFO:colcon.colcon_core.shell:Creating prefix chain script '/home/tayya/four_wheel_ws/install/setup.sh'
[2.641s] INFO:colcon.colcon_core.shell:Creating prefix script '/home/tayya/four_wheel_ws/install/local_setup.bash'
[2.646s] INFO:colcon.colcon_core.shell:Creating prefix chain script '/home/tayya/four_wheel_ws/install/setup.bash'
[2.651s] INFO:colcon.colcon_core.shell:Creating prefix script '/home/tayya/four_wheel_ws/install/local_setup.zsh'
[2.655s] INFO:colcon.colcon_core.shell:Creating prefix chain script '/home/tayya/four_wheel_ws/install/setup.zsh'
