[0.009s] Invoking command in '/home/tayya/four_wheel_vehicle/build/robot_bringup': CMAKE_PREFIX_PATH=/opt/ros/humble /usr/bin/cmake /home/tayya/four_wheel_vehicle/src/robot_bringup -DCMAKE_INSTALL_PREFIX=/home/tayya/four_wheel_vehicle/install/robot_bringup
[0.084s] -- The C compiler identification is GNU 11.4.0
[0.153s] -- The CXX compiler identification is GNU 11.4.0
[0.160s] -- Detecting C compiler ABI info
[0.223s] -- Detecting C compiler ABI info - done
[0.229s] -- Check for working C compiler: /usr/bin/cc - skipped
[0.230s] -- Detecting C compile features
[0.230s] -- Detecting C compile features - done
[0.234s] -- Detecting CXX compiler ABI info
[0.315s] -- Detecting CXX compiler ABI info - done
[0.329s] -- Check for working CXX compiler: /usr/bin/c++ - skipped
[0.329s] -- Detecting CXX compile features
[0.330s] -- Detecting CXX compile features - done
[0.334s] -- Found ament_cmake: 1.3.12 (/opt/ros/humble/share/ament_cmake/cmake)
[0.491s] -- Found Python3: /usr/bin/python3 (found version "3.10.12") found components: Interpreter 
[0.645s] -- Configuring done
[0.647s] -- Generating done
[0.649s] -- Build files have been written to: /home/tayya/four_wheel_vehicle/build/robot_bringup
[0.652s] Invoked command in '/home/tayya/four_wheel_vehicle/build/robot_bringup' returned '0': CMAKE_PREFIX_PATH=/opt/ros/humble /usr/bin/cmake /home/tayya/four_wheel_vehicle/src/robot_bringup -DCMAKE_INSTALL_PREFIX=/home/tayya/four_wheel_vehicle/install/robot_bringup
[0.654s] Invoking command in '/home/tayya/four_wheel_vehicle/build/robot_bringup': CMAKE_PREFIX_PATH=/opt/ros/humble /usr/bin/cmake --build /home/tayya/four_wheel_vehicle/build/robot_bringup -- -j8 -l8
[0.686s] Invoked command in '/home/tayya/four_wheel_vehicle/build/robot_bringup' returned '0': CMAKE_PREFIX_PATH=/opt/ros/humble /usr/bin/cmake --build /home/tayya/four_wheel_vehicle/build/robot_bringup -- -j8 -l8
[0.694s] Invoking command in '/home/tayya/four_wheel_vehicle/build/robot_bringup': CMAKE_PREFIX_PATH=/opt/ros/humble /usr/bin/cmake --install /home/tayya/four_wheel_vehicle/build/robot_bringup
[0.701s] -- Install configuration: ""
[0.701s] -- Installing: /home/tayya/four_wheel_vehicle/install/robot_bringup/share/robot_bringup//launch
[0.701s] -- Installing: /home/tayya/four_wheel_vehicle/install/robot_bringup/share/robot_bringup//launch/joy_tr.launch.py
[0.701s] -- Installing: /home/tayya/four_wheel_vehicle/install/robot_bringup/share/robot_bringup//launch/command.txt
[0.701s] -- Installing: /home/tayya/four_wheel_vehicle/install/robot_bringup/share/robot_bringup//launch/robot_joy_control.launch.py
[0.701s] -- Installing: /home/tayya/four_wheel_vehicle/install/robot_bringup/share/robot_bringup//launch/robot_gazebo.launch.py
[0.701s] -- Installing: /home/tayya/four_wheel_vehicle/install/robot_bringup/share/robot_bringup//rviz
[0.701s] -- Installing: /home/tayya/four_wheel_vehicle/install/robot_bringup/share/robot_bringup//rviz/gzb_rviiz.rviz
[0.701s] -- Installing: /home/tayya/four_wheel_vehicle/install/robot_bringup/share/robot_bringup//world
[0.702s] -- Installing: /home/tayya/four_wheel_vehicle/install/robot_bringup/share/robot_bringup//world/world_farm.world
[0.702s] -- Installing: /home/tayya/four_wheel_vehicle/install/robot_bringup/share/robot_bringup//map
[0.702s] -- Installing: /home/tayya/four_wheel_vehicle/install/robot_bringup/share/robot_bringup//map/farm_map.yaml
[0.702s] -- Installing: /home/tayya/four_wheel_vehicle/install/robot_bringup/share/robot_bringup//map/farm_map.pgm
[0.702s] -- Installing: /home/tayya/four_wheel_vehicle/install/robot_bringup/share/ament_index/resource_index/package_run_dependencies/robot_bringup
[0.702s] -- Installing: /home/tayya/four_wheel_vehicle/install/robot_bringup/share/ament_index/resource_index/parent_prefix_path/robot_bringup
[0.702s] -- Installing: /home/tayya/four_wheel_vehicle/install/robot_bringup/share/robot_bringup/environment/ament_prefix_path.sh
[0.703s] -- Installing: /home/tayya/four_wheel_vehicle/install/robot_bringup/share/robot_bringup/environment/ament_prefix_path.dsv
[0.703s] -- Installing: /home/tayya/four_wheel_vehicle/install/robot_bringup/share/robot_bringup/environment/path.sh
[0.703s] -- Installing: /home/tayya/four_wheel_vehicle/install/robot_bringup/share/robot_bringup/environment/path.dsv
[0.703s] -- Installing: /home/tayya/four_wheel_vehicle/install/robot_bringup/share/robot_bringup/local_setup.bash
[0.703s] -- Installing: /home/tayya/four_wheel_vehicle/install/robot_bringup/share/robot_bringup/local_setup.sh
[0.703s] -- Installing: /home/tayya/four_wheel_vehicle/install/robot_bringup/share/robot_bringup/local_setup.zsh
[0.703s] -- Installing: /home/tayya/four_wheel_vehicle/install/robot_bringup/share/robot_bringup/local_setup.dsv
[0.703s] -- Installing: /home/tayya/four_wheel_vehicle/install/robot_bringup/share/robot_bringup/package.dsv
[0.704s] -- Installing: /home/tayya/four_wheel_vehicle/install/robot_bringup/share/ament_index/resource_index/packages/robot_bringup
[0.704s] -- Installing: /home/tayya/four_wheel_vehicle/install/robot_bringup/share/robot_bringup/cmake/robot_bringupConfig.cmake
[0.704s] -- Installing: /home/tayya/four_wheel_vehicle/install/robot_bringup/share/robot_bringup/cmake/robot_bringupConfig-version.cmake
[0.704s] -- Installing: /home/tayya/four_wheel_vehicle/install/robot_bringup/share/robot_bringup/package.xml
[0.707s] Invoked command in '/home/tayya/four_wheel_vehicle/build/robot_bringup' returned '0': CMAKE_PREFIX_PATH=/opt/ros/humble /usr/bin/cmake --install /home/tayya/four_wheel_vehicle/build/robot_bringup
